{"meta": {"format": 3, "version": "7.10.3", "timestamp": "2025-09-11T11:19:37.256287", "branch_coverage": true, "show_contexts": false}, "files": {"src/__init__.py": {"executed_lines": [1, 9, 10], "summary": {"covered_lines": 2, "num_statements": 2, "percent_covered": 100.0, "percent_covered_display": "100.0", "missing_lines": 0, "excluded_lines": 0, "num_branches": 0, "num_partial_branches": 0, "covered_branches": 0, "missing_branches": 0}, "missing_lines": [], "excluded_lines": [], "executed_branches": [], "missing_branches": [], "functions": {"": {"executed_lines": [1, 9, 10], "summary": {"covered_lines": 2, "num_statements": 2, "percent_covered": 100.0, "percent_covered_display": "100.0", "missing_lines": 0, "excluded_lines": 0, "num_branches": 0, "num_partial_branches": 0, "covered_branches": 0, "missing_branches": 0}, "missing_lines": [], "excluded_lines": [], "executed_branches": [], "missing_branches": []}}, "classes": {"": {"executed_lines": [1, 9, 10], "summary": {"covered_lines": 2, "num_statements": 2, "percent_covered": 100.0, "percent_covered_display": "100.0", "missing_lines": 0, "excluded_lines": 0, "num_branches": 0, "num_partial_branches": 0, "covered_branches": 0, "missing_branches": 0}, "missing_lines": [], "excluded_lines": [], "executed_branches": [], "missing_branches": []}}}, "src/analytics/__init__.py": {"executed_lines": [1, 3, 10], "summary": {"covered_lines": 2, "num_statements": 2, "percent_covered": 100.0, "percent_covered_display": "100.0", "missing_lines": 0, "excluded_lines": 0, "num_branches": 0, "num_partial_branches": 0, "covered_branches": 0, "missing_branches": 0}, "missing_lines": [], "excluded_lines": [], "executed_branches": [], "missing_branches": [], "functions": {"": {"executed_lines": [1, 3, 10], "summary": {"covered_lines": 2, "num_statements": 2, "percent_covered": 100.0, "percent_covered_display": "100.0", "missing_lines": 0, "excluded_lines": 0, "num_branches": 0, "num_partial_branches": 0, "covered_branches": 0, "missing_branches": 0}, "missing_lines": [], "excluded_lines": [], "executed_branches": [], "missing_branches": []}}, "classes": {"": {"executed_lines": [1, 3, 10], "summary": {"covered_lines": 2, "num_statements": 2, "percent_covered": 100.0, "percent_covered_display": "100.0", "missing_lines": 0, "excluded_lines": 0, "num_branches": 0, "num_partial_branches": 0, "covered_branches": 0, "missing_branches": 0}, "missing_lines": [], "excluded_lines": [], "executed_branches": [], "missing_branches": []}}}, "src/analytics/evaluation.py": {"executed_lines": [1, 3, 5, 6, 8, 10, 17, 18, 19, 20, 21, 22, 23, 24, 27, 81, 100, 118], "summary": {"covered_lines": 17, "num_statements": 41, "percent_covered": 33.333333333333336, "percent_covered_display": "33.3", "missing_lines": 24, "excluded_lines": 0, "num_branches": 10, "num_partial_branches": 0, "covered_branches": 0, "missing_branches": 10}, "missing_lines": [39, 40, 41, 42, 43, 44, 48, 50, 53, 56, 57, 59, 60, 63, 64, 65, 68, 69, 71, 89, 107, 131, 132, 133], "excluded_lines": [], "executed_branches": [], "missing_branches": [[39, 40], [39, 41], [41, 42], [41, 50], [43, 44], [43, 48], [56, 57], [56, 59], [131, 132], [131, 133]], "functions": {"evaluate_trading_metrics": {"executed_lines": [], "summary": {"covered_lines": 0, "num_statements": 19, "percent_covered": 0.0, "percent_covered_display": "0.0", "missing_lines": 19, "excluded_lines": 0, "num_branches": 8, "num_partial_branches": 0, "covered_branches": 0, "missing_branches": 8}, "missing_lines": [39, 40, 41, 42, 43, 44, 48, 50, 53, 56, 57, 59, 60, 63, 64, 65, 68, 69, 71], "excluded_lines": [], "executed_branches": [], "missing_branches": [[39, 40], [39, 41], [41, 42], [41, 50], [43, 44], [43, 48], [56, 57], [56, 59]]}, "metrics_to_tf1_manifest": {"executed_lines": [], "summary": {"covered_lines": 0, "num_statements": 1, "percent_covered": 0.0, "percent_covered_display": "0.0", "missing_lines": 1, "excluded_lines": 0, "num_branches": 0, "num_partial_branches": 0, "covered_branches": 0, "missing_branches": 0}, "missing_lines": [89], "excluded_lines": [], "executed_branches": [], "missing_branches": []}, "metrics_to_trading_contract": {"executed_lines": [], "summary": {"covered_lines": 0, "num_statements": 1, "percent_covered": 0.0, "percent_covered_display": "0.0", "missing_lines": 1, "excluded_lines": 0, "num_branches": 0, "num_partial_branches": 0, "covered_branches": 0, "missing_branches": 0}, "missing_lines": [107], "excluded_lines": [], "executed_branches": [], "missing_branches": []}, "metrics_to_manifest": {"executed_lines": [], "summary": {"covered_lines": 0, "num_statements": 3, "percent_covered": 0.0, "percent_covered_display": "0.0", "missing_lines": 3, "excluded_lines": 0, "num_branches": 2, "num_partial_branches": 0, "covered_branches": 0, "missing_branches": 2}, "missing_lines": [131, 132, 133], "excluded_lines": [], "executed_branches": [], "missing_branches": [[131, 132], [131, 133]]}, "": {"executed_lines": [1, 3, 5, 6, 8, 10, 17, 18, 19, 20, 21, 22, 23, 24, 27, 81, 100, 118], "summary": {"covered_lines": 17, "num_statements": 17, "percent_covered": 100.0, "percent_covered_display": "100.0", "missing_lines": 0, "excluded_lines": 0, "num_branches": 0, "num_partial_branches": 0, "covered_branches": 0, "missing_branches": 0}, "missing_lines": [], "excluded_lines": [], "executed_branches": [], "missing_branches": []}}, "classes": {"TradingMetrics": {"executed_lines": [], "summary": {"covered_lines": 0, "num_statements": 0, "percent_covered": 100.0, "percent_covered_display": "100.0", "missing_lines": 0, "excluded_lines": 0, "num_branches": 0, "num_partial_branches": 0, "covered_branches": 0, "missing_branches": 0}, "missing_lines": [], "excluded_lines": [], "executed_branches": [], "missing_branches": []}, "": {"executed_lines": [1, 3, 5, 6, 8, 10, 17, 18, 19, 20, 21, 22, 23, 24, 27, 81, 100, 118], "summary": {"covered_lines": 17, "num_statements": 41, "percent_covered": 33.333333333333336, "percent_covered_display": "33.3", "missing_lines": 24, "excluded_lines": 0, "num_branches": 10, "num_partial_branches": 0, "covered_branches": 0, "missing_branches": 10}, "missing_lines": [39, 40, 41, 42, 43, 44, 48, 50, 53, 56, 57, 59, 60, 63, 64, 65, 68, 69, 71, 89, 107, 131, 132, 133], "excluded_lines": [], "executed_branches": [], "missing_branches": [[39, 40], [39, 41], [41, 42], [41, 50], [43, 44], [43, 48], [56, 57], [56, 59], [131, 132], [131, 133]]}}}, "src/analytics/financial_metrics.py": {"executed_lines": [1, 7, 9, 10, 11, 13, 16, 17, 19, 22, 39, 40, 43, 45, 46, 47, 48, 49, 50, 51, 54, 55, 58, 64, 65, 67, 69, 70, 71, 72, 75, 77, 78, 81, 97, 98, 100, 101, 102, 103, 105, 108, 109, 110, 111, 114], "summary": {"covered_lines": 45, "num_statements": 54, "percent_covered": 80.3030303030303, "percent_covered_display": "80.3", "missing_lines": 9, "excluded_lines": 0, "num_branches": 12, "num_partial_branches": 4, "covered_branches": 8, "missing_branches": 4}, "missing_lines": [41, 66, 99, 104, 122, 123, 126, 127, 128], "excluded_lines": [], "executed_branches": [[40, 43], [43, 45], [43, 54], [48, 49], [48, 51], [65, 67], [98, 100], [103, 105]], "missing_branches": [[40, 41], [65, 66], [98, 99], [103, 104]], "functions": {"_to_array": {"executed_lines": [17, 19], "summary": {"covered_lines": 2, "num_statements": 2, "percent_covered": 100.0, "percent_covered_display": "100.0", "missing_lines": 0, "excluded_lines": 0, "num_branches": 0, "num_partial_branches": 0, "covered_branches": 0, "missing_branches": 0}, "missing_lines": [], "excluded_lines": [], "executed_branches": [], "missing_branches": []}, "compute_equity_curve": {"executed_lines": [39, 40, 43, 45, 46, 47, 48, 49, 50, 51, 54, 55], "summary": {"covered_lines": 12, "num_statements": 13, "percent_covered": 89.47368421052632, "percent_covered_display": "89.5", "missing_lines": 1, "excluded_lines": 0, "num_branches": 6, "num_partial_branches": 1, "covered_branches": 5, "missing_branches": 1}, "missing_lines": [41], "excluded_lines": [], "executed_branches": [[40, 43], [43, 45], [43, 54], [48, 49], [48, 51]], "missing_branches": [[40, 41]]}, "compute_drawdown_series": {"executed_lines": [64, 65, 67, 69, 70, 71, 72], "summary": {"covered_lines": 7, "num_statements": 8, "percent_covered": 80.0, "percent_covered_display": "80.0", "missing_lines": 1, "excluded_lines": 0, "num_branches": 2, "num_partial_branches": 1, "covered_branches": 1, "missing_branches": 1}, "missing_lines": [66], "excluded_lines": [], "executed_branches": [[65, 67]], "missing_branches": [[65, 66]]}, "compute_max_drawdown": {"executed_lines": [77, 78], "summary": {"covered_lines": 2, "num_statements": 2, "percent_covered": 100.0, "percent_covered_display": "100.0", "missing_lines": 0, "excluded_lines": 0, "num_branches": 0, "num_partial_branches": 0, "covered_branches": 0, "missing_branches": 0}, "missing_lines": [], "excluded_lines": [], "executed_branches": [], "missing_branches": []}, "compute_sharpe_ratio": {"executed_lines": [97, 98, 100, 101, 102, 103, 105], "summary": {"covered_lines": 7, "num_statements": 9, "percent_covered": 69.23076923076923, "percent_covered_display": "69.2", "missing_lines": 2, "excluded_lines": 0, "num_branches": 4, "num_partial_branches": 2, "covered_branches": 2, "missing_branches": 2}, "missing_lines": [99, 104], "excluded_lines": [], "executed_branches": [[98, 100], [103, 105]], "missing_branches": [[98, 99], [103, 104]]}, "summarize_financials": {"executed_lines": [], "summary": {"covered_lines": 0, "num_statements": 5, "percent_covered": 0.0, "percent_covered_display": "0.0", "missing_lines": 5, "excluded_lines": 0, "num_branches": 0, "num_partial_branches": 0, "covered_branches": 0, "missing_branches": 0}, "missing_lines": [122, 123, 126, 127, 128], "excluded_lines": [], "executed_branches": [], "missing_branches": []}, "": {"executed_lines": [1, 7, 9, 10, 11, 13, 16, 22, 58, 75, 81, 108, 109, 110, 111, 114], "summary": {"covered_lines": 15, "num_statements": 15, "percent_covered": 100.0, "percent_covered_display": "100.0", "missing_lines": 0, "excluded_lines": 0, "num_branches": 0, "num_partial_branches": 0, "covered_branches": 0, "missing_branches": 0}, "missing_lines": [], "excluded_lines": [], "executed_branches": [], "missing_branches": []}}, "classes": {"FinancialSummary": {"executed_lines": [], "summary": {"covered_lines": 0, "num_statements": 0, "percent_covered": 100.0, "percent_covered_display": "100.0", "missing_lines": 0, "excluded_lines": 0, "num_branches": 0, "num_partial_branches": 0, "covered_branches": 0, "missing_branches": 0}, "missing_lines": [], "excluded_lines": [], "executed_branches": [], "missing_branches": []}, "": {"executed_lines": [1, 7, 9, 10, 11, 13, 16, 17, 19, 22, 39, 40, 43, 45, 46, 47, 48, 49, 50, 51, 54, 55, 58, 64, 65, 67, 69, 70, 71, 72, 75, 77, 78, 81, 97, 98, 100, 101, 102, 103, 105, 108, 109, 110, 111, 114], "summary": {"covered_lines": 45, "num_statements": 54, "percent_covered": 80.3030303030303, "percent_covered_display": "80.3", "missing_lines": 9, "excluded_lines": 0, "num_branches": 12, "num_partial_branches": 4, "covered_branches": 8, "missing_branches": 4}, "missing_lines": [41, 66, 99, 104, 122, 123, 126, 127, 128], "excluded_lines": [], "executed_branches": [[40, 43], [43, 45], [43, 54], [48, 49], [48, 51], [65, 67], [98, 100], [103, 105]], "missing_branches": [[40, 41], [65, 66], [98, 99], [103, 104]]}}}, "src/api.py": {"executed_lines": [1, 8, 10, 11, 14, 17, 18, 19, 20, 22, 26, 29, 32, 35, 38, 39, 42, 43, 44, 45, 46, 47, 48, 49, 50, 51, 52, 53, 54, 55, 56, 57, 58, 59, 60, 61, 63, 64, 65, 66, 70, 71, 72, 75, 76, 77, 80, 81, 82, 85, 86, 87, 92, 93, 94, 97, 98, 99, 102, 103, 107, 108, 109, 112, 113, 117, 118, 122, 123, 127, 128, 132, 133, 134, 137, 138, 142, 143, 147, 148, 152, 153, 157, 158, 162, 163, 167, 168, 172, 173, 177, 178, 182, 183, 187, 188, 189, 191, 192, 193, 196], "summary": {"covered_lines": 100, "num_statements": 115, "percent_covered": 87.17948717948718, "percent_covered_display": "87.2", "missing_lines": 15, "excluded_lines": 0, "num_branches": 2, "num_partial_branches": 0, "covered_branches": 2, "missing_branches": 0}, "missing_lines": [104, 114, 119, 124, 129, 139, 144, 149, 154, 159, 164, 169, 174, 179, 184], "excluded_lines": [], "executed_branches": [[188, 189], [188, 193]], "missing_branches": [], "functions": {"_export": {"executed_lines": [18, 22], "summary": {"covered_lines": 2, "num_statements": 2, "percent_covered": 100.0, "percent_covered_display": "100.0", "missing_lines": 0, "excluded_lines": 0, "num_branches": 0, "num_partial_branches": 0, "covered_branches": 0, "missing_branches": 0}, "missing_lines": [], "excluded_lines": [], "executed_branches": [], "missing_branches": []}, "_export.dec": {"executed_lines": [19, 20], "summary": {"covered_lines": 2, "num_statements": 2, "percent_covered": 100.0, "percent_covered_display": "100.0", "missing_lines": 0, "excluded_lines": 0, "num_branches": 0, "num_partial_branches": 0, "covered_branches": 0, "missing_branches": 0}, "missing_lines": [], "excluded_lines": [], "executed_branches": [], "missing_branches": []}, "_load_ml_signal_executor": {"executed_lines": [72], "summary": {"covered_lines": 1, "num_statements": 1, "percent_covered": 100.0, "percent_covered_display": "100.0", "missing_lines": 0, "excluded_lines": 0, "num_branches": 0, "num_partial_branches": 0, "covered_branches": 0, "missing_branches": 0}, "missing_lines": [], "excluded_lines": [], "executed_branches": [], "missing_branches": []}, "_load_ml_risk_manager": {"executed_lines": [77], "summary": {"covered_lines": 1, "num_statements": 1, "percent_covered": 100.0, "percent_covered_display": "100.0", "missing_lines": 0, "excluded_lines": 0, "num_branches": 0, "num_partial_branches": 0, "covered_branches": 0, "missing_branches": 0}, "missing_lines": [], "excluded_lines": [], "executed_branches": [], "missing_branches": []}, "_load_ml_performance_monitor": {"executed_lines": [82], "summary": {"covered_lines": 1, "num_statements": 1, "percent_covered": 100.0, "percent_covered_display": "100.0", "missing_lines": 0, "excluded_lines": 0, "num_branches": 0, "num_partial_branches": 0, "covered_branches": 0, "missing_branches": 0}, "missing_lines": [], "excluded_lines": [], "executed_branches": [], "missing_branches": []}, "_load_ml_order_management_service": {"executed_lines": [87], "summary": {"covered_lines": 1, "num_statements": 1, "percent_covered": 100.0, "percent_covered_display": "100.0", "missing_lines": 0, "excluded_lines": 0, "num_branches": 0, "num_partial_branches": 0, "covered_branches": 0, "missing_branches": 0}, "missing_lines": [], "excluded_lines": [], "executed_branches": [], "missing_branches": []}, "_load_stock": {"executed_lines": [94], "summary": {"covered_lines": 1, "num_statements": 1, "percent_covered": 100.0, "percent_covered_display": "100.0", "missing_lines": 0, "excluded_lines": 0, "num_branches": 0, "num_partial_branches": 0, "covered_branches": 0, "missing_branches": 0}, "missing_lines": [], "excluded_lines": [], "executed_branches": [], "missing_branches": []}, "_load_forex": {"executed_lines": [99], "summary": {"covered_lines": 1, "num_statements": 1, "percent_covered": 100.0, "percent_covered_display": "100.0", "missing_lines": 0, "excluded_lines": 0, "num_branches": 0, "num_partial_branches": 0, "covered_branches": 0, "missing_branches": 0}, "missing_lines": [], "excluded_lines": [], "executed_branches": [], "missing_branches": []}, "_load_future": {"executed_lines": [], "summary": {"covered_lines": 0, "num_statements": 1, "percent_covered": 0.0, "percent_covered_display": "0.0", "missing_lines": 1, "excluded_lines": 0, "num_branches": 0, "num_partial_branches": 0, "covered_branches": 0, "missing_branches": 0}, "missing_lines": [104], "excluded_lines": [], "executed_branches": [], "missing_branches": []}, "_load_req_hist": {"executed_lines": [109], "summary": {"covered_lines": 1, "num_statements": 1, "percent_covered": 100.0, "percent_covered_display": "100.0", "missing_lines": 0, "excluded_lines": 0, "num_branches": 0, "num_partial_branches": 0, "covered_branches": 0, "missing_branches": 0}, "missing_lines": [], "excluded_lines": [], "executed_branches": [], "missing_branches": []}, "_load_req_mkt_depth": {"executed_lines": [], "summary": {"covered_lines": 0, "num_statements": 1, "percent_covered": 0.0, "percent_covered_display": "0.0", "missing_lines": 1, "excluded_lines": 0, "num_branches": 0, "num_partial_branches": 0, "covered_branches": 0, "missing_branches": 0}, "missing_lines": [114], "excluded_lines": [], "executed_branches": [], "missing_branches": []}, "_load_req_tbd": {"executed_lines": [], "summary": {"covered_lines": 0, "num_statements": 1, "percent_covered": 0.0, "percent_covered_display": "0.0", "missing_lines": 1, "excluded_lines": 0, "num_branches": 0, "num_partial_branches": 0, "covered_branches": 0, "missing_branches": 0}, "missing_lines": [119], "excluded_lines": [], "executed_branches": [], "missing_branches": []}, "_load_get_ib": {"executed_lines": [], "summary": {"covered_lines": 0, "num_statements": 1, "percent_covered": 0.0, "percent_covered_display": "0.0", "missing_lines": 1, "excluded_lines": 0, "num_branches": 0, "num_partial_branches": 0, "covered_branches": 0, "missing_branches": 0}, "missing_lines": [124], "excluded_lines": [], "executed_branches": [], "missing_branches": []}, "_load_close_ib": {"executed_lines": [], "summary": {"covered_lines": 0, "num_statements": 1, "percent_covered": 0.0, "percent_covered_display": "0.0", "missing_lines": 1, "excluded_lines": 0, "num_branches": 0, "num_partial_branches": 0, "covered_branches": 0, "missing_branches": 0}, "missing_lines": [129], "excluded_lines": [], "executed_branches": [], "missing_branches": []}, "_load_ib_client_available": {"executed_lines": [134], "summary": {"covered_lines": 1, "num_statements": 1, "percent_covered": 100.0, "percent_covered_display": "100.0", "missing_lines": 0, "excluded_lines": 0, "num_branches": 0, "num_partial_branches": 0, "covered_branches": 0, "missing_branches": 0}, "missing_lines": [], "excluded_lines": [], "executed_branches": [], "missing_branches": []}, "_load_ib_unavailable_error": {"executed_lines": [], "summary": {"covered_lines": 0, "num_statements": 1, "percent_covered": 0.0, "percent_covered_display": "0.0", "missing_lines": 1, "excluded_lines": 0, "num_branches": 0, "num_partial_branches": 0, "covered_branches": 0, "missing_branches": 0}, "missing_lines": [139], "excluded_lines": [], "executed_branches": [], "missing_branches": []}, "_load_rate_limiter": {"executed_lines": [], "summary": {"covered_lines": 0, "num_statements": 1, "percent_covered": 0.0, "percent_covered_display": "0.0", "missing_lines": 1, "excluded_lines": 0, "num_branches": 0, "num_partial_branches": 0, "covered_branches": 0, "missing_branches": 0}, "missing_lines": [144], "excluded_lines": [], "executed_branches": [], "missing_branches": []}, "_load_gather_bounded": {"executed_lines": [], "summary": {"covered_lines": 0, "num_statements": 1, "percent_covered": 0.0, "percent_covered_display": "0.0", "missing_lines": 1, "excluded_lines": 0, "num_branches": 0, "num_partial_branches": 0, "covered_branches": 0, "missing_branches": 0}, "missing_lines": [149], "excluded_lines": [], "executed_branches": [], "missing_branches": []}, "_load_with_retry": {"executed_lines": [], "summary": {"covered_lines": 0, "num_statements": 1, "percent_covered": 0.0, "percent_covered_display": "0.0", "missing_lines": 1, "excluded_lines": 0, "num_branches": 0, "num_partial_branches": 0, "covered_branches": 0, "missing_branches": 0}, "missing_lines": [154], "excluded_lines": [], "executed_branches": [], "missing_branches": []}, "_load_bar_row": {"executed_lines": [], "summary": {"covered_lines": 0, "num_statements": 1, "percent_covered": 0.0, "percent_covered_display": "0.0", "missing_lines": 1, "excluded_lines": 0, "num_branches": 0, "num_partial_branches": 0, "covered_branches": 0, "missing_branches": 0}, "missing_lines": [159], "excluded_lines": [], "executed_branches": [], "missing_branches": []}, "_load_bar_size": {"executed_lines": [], "summary": {"covered_lines": 0, "num_statements": 1, "percent_covered": 0.0, "percent_covered_display": "0.0", "missing_lines": 1, "excluded_lines": 0, "num_branches": 0, "num_partial_branches": 0, "covered_branches": 0, "missing_branches": 0}, "missing_lines": [164], "excluded_lines": [], "executed_branches": [], "missing_branches": []}, "_load_market_snapshot": {"executed_lines": [], "summary": {"covered_lines": 0, "num_statements": 1, "percent_covered": 0.0, "percent_covered_display": "0.0", "missing_lines": 1, "excluded_lines": 0, "num_branches": 0, "num_partial_branches": 0, "covered_branches": 0, "missing_branches": 0}, "missing_lines": [169], "excluded_lines": [], "executed_branches": [], "missing_branches": []}, "_load_tick_record": {"executed_lines": [], "summary": {"covered_lines": 0, "num_statements": 1, "percent_covered": 0.0, "percent_covered_display": "0.0", "missing_lines": 1, "excluded_lines": 0, "num_branches": 0, "num_partial_branches": 0, "covered_branches": 0, "missing_branches": 0}, "missing_lines": [174], "excluded_lines": [], "executed_branches": [], "missing_branches": []}, "_load_tick_type": {"executed_lines": [], "summary": {"covered_lines": 0, "num_statements": 1, "percent_covered": 0.0, "percent_covered_display": "0.0", "missing_lines": 1, "excluded_lines": 0, "num_branches": 0, "num_partial_branches": 0, "covered_branches": 0, "missing_branches": 0}, "missing_lines": [179], "excluded_lines": [], "executed_branches": [], "missing_branches": []}, "_load_what_to_show": {"executed_lines": [], "summary": {"covered_lines": 0, "num_statements": 1, "percent_covered": 0.0, "percent_covered_display": "0.0", "missing_lines": 1, "excluded_lines": 0, "num_branches": 0, "num_partial_branches": 0, "covered_branches": 0, "missing_branches": 0}, "missing_lines": [184], "excluded_lines": [], "executed_branches": [], "missing_branches": []}, "__getattr__": {"executed_lines": [188, 189, 191, 192, 193], "summary": {"covered_lines": 5, "num_statements": 5, "percent_covered": 100.0, "percent_covered_display": "100.0", "missing_lines": 0, "excluded_lines": 0, "num_branches": 2, "num_partial_branches": 0, "covered_branches": 2, "missing_branches": 0}, "missing_lines": [], "excluded_lines": [], "executed_branches": [[188, 189], [188, 193]], "missing_branches": []}, "": {"executed_lines": [1, 8, 10, 11, 14, 17, 26, 29, 32, 35, 38, 39, 42, 43, 44, 45, 46, 47, 48, 49, 50, 51, 52, 53, 54, 55, 56, 57, 58, 59, 60, 61, 63, 64, 65, 66, 70, 71, 75, 76, 80, 81, 85, 86, 92, 93, 97, 98, 102, 103, 107, 108, 112, 113, 117, 118, 122, 123, 127, 128, 132, 133, 137, 138, 142, 143, 147, 148, 152, 153, 157, 158, 162, 163, 167, 168, 172, 173, 177, 178, 182, 183, 187, 196], "summary": {"covered_lines": 83, "num_statements": 83, "percent_covered": 100.0, "percent_covered_display": "100.0", "missing_lines": 0, "excluded_lines": 0, "num_branches": 0, "num_partial_branches": 0, "covered_branches": 0, "missing_branches": 0}, "missing_lines": [], "excluded_lines": [], "executed_branches": [], "missing_branches": []}}, "classes": {"": {"executed_lines": [1, 8, 10, 11, 14, 17, 18, 19, 20, 22, 26, 29, 32, 35, 38, 39, 42, 43, 44, 45, 46, 47, 48, 49, 50, 51, 52, 53, 54, 55, 56, 57, 58, 59, 60, 61, 63, 64, 65, 66, 70, 71, 72, 75, 76, 77, 80, 81, 82, 85, 86, 87, 92, 93, 94, 97, 98, 99, 102, 103, 107, 108, 109, 112, 113, 117, 118, 122, 123, 127, 128, 132, 133, 134, 137, 138, 142, 143, 147, 148, 152, 153, 157, 158, 162, 163, 167, 168, 172, 173, 177, 178, 182, 183, 187, 188, 189, 191, 192, 193, 196], "summary": {"covered_lines": 100, "num_statements": 115, "percent_covered": 87.17948717948718, "percent_covered_display": "87.2", "missing_lines": 15, "excluded_lines": 0, "num_branches": 2, "num_partial_branches": 0, "covered_branches": 2, "missing_branches": 0}, "missing_lines": [104, 114, 119, 124, 129, 139, 144, 149, 154, 159, 164, 169, 174, 179, 184], "excluded_lines": [], "executed_branches": [[188, 189], [188, 193]], "missing_branches": []}}}, "src/core/__init__.py": {"executed_lines": [2, 13, 23, 36, 48, 79, 104, 106], "summary": {"covered_lines": 7, "num_statements": 11, "percent_covered": 53.84615384615385, "percent_covered_display": "53.8", "missing_lines": 4, "excluded_lines": 0, "num_branches": 2, "num_partial_branches": 0, "covered_branches": 0, "missing_branches": 2}, "missing_lines": [89, 90, 92, 99], "excluded_lines": [], "executed_branches": [], "missing_branches": [[89, 90], [89, 92]], "functions": {"setup_trading_system": {"executed_lines": [], "summary": {"covered_lines": 0, "num_statements": 4, "percent_covered": 0.0, "percent_covered_display": "0.0", "missing_lines": 4, "excluded_lines": 0, "num_branches": 2, "num_partial_branches": 0, "covered_branches": 0, "missing_branches": 2}, "missing_lines": [89, 90, 92, 99], "excluded_lines": [], "executed_branches": [], "missing_branches": [[89, 90], [89, 92]]}, "": {"executed_lines": [2, 13, 23, 36, 48, 79, 104, 106], "summary": {"covered_lines": 7, "num_statements": 7, "percent_covered": 100.0, "percent_covered_display": "100.0", "missing_lines": 0, "excluded_lines": 0, "num_branches": 0, "num_partial_branches": 0, "covered_branches": 0, "missing_branches": 0}, "missing_lines": [], "excluded_lines": [], "executed_branches": [], "missing_branches": []}}, "classes": {"": {"executed_lines": [2, 13, 23, 36, 48, 79, 104, 106], "summary": {"covered_lines": 7, "num_statements": 11, "percent_covered": 53.84615384615385, "percent_covered_display": "53.8", "missing_lines": 4, "excluded_lines": 0, "num_branches": 2, "num_partial_branches": 0, "covered_branches": 0, "missing_branches": 2}, "missing_lines": [89, 90, 92, 99], "excluded_lines": [], "executed_branches": [], "missing_branches": [[89, 90], [89, 92]]}}}, "src/core/config.py": {"executed_lines": [4, 6, 7, 8, 9, 10, 11, 14, 15, 16, 17, 20, 21, 22, 23, 24, 25, 26, 27, 28, 29, 30, 32, 33, 34, 37, 38, 40, 51, 52, 53, 54, 55, 56, 57, 59, 60, 61, 62, 63, 64, 66, 67, 68, 71, 72, 73, 74, 75, 76, 77, 79, 80, 81, 84, 85, 86, 87, 88, 89, 90, 91, 92, 95, 97, 98, 103, 104, 109, 110, 114, 117, 124, 125, 126, 127, 128, 129, 130, 131, 132, 133, 134, 135, 136, 137, 138, 141, 151, 152, 154, 155, 156, 157, 162, 163, 164, 165, 166, 167, 168, 220, 221, 246, 247, 248, 249, 250, 251, 254, 255, 257, 258, 259, 260, 262, 265, 266, 267, 268, 269, 272, 278, 279, 280, 281, 290, 291, 296, 297, 298, 300, 301, 302, 303, 304, 305, 306, 309, 313, 315, 316, 317, 318, 319, 321, 323, 324, 326, 338, 342, 346, 350, 360, 368, 376, 379, 380, 381, 382, 394, 395, 396, 397, 398, 399, 400, 401, 402, 404, 405, 406, 409, 412, 413, 414, 416, 417, 419, 420, 421, 422, 423, 426, 427, 430, 441, 445, 448, 452, 455, 457, 458, 459, 462, 468, 472, 476], "summary": {"covered_lines": 188, "num_statements": 235, "percent_covered": 77.31958762886597, "percent_covered_display": "77.3", "missing_lines": 47, "excluded_lines": 23, "num_branches": 56, "num_partial_branches": 5, "covered_branches": 37, "missing_branches": 19}, "missing_lines": [42, 43, 48, 99, 100, 111, 112, 113, 263, 307, 310, 311, 328, 329, 334, 335, 336, 340, 344, 348, 352, 362, 369, 370, 371, 373, 374, 403, 410, 424, 431, 432, 433, 434, 435, 436, 437, 439, 442, 443, 446, 449, 464, 465, 469, 473, 477], "excluded_lines": [141, 142, 143, 144, 145, 146, 147, 148, 149, 150, 151, 152, 153, 154, 155, 156, 157, 158, 159, 254, 255, 270, 271], "executed_branches": [[33, 34], [33, 37], [37, -32], [37, 38], [67, -66], [67, 68], [80, -79], [80, 81], [110, 114], [126, 127], [126, 138], [128, 129], [128, 130], [133, 134], [133, 135], [135, 136], [135, 137], [258, 259], [258, 262], [262, -257], [266, 267], [266, 272], [301, 302], [301, 303], [303, 304], [303, 305], [305, 306], [394, 395], [394, 398], [398, 399], [398, 402], [402, 404], [404, 405], [404, 406], [421, 422], [457, 458], [457, 459]], "missing_branches": [[42, 43], [42, 48], [110, 111], [262, 263], [305, 307], [334, 335], [334, 336], [369, 370], [369, 371], [371, 373], [371, 374], [402, 403], [421, 424], [432, 433], [432, 434], [434, 435], [434, 436], [436, 437], [436, 439]], "functions": {"IBConnectionConfig.validate": {"executed_lines": [33, 34, 37, 38], "summary": {"covered_lines": 4, "num_statements": 4, "percent_covered": 100.0, "percent_covered_display": "100.0", "missing_lines": 0, "excluded_lines": 0, "num_branches": 4, "num_partial_branches": 0, "covered_branches": 4, "missing_branches": 0}, "missing_lines": [], "excluded_lines": [], "executed_branches": [[33, 34], [33, 37], [37, -32], [37, 38]], "missing_branches": []}, "IBConnectionConfig.get_port_for_mode": {"executed_lines": [], "summary": {"covered_lines": 0, "num_statements": 3, "percent_covered": 0.0, "percent_covered_display": "0.0", "missing_lines": 3, "excluded_lines": 0, "num_branches": 2, "num_partial_branches": 0, "covered_branches": 0, "missing_branches": 2}, "missing_lines": [42, 43, 48], "excluded_lines": [], "executed_branches": [], "missing_branches": [[42, 43], [42, 48]]}, "DataPathConfig.__post_init__": {"executed_lines": [60, 61, 62, 63, 64], "summary": {"covered_lines": 5, "num_statements": 5, "percent_covered": 100.0, "percent_covered_display": "100.0", "missing_lines": 0, "excluded_lines": 0, "num_branches": 0, "num_partial_branches": 0, "covered_branches": 0, "missing_branches": 0}, "missing_lines": [], "excluded_lines": [], "executed_branches": [], "missing_branches": []}, "DataPathConfig.create_directories": {"executed_lines": [67, 68], "summary": {"covered_lines": 2, "num_statements": 2, "percent_covered": 100.0, "percent_covered_display": "100.0", "missing_lines": 0, "excluded_lines": 0, "num_branches": 2, "num_partial_branches": 0, "covered_branches": 2, "missing_branches": 0}, "missing_lines": [], "excluded_lines": [], "executed_branches": [[67, -66], [67, 68]], "missing_branches": []}, "DataUpdateConfig.__post_init__": {"executed_lines": [80, 81], "summary": {"covered_lines": 2, "num_statements": 2, "percent_covered": 100.0, "percent_covered_display": "100.0", "missing_lines": 0, "excluded_lines": 0, "num_branches": 2, "num_partial_branches": 0, "covered_branches": 2, "missing_branches": 0}, "missing_lines": [], "excluded_lines": [], "executed_branches": [[80, -79], [80, 81]], "missing_branches": []}, "_is_wsl_runtime": {"executed_lines": [97, 98], "summary": {"covered_lines": 2, "num_statements": 4, "percent_covered": 50.0, "percent_covered_display": "50.0", "missing_lines": 2, "excluded_lines": 0, "num_branches": 0, "num_partial_branches": 0, "covered_branches": 0, "missing_branches": 0}, "missing_lines": [99, 100], "excluded_lines": [], "executed_branches": [], "missing_branches": []}, "_looks_like_windows_drive_path": {"executed_lines": [104], "summary": {"covered_lines": 1, "num_statements": 1, "percent_covered": 100.0, "percent_covered_display": "100.0", "missing_lines": 0, "excluded_lines": 0, "num_branches": 0, "num_partial_branches": 0, "covered_branches": 0, "missing_branches": 0}, "missing_lines": [], "excluded_lines": [], "executed_branches": [], "missing_branches": []}, "_normalize_windows_path_if_wsl": {"executed_lines": [110, 114], "summary": {"covered_lines": 2, "num_statements": 5, "percent_covered": 42.857142857142854, "percent_covered_display": "42.9", "missing_lines": 3, "excluded_lines": 0, "num_branches": 2, "num_partial_branches": 1, "covered_branches": 1, "missing_branches": 1}, "missing_lines": [111, 112, 113], "excluded_lines": [], "executed_branches": [[110, 114]], "missing_branches": [[110, 111]]}, "_parse_dotenv_lines": {"executed_lines": [124, 125, 126, 127, 128, 129, 130, 131, 132, 133, 134, 135, 136, 137, 138], "summary": {"covered_lines": 15, "num_statements": 15, "percent_covered": 100.0, "percent_covered_display": "100.0", "missing_lines": 0, "excluded_lines": 0, "num_branches": 8, "num_partial_branches": 0, "covered_branches": 8, "missing_branches": 0}, "missing_lines": [], "excluded_lines": [], "executed_branches": [[126, 127], [126, 138], [128, 129], [128, 130], [133, 134], [133, 135], [135, 136], [135, 137]], "missing_branches": []}, "_load_dotenv": {"executed_lines": [151, 152, 154, 155, 156, 157], "summary": {"covered_lines": 0, "num_statements": 0, "percent_covered": 100.0, "percent_covered_display": "100.0", "missing_lines": 0, "excluded_lines": 18, "num_branches": 0, "num_partial_branches": 0, "covered_branches": 0, "missing_branches": 0}, "missing_lines": [], "excluded_lines": [142, 143, 144, 145, 146, 147, 148, 149, 150, 151, 152, 153, 154, 155, 156, 157, 158, 159], "executed_branches": [], "missing_branches": []}, "ConfigManager.__init__": {"executed_lines": [164, 165, 166, 167, 168, 220, 221, 246, 247, 248, 249, 250, 251], "summary": {"covered_lines": 13, "num_statements": 13, "percent_covered": 100.0, "percent_covered_display": "100.0", "missing_lines": 0, "excluded_lines": 0, "num_branches": 0, "num_partial_branches": 0, "covered_branches": 0, "missing_branches": 0}, "missing_lines": [], "excluded_lines": [], "executed_branches": [], "missing_branches": []}, "ConfigManager._get_config_file_path": {"executed_lines": [255], "summary": {"covered_lines": 0, "num_statements": 0, "percent_covered": 100.0, "percent_covered_display": "100.0", "missing_lines": 0, "excluded_lines": 1, "num_branches": 0, "num_partial_branches": 0, "covered_branches": 0, "missing_branches": 0}, "missing_lines": [], "excluded_lines": [255], "executed_branches": [], "missing_branches": []}, "ConfigManager._apply_environment_overrides": {"executed_lines": [258, 259, 260, 262], "summary": {"covered_lines": 4, "num_statements": 5, "percent_covered": 77.77777777777777, "percent_covered_display": "77.8", "missing_lines": 1, "excluded_lines": 0, "num_branches": 4, "num_partial_branches": 1, "covered_branches": 3, "missing_branches": 1}, "missing_lines": [263], "excluded_lines": [], "executed_branches": [[258, 259], [258, 262], [262, -257]], "missing_branches": [[262, 263]]}, "ConfigManager._load_config": {"executed_lines": [266, 267, 268, 269, 272], "summary": {"covered_lines": 5, "num_statements": 5, "percent_covered": 100.0, "percent_covered_display": "100.0", "missing_lines": 0, "excluded_lines": 2, "num_branches": 2, "num_partial_branches": 0, "covered_branches": 2, "missing_branches": 0}, "missing_lines": [], "excluded_lines": [270, 271], "executed_branches": [[266, 267], [266, 272]], "missing_branches": []}, "ConfigManager._get_platform_paths": {"executed_lines": [279, 280, 281], "summary": {"covered_lines": 3, "num_statements": 3, "percent_covered": 100.0, "percent_covered_display": "100.0", "missing_lines": 0, "excluded_lines": 0, "num_branches": 0, "num_partial_branches": 0, "covered_branches": 0, "missing_branches": 0}, "missing_lines": [], "excluded_lines": [], "executed_branches": [], "missing_branches": []}, "ConfigManager.save_config": {"executed_lines": [291, 296, 297, 298], "summary": {"covered_lines": 4, "num_statements": 4, "percent_covered": 100.0, "percent_covered_display": "100.0", "missing_lines": 0, "excluded_lines": 0, "num_branches": 0, "num_partial_branches": 0, "covered_branches": 0, "missing_branches": 0}, "missing_lines": [], "excluded_lines": [], "executed_branches": [], "missing_branches": []}, "ConfigManager.get_env": {"executed_lines": [301, 302, 303, 304, 305, 306], "summary": {"covered_lines": 6, "num_statements": 7, "percent_covered": 84.61538461538461, "percent_covered_display": "84.6", "missing_lines": 1, "excluded_lines": 0, "num_branches": 6, "num_partial_branches": 1, "covered_branches": 5, "missing_branches": 1}, "missing_lines": [307], "excluded_lines": [], "executed_branches": [[301, 302], [301, 303], [303, 304], [303, 305], [305, 306]], "missing_branches": [[305, 307]]}, "ConfigManager.get_env_path": {"executed_lines": [], "summary": {"covered_lines": 0, "num_statements": 2, "percent_covered": 0.0, "percent_covered_display": "0.0", "missing_lines": 2, "excluded_lines": 0, "num_branches": 0, "num_partial_branches": 0, "covered_branches": 0, "missing_branches": 0}, "missing_lines": [310, 311], "excluded_lines": [], "executed_branches": [], "missing_branches": []}, "ConfigManager.get_env_int": {"executed_lines": [315, 316, 317, 318, 319], "summary": {"covered_lines": 5, "num_statements": 5, "percent_covered": 100.0, "percent_covered_display": "100.0", "missing_lines": 0, "excluded_lines": 0, "num_branches": 0, "num_partial_branches": 0, "covered_branches": 0, "missing_branches": 0}, "missing_lines": [], "excluded_lines": [], "executed_branches": [], "missing_branches": []}, "ConfigManager.get_env_bool": {"executed_lines": [323, 324], "summary": {"covered_lines": 2, "num_statements": 2, "percent_covered": 100.0, "percent_covered_display": "100.0", "missing_lines": 0, "excluded_lines": 0, "num_branches": 0, "num_partial_branches": 0, "covered_branches": 0, "missing_branches": 0}, "missing_lines": [], "excluded_lines": [], "executed_branches": [], "missing_branches": []}, "ConfigManager.get_csv_file_path": {"executed_lines": [], "summary": {"covered_lines": 0, "num_statements": 5, "percent_covered": 0.0, "percent_covered_display": "0.0", "missing_lines": 5, "excluded_lines": 0, "num_branches": 2, "num_partial_branches": 0, "covered_branches": 0, "missing_branches": 2}, "missing_lines": [328, 329, 334, 335, 336], "excluded_lines": [], "executed_branches": [], "missing_branches": [[334, 335], [334, 336]]}, "ConfigManager.get_files_dir": {"executed_lines": [], "summary": {"covered_lines": 0, "num_statements": 1, "percent_covered": 0.0, "percent_covered_display": "0.0", "missing_lines": 1, "excluded_lines": 0, "num_branches": 0, "num_partial_branches": 0, "covered_branches": 0, "missing_branches": 0}, "missing_lines": [340], "excluded_lines": [], "executed_branches": [], "missing_branches": []}, "ConfigManager.get_cache_dir": {"executed_lines": [], "summary": {"covered_lines": 0, "num_statements": 1, "percent_covered": 0.0, "percent_covered_display": "0.0", "missing_lines": 1, "excluded_lines": 0, "num_branches": 0, "num_partial_branches": 0, "covered_branches": 0, "missing_branches": 0}, "missing_lines": [344], "excluded_lines": [], "executed_branches": [], "missing_branches": []}, "ConfigManager.get_ib_host": {"executed_lines": [], "summary": {"covered_lines": 0, "num_statements": 1, "percent_covered": 0.0, "percent_covered_display": "0.0", "missing_lines": 1, "excluded_lines": 0, "num_branches": 0, "num_partial_branches": 0, "covered_branches": 0, "missing_branches": 0}, "missing_lines": [348], "excluded_lines": [], "executed_branches": [], "missing_branches": []}, "ConfigManager.get_performance_settings": {"executed_lines": [], "summary": {"covered_lines": 0, "num_statements": 1, "percent_covered": 0.0, "percent_covered_display": "0.0", "missing_lines": 1, "excluded_lines": 0, "num_branches": 0, "num_partial_branches": 0, "covered_branches": 0, "missing_branches": 0}, "missing_lines": [352], "excluded_lines": [], "executed_branches": [], "missing_branches": []}, "ConfigManager.get_file_format_settings": {"executed_lines": [], "summary": {"covered_lines": 0, "num_statements": 1, "percent_covered": 0.0, "percent_covered_display": "0.0", "missing_lines": 1, "excluded_lines": 0, "num_branches": 0, "num_partial_branches": 0, "covered_branches": 0, "missing_branches": 0}, "missing_lines": [362], "excluded_lines": [], "executed_branches": [], "missing_branches": []}, "ConfigManager.get_special_file": {"executed_lines": [], "summary": {"covered_lines": 0, "num_statements": 5, "percent_covered": 0.0, "percent_covered_display": "0.0", "missing_lines": 5, "excluded_lines": 0, "num_branches": 4, "num_partial_branches": 0, "covered_branches": 0, "missing_branches": 4}, "missing_lines": [369, 370, 371, 373, 374], "excluded_lines": [], "executed_branches": [], "missing_branches": [[369, 370], [369, 371], [371, 373], [371, 374]]}, "ConfigManager.get_data_file_path": {"executed_lines": [379, 380, 381, 382, 394, 395, 396, 397, 398, 399, 400, 401, 402, 404, 405, 406], "summary": {"covered_lines": 16, "num_statements": 17, "percent_covered": 92.0, "percent_covered_display": "92.0", "missing_lines": 1, "excluded_lines": 0, "num_branches": 8, "num_partial_branches": 1, "covered_branches": 7, "missing_branches": 1}, "missing_lines": [403], "excluded_lines": [], "executed_branches": [[394, 395], [394, 398], [398, 399], [398, 402], [402, 404], [404, 405], [404, 406]], "missing_branches": [[402, 403]]}, "ConfigManager.databento_enabled": {"executed_lines": [], "summary": {"covered_lines": 0, "num_statements": 1, "percent_covered": 0.0, "percent_covered_display": "0.0", "missing_lines": 1, "excluded_lines": 0, "num_branches": 0, "num_partial_branches": 0, "covered_branches": 0, "missing_branches": 0}, "missing_lines": [410], "excluded_lines": [], "executed_branches": [], "missing_branches": []}, "ConfigManager.databento_api_key": {"executed_lines": [413, 414], "summary": {"covered_lines": 2, "num_statements": 2, "percent_covered": 100.0, "percent_covered_display": "100.0", "missing_lines": 0, "excluded_lines": 0, "num_branches": 0, "num_partial_branches": 0, "covered_branches": 0, "missing_branches": 0}, "missing_lines": [], "excluded_lines": [], "executed_branches": [], "missing_branches": []}, "ConfigManager.get_symbol_mapping_path": {"executed_lines": [417], "summary": {"covered_lines": 1, "num_statements": 1, "percent_covered": 100.0, "percent_covered_display": "100.0", "missing_lines": 0, "excluded_lines": 0, "num_branches": 0, "num_partial_branches": 0, "covered_branches": 0, "missing_branches": 0}, "missing_lines": [], "excluded_lines": [], "executed_branches": [], "missing_branches": []}, "ConfigManager.get_l2_backfill_window": {"executed_lines": [420, 421, 422, 423], "summary": {"covered_lines": 4, "num_statements": 5, "percent_covered": 71.42857142857143, "percent_covered_display": "71.4", "missing_lines": 1, "excluded_lines": 0, "num_branches": 2, "num_partial_branches": 1, "covered_branches": 1, "missing_branches": 1}, "missing_lines": [424], "excluded_lines": [], "executed_branches": [[421, 422]], "missing_branches": [[421, 424]]}, "ConfigManager.get_l2_backfill_concurrency": {"executed_lines": [427], "summary": {"covered_lines": 1, "num_statements": 1, "percent_covered": 100.0, "percent_covered_display": "100.0", "missing_lines": 0, "excluded_lines": 0, "num_branches": 0, "num_partial_branches": 0, "covered_branches": 0, "missing_branches": 0}, "missing_lines": [], "excluded_lines": [], "executed_branches": [], "missing_branches": []}, "ConfigManager.get_bar_lookback_days": {"executed_lines": [], "summary": {"covered_lines": 0, "num_statements": 8, "percent_covered": 0.0, "percent_covered_display": "0.0", "missing_lines": 8, "excluded_lines": 0, "num_branches": 6, "num_partial_branches": 0, "covered_branches": 0, "missing_branches": 6}, "missing_lines": [431, 432, 433, 434, 435, 436, 437, 439], "excluded_lines": [], "executed_branches": [], "missing_branches": [[432, 433], [432, 434], [434, 435], [434, 436], [436, 437], [436, 439]]}, "ConfigManager.get_backup_path": {"executed_lines": [], "summary": {"covered_lines": 0, "num_statements": 2, "percent_covered": 0.0, "percent_covered_display": "0.0", "missing_lines": 2, "excluded_lines": 0, "num_branches": 0, "num_partial_branches": 0, "covered_branches": 0, "missing_branches": 0}, "missing_lines": [442, 443], "excluded_lines": [], "executed_branches": [], "missing_branches": []}, "ConfigManager.is_paper_trading": {"executed_lines": [], "summary": {"covered_lines": 0, "num_statements": 1, "percent_covered": 0.0, "percent_covered_display": "0.0", "missing_lines": 1, "excluded_lines": 0, "num_branches": 0, "num_partial_branches": 0, "covered_branches": 0, "missing_branches": 0}, "missing_lines": [446], "excluded_lines": [], "executed_branches": [], "missing_branches": []}, "ConfigManager.get_ib_port": {"executed_lines": [], "summary": {"covered_lines": 0, "num_statements": 1, "percent_covered": 0.0, "percent_covered_display": "0.0", "missing_lines": 1, "excluded_lines": 0, "num_branches": 0, "num_partial_branches": 0, "covered_branches": 0, "missing_branches": 0}, "missing_lines": [449], "excluded_lines": [], "executed_branches": [], "missing_branches": []}, "get_config": {"executed_lines": [457, 458, 459], "summary": {"covered_lines": 3, "num_statements": 3, "percent_covered": 100.0, "percent_covered_display": "100.0", "missing_lines": 0, "excluded_lines": 0, "num_branches": 2, "num_partial_branches": 0, "covered_branches": 2, "missing_branches": 0}, "missing_lines": [], "excluded_lines": [], "executed_branches": [[457, 458], [457, 459]], "missing_branches": []}, "reload_config": {"executed_lines": [], "summary": {"covered_lines": 0, "num_statements": 2, "percent_covered": 0.0, "percent_covered_display": "0.0", "missing_lines": 2, "excluded_lines": 0, "num_branches": 0, "num_partial_branches": 0, "covered_branches": 0, "missing_branches": 0}, "missing_lines": [464, 465], "excluded_lines": [], "executed_branches": [], "missing_branches": []}, "get_data_path": {"executed_lines": [], "summary": {"covered_lines": 0, "num_statements": 1, "percent_covered": 0.0, "percent_covered_display": "0.0", "missing_lines": 1, "excluded_lines": 0, "num_branches": 0, "num_partial_branches": 0, "covered_branches": 0, "missing_branches": 0}, "missing_lines": [469], "excluded_lines": [], "executed_branches": [], "missing_branches": []}, "is_paper_trading": {"executed_lines": [], "summary": {"covered_lines": 0, "num_statements": 1, "percent_covered": 0.0, "percent_covered_display": "0.0", "missing_lines": 1, "excluded_lines": 0, "num_branches": 0, "num_partial_branches": 0, "covered_branches": 0, "missing_branches": 0}, "missing_lines": [473], "excluded_lines": [], "executed_branches": [], "missing_branches": []}, "get_ib_connection_config": {"executed_lines": [], "summary": {"covered_lines": 0, "num_statements": 1, "percent_covered": 0.0, "percent_covered_display": "0.0", "missing_lines": 1, "excluded_lines": 0, "num_branches": 0, "num_partial_branches": 0, "covered_branches": 0, "missing_branches": 0}, "missing_lines": [477], "excluded_lines": [], "executed_branches": [], "missing_branches": []}, "": {"executed_lines": [4, 6, 7, 8, 9, 10, 11, 14, 15, 16, 17, 20, 21, 22, 23, 24, 25, 26, 27, 28, 29, 30, 32, 40, 51, 52, 53, 54, 55, 56, 57, 59, 66, 71, 72, 73, 74, 75, 76, 77, 79, 84, 85, 86, 87, 88, 89, 90, 91, 92, 95, 103, 109, 117, 141, 162, 163, 254, 257, 265, 278, 290, 300, 309, 313, 321, 326, 338, 342, 346, 350, 360, 368, 376, 409, 412, 416, 419, 426, 430, 441, 445, 448, 452, 455, 462, 468, 472, 476], "summary": {"covered_lines": 86, "num_statements": 86, "percent_covered": 100.0, "percent_covered_display": "100.0", "missing_lines": 0, "excluded_lines": 2, "num_branches": 0, "num_partial_branches": 0, "covered_branches": 0, "missing_branches": 0}, "missing_lines": [], "excluded_lines": [141, 254], "executed_branches": [], "missing_branches": []}}, "classes": {"Environment": {"executed_lines": [], "summary": {"covered_lines": 0, "num_statements": 0, "percent_covered": 100.0, "percent_covered_display": "100.0", "missing_lines": 0, "excluded_lines": 0, "num_branches": 0, "num_partial_branches": 0, "covered_branches": 0, "missing_branches": 0}, "missing_lines": [], "excluded_lines": [], "executed_branches": [], "missing_branches": []}, "IBConnectionConfig": {"executed_lines": [33, 34, 37, 38], "summary": {"covered_lines": 4, "num_statements": 7, "percent_covered": 61.53846153846154, "percent_covered_display": "61.5", "missing_lines": 3, "excluded_lines": 0, "num_branches": 6, "num_partial_branches": 0, "covered_branches": 4, "missing_branches": 2}, "missing_lines": [42, 43, 48], "excluded_lines": [], "executed_branches": [[33, 34], [33, 37], [37, -32], [37, 38]], "missing_branches": [[42, 43], [42, 48]]}, "DataPathConfig": {"executed_lines": [60, 61, 62, 63, 64, 67, 68], "summary": {"covered_lines": 7, "num_statements": 7, "percent_covered": 100.0, "percent_covered_display": "100.0", "missing_lines": 0, "excluded_lines": 0, "num_branches": 2, "num_partial_branches": 0, "covered_branches": 2, "missing_branches": 0}, "missing_lines": [], "excluded_lines": [], "executed_branches": [[67, -66], [67, 68]], "missing_branches": []}, "DataUpdateConfig": {"executed_lines": [80, 81], "summary": {"covered_lines": 2, "num_statements": 2, "percent_covered": 100.0, "percent_covered_display": "100.0", "missing_lines": 0, "excluded_lines": 0, "num_branches": 2, "num_partial_branches": 0, "covered_branches": 2, "missing_branches": 0}, "missing_lines": [], "excluded_lines": [], "executed_branches": [[80, -79], [80, 81]], "missing_branches": []}, "LoggingConfig": {"executed_lines": [], "summary": {"covered_lines": 0, "num_statements": 0, "percent_covered": 100.0, "percent_covered_display": "100.0", "missing_lines": 0, "excluded_lines": 0, "num_branches": 0, "num_partial_branches": 0, "covered_branches": 0, "missing_branches": 0}, "missing_lines": [], "excluded_lines": [], "executed_branches": [], "missing_branches": []}, "ConfigManager": {"executed_lines": [164, 165, 166, 167, 168, 220, 221, 246, 247, 248, 249, 250, 251, 255, 258, 259, 260, 262, 266, 267, 268, 269, 272, 279, 280, 281, 291, 296, 297, 298, 301, 302, 303, 304, 305, 306, 315, 316, 317, 318, 319, 323, 324, 379, 380, 381, 382, 394, 395, 396, 397, 398, 399, 400, 401, 402, 404, 405, 406, 413, 414, 417, 420, 421, 422, 423, 427], "summary": {"covered_lines": 66, "num_statements": 100, "percent_covered": 62.6865671641791, "percent_covered_display": "62.7", "missing_lines": 34, "excluded_lines": 3, "num_branches": 34, "num_partial_branches": 4, "covered_branches": 18, "missing_branches": 16}, "missing_lines": [263, 307, 310, 311, 328, 329, 334, 335, 336, 340, 344, 348, 352, 362, 369, 370, 371, 373, 374, 403, 410, 424, 431, 432, 433, 434, 435, 436, 437, 439, 442, 443, 446, 449], "excluded_lines": [255, 270, 271], "executed_branches": [[258, 259], [258, 262], [262, -257], [266, 267], [266, 272], [301, 302], [301, 303], [303, 304], [303, 305], [305, 306], [394, 395], [394, 398], [398, 399], [398, 402], [402, 404], [404, 405], [404, 406], [421, 422]], "missing_branches": [[262, 263], [305, 307], [334, 335], [334, 336], [369, 370], [369, 371], [371, 373], [371, 374], [402, 403], [421, 424], [432, 433], [432, 434], [434, 435], [434, 436], [436, 437], [436, 439]]}, "": {"executed_lines": [4, 6, 7, 8, 9, 10, 11, 14, 15, 16, 17, 20, 21, 22, 23, 24, 25, 26, 27, 28, 29, 30, 32, 40, 51, 52, 53, 54, 55, 56, 57, 59, 66, 71, 72, 73, 74, 75, 76, 77, 79, 84, 85, 86, 87, 88, 89, 90, 91, 92, 95, 97, 98, 103, 104, 109, 110, 114, 117, 124, 125, 126, 127, 128, 129, 130, 131, 132, 133, 134, 135, 136, 137, 138, 141, 151, 152, 154, 155, 156, 157, 162, 163, 254, 257, 265, 278, 290, 300, 309, 313, 321, 326, 338, 342, 346, 350, 360, 368, 376, 409, 412, 416, 419, 426, 430, 441, 445, 448, 452, 455, 457, 458, 459, 462, 468, 472, 476], "summary": {"covered_lines": 109, "num_statements": 119, "percent_covered": 91.6030534351145, "percent_covered_display": "91.6", "missing_lines": 10, "excluded_lines": 20, "num_branches": 12, "num_partial_branches": 1, "covered_branches": 11, "missing_branches": 1}, "missing_lines": [99, 100, 111, 112, 113, 464, 465, 469, 473, 477], "excluded_lines": [141, 142, 143, 144, 145, 146, 147, 148, 149, 150, 151, 152, 153, 154, 155, 156, 157, 158, 159, 254], "executed_branches": [[110, 114], [126, 127], [126, 138], [128, 129], [128, 130], [133, 134], [133, 135], [135, 136], [135, 137], [457, 458], [457, 459]], "missing_branches": [[110, 111]]}}}, "src/core/configuration/__init__.py": {"executed_lines": [1, 7], "summary": {"covered_lines": 1, "num_statements": 1, "percent_covered": 100.0, "percent_covered_display": "100.0", "missing_lines": 0, "excluded_lines": 0, "num_branches": 0, "num_partial_branches": 0, "covered_branches": 0, "missing_branches": 0}, "missing_lines": [], "excluded_lines": [], "executed_branches": [], "missing_branches": [], "functions": {"": {"executed_lines": [1, 7], "summary": {"covered_lines": 1, "num_statements": 1, "percent_covered": 100.0, "percent_covered_display": "100.0", "missing_lines": 0, "excluded_lines": 0, "num_branches": 0, "num_partial_branches": 0, "covered_branches": 0, "missing_branches": 0}, "missing_lines": [], "excluded_lines": [], "executed_branches": [], "missing_branches": []}}, "classes": {"": {"executed_lines": [1, 7], "summary": {"covered_lines": 1, "num_statements": 1, "percent_covered": 100.0, "percent_covered_display": "100.0", "missing_lines": 0, "excluded_lines": 0, "num_branches": 0, "num_partial_branches": 0, "covered_branches": 0, "missing_branches": 0}, "missing_lines": [], "excluded_lines": [], "executed_branches": [], "missing_branches": []}}}, "src/core/configuration/services.py": {"executed_lines": [1, 3, 4, 5, 6, 7, 8, 9, 10, 12, 14, 15, 16, 19, 20, 21, 22, 25, 26, 27, 30, 31, 32, 33, 34, 35, 36, 37, 39, 41, 42, 43, 49, 50, 55, 56, 58, 61, 62, 63, 64, 66, 71, 74, 75, 76, 78, 81, 82, 83, 84, 85, 86, 87, 88, 90, 91, 94, 95, 96, 97, 98, 99, 100, 101, 104, 105, 106, 109, 110, 113, 114, 115, 116, 118, 119, 121, 122, 123, 124, 128], "summary": {"covered_lines": 81, "num_statements": 91, "percent_covered": 86.23853211009174, "percent_covered_display": "86.2", "missing_lines": 10, "excluded_lines": 0, "num_branches": 18, "num_partial_branches": 5, "covered_branches": 13, "missing_branches": 5}, "missing_lines": [44, 45, 46, 57, 77, 107, 111, 112, 125, 127], "excluded_lines": [], "executed_branches": [[43, -30], [56, 58], [76, 78], [83, 84], [83, 91], [84, 85], [84, 87], [85, 83], [85, 86], [87, 88], [87, 90], [106, 109], [123, 124]], "missing_branches": [[43, 44], [56, 57], [76, 77], [106, 107], [123, 128]], "functions": {"_load_json": {"executed_lines": [26, 27], "summary": {"covered_lines": 2, "num_statements": 2, "percent_covered": 100.0, "percent_covered_display": "100.0", "missing_lines": 0, "excluded_lines": 0, "num_branches": 0, "num_partial_branches": 0, "covered_branches": 0, "missing_branches": 0}, "missing_lines": [], "excluded_lines": [], "executed_branches": [], "missing_branches": []}, "_write_json_atomic": {"executed_lines": [31, 32, 33, 34, 35, 36, 37, 39, 41, 42, 43], "summary": {"covered_lines": 11, "num_statements": 14, "percent_covered": 75.0, "percent_covered_display": "75.0", "missing_lines": 3, "excluded_lines": 0, "num_branches": 2, "num_partial_branches": 1, "covered_branches": 1, "missing_branches": 1}, "missing_lines": [44, 45, 46], "excluded_lines": [], "executed_branches": [[43, -30]], "missing_branches": [[43, 44]]}, "_schema_for": {"executed_lines": [50, 55, 56, 58], "summary": {"covered_lines": 4, "num_statements": 5, "percent_covered": 71.42857142857143, "percent_covered_display": "71.4", "missing_lines": 1, "excluded_lines": 0, "num_branches": 2, "num_partial_branches": 1, "covered_branches": 1, "missing_branches": 1}, "missing_lines": [57], "excluded_lines": [], "executed_branches": [[56, 58]], "missing_branches": [[56, 57]]}, "validate_config": {"executed_lines": [62, 63, 64, 66, 71], "summary": {"covered_lines": 5, "num_statements": 5, "percent_covered": 100.0, "percent_covered_display": "100.0", "missing_lines": 0, "excluded_lines": 0, "num_branches": 0, "num_partial_branches": 0, "covered_branches": 0, "missing_branches": 0}, "missing_lines": [], "excluded_lines": [], "executed_branches": [], "missing_branches": []}, "load_config": {"executed_lines": [75, 76, 78], "summary": {"covered_lines": 3, "num_statements": 4, "percent_covered": 66.66666666666667, "percent_covered_display": "66.7", "missing_lines": 1, "excluded_lines": 0, "num_branches": 2, "num_partial_branches": 1, "covered_branches": 1, "missing_branches": 1}, "missing_lines": [77], "excluded_lines": [], "executed_branches": [[76, 78]], "missing_branches": [[76, 77]]}, "diff_dict": {"executed_lines": [82, 83, 84, 85, 86, 87, 88, 90, 91], "summary": {"covered_lines": 9, "num_statements": 9, "percent_covered": 100.0, "percent_covered_display": "100.0", "missing_lines": 0, "excluded_lines": 0, "num_branches": 8, "num_partial_branches": 0, "covered_branches": 8, "missing_branches": 0}, "missing_lines": [], "excluded_lines": [], "executed_branches": [[83, 84], [83, 91], [84, 85], [84, 87], [85, 83], [85, 86], [87, 88], [87, 90]], "missing_branches": []}, "backup_config": {"executed_lines": [95, 96, 97, 98, 99, 100, 101], "summary": {"covered_lines": 7, "num_statements": 7, "percent_covered": 100.0, "percent_covered_display": "100.0", "missing_lines": 0, "excluded_lines": 0, "num_branches": 0, "num_partial_branches": 0, "covered_branches": 0, "missing_branches": 0}, "missing_lines": [], "excluded_lines": [], "executed_branches": [], "missing_branches": []}, "save_config": {"executed_lines": [105, 106, 109, 110, 113, 114, 115, 116, 118, 119, 121, 122, 123, 124, 128], "summary": {"covered_lines": 15, "num_statements": 20, "percent_covered": 70.83333333333333, "percent_covered_display": "70.8", "missing_lines": 5, "excluded_lines": 0, "num_branches": 4, "num_partial_branches": 2, "covered_branches": 2, "missing_branches": 2}, "missing_lines": [107, 111, 112, 125, 127], "excluded_lines": [], "executed_branches": [[106, 109], [123, 124]], "missing_branches": [[106, 107], [123, 128]]}, "": {"executed_lines": [1, 3, 4, 5, 6, 7, 8, 9, 10, 12, 14, 15, 16, 19, 20, 21, 22, 25, 30, 49, 61, 74, 81, 94, 104], "summary": {"covered_lines": 25, "num_statements": 25, "percent_covered": 100.0, "percent_covered_display": "100.0", "missing_lines": 0, "excluded_lines": 0, "num_branches": 0, "num_partial_branches": 0, "covered_branches": 0, "missing_branches": 0}, "missing_lines": [], "excluded_lines": [], "executed_branches": [], "missing_branches": []}}, "classes": {"ValidationResult": {"executed_lines": [], "summary": {"covered_lines": 0, "num_statements": 0, "percent_covered": 100.0, "percent_covered_display": "100.0", "missing_lines": 0, "excluded_lines": 0, "num_branches": 0, "num_partial_branches": 0, "covered_branches": 0, "missing_branches": 0}, "missing_lines": [], "excluded_lines": [], "executed_branches": [], "missing_branches": []}, "": {"executed_lines": [1, 3, 4, 5, 6, 7, 8, 9, 10, 12, 14, 15, 16, 19, 20, 21, 22, 25, 26, 27, 30, 31, 32, 33, 34, 35, 36, 37, 39, 41, 42, 43, 49, 50, 55, 56, 58, 61, 62, 63, 64, 66, 71, 74, 75, 76, 78, 81, 82, 83, 84, 85, 86, 87, 88, 90, 91, 94, 95, 96, 97, 98, 99, 100, 101, 104, 105, 106, 109, 110, 113, 114, 115, 116, 118, 119, 121, 122, 123, 124, 128], "summary": {"covered_lines": 81, "num_statements": 91, "percent_covered": 86.23853211009174, "percent_covered_display": "86.2", "missing_lines": 10, "excluded_lines": 0, "num_branches": 18, "num_partial_branches": 5, "covered_branches": 13, "missing_branches": 5}, "missing_lines": [44, 45, 46, 57, 77, 107, 111, 112, 125, 127], "excluded_lines": [], "executed_branches": [[43, -30], [56, 58], [76, 78], [83, 84], [83, 91], [84, 85], [84, 87], [85, 83], [85, 86], [87, 88], [87, 90], [106, 109], [123, 124]], "missing_branches": [[43, 44], [56, 57], [76, 77], [106, 107], [123, 128]]}}}, "src/core/dataframe_safety.py": {"executed_lines": [1, 11, 12, 13, 14, 16, 17, 20, 21, 27, 28, 35, 36, 51, 52, 53, 55, 56, 58, 59, 61, 64, 67, 75, 76, 91, 92, 98, 99, 102, 103, 111, 112, 127, 128, 130, 134, 135, 137, 145, 146, 160, 161, 164, 171, 172, 173, 180, 183, 186, 187, 188, 189, 190, 192, 193, 194, 199, 203, 211, 212, 272, 273, 287, 288, 292, 296, 299, 308, 309, 318, 319, 330, 331, 335, 336, 347, 348, 352, 353, 366, 367, 370, 372, 373, 375, 382, 383, 387, 388, 389, 390, 391, 393, 394, 410, 417, 419, 424, 425, 428, 429, 432, 433, 434, 439, 440, 446, 447, 450, 457, 463, 465, 466, 476, 478, 479, 483, 484, 487, 488, 489, 492, 493, 494, 495, 496, 501, 502, 510, 513, 544], "summary": {"covered_lines": 128, "num_statements": 211, "percent_covered": 61.20996441281139, "percent_covered_display": "61.2", "missing_lines": 83, "excluded_lines": 2, "num_branches": 70, "num_partial_branches": 14, "covered_branches": 44, "missing_branches": 26}, "missing_lines": [22, 23, 24, 65, 69, 70, 73, 93, 105, 106, 109, 131, 139, 140, 143, 162, 165, 174, 176, 195, 197, 200, 202, 205, 206, 209, 223, 224, 225, 227, 228, 231, 233, 234, 235, 238, 246, 251, 252, 256, 258, 260, 261, 264, 265, 266, 270, 289, 290, 293, 311, 312, 313, 314, 315, 316, 332, 333, 349, 350, 368, 377, 378, 379, 420, 421, 422, 459, 460, 461, 480, 503, 507, 508, 517, 532, 533, 535, 536, 537, 538, 539, 541], "excluded_lines": [544, 546], "executed_branches": [[52, 53], [52, 55], [55, 56], [55, 58], [58, 59], [58, 61], [64, 67], [92, 98], [98, 99], [98, 102], [130, 134], [134, 135], [134, 137], [161, 164], [164, 171], [187, 188], [187, 203], [190, 187], [190, 192], [192, 193], [192, 199], [288, 292], [292, 296], [367, 370], [372, 373], [419, 424], [424, 425], [424, 428], [428, 429], [432, 433], [432, 439], [439, 440], [479, 483], [483, 484], [483, 487], [488, 489], [488, 492], [492, 493], [492, 501], [493, 492], [493, 494], [495, 492], [495, 496], [502, 510]], "missing_branches": [[64, 65], [92, 93], [130, 131], [161, 162], [164, 165], [224, 225], [224, 227], [227, 228], [227, 233], [233, 234], [233, 238], [251, 252], [251, 258], [288, 289], [292, 293], [367, 368], [372, 375], [419, 420], [428, 439], [439, 446], [479, 480], [502, 503], [535, 536], [535, 541], [537, 535], [537, 538]], "functions": {"SafeDataFrameAccessor.safe_loc_get": {"executed_lines": [51, 52, 53, 55, 56, 58, 59, 61, 64, 67], "summary": {"covered_lines": 10, "num_statements": 14, "percent_covered": 77.27272727272727, "percent_covered_display": "77.3", "missing_lines": 4, "excluded_lines": 0, "num_branches": 8, "num_partial_branches": 1, "covered_branches": 7, "missing_branches": 1}, "missing_lines": [65, 69, 70, 73], "excluded_lines": [], "executed_branches": [[52, 53], [52, 55], [55, 56], [55, 58], [58, 59], [58, 61], [64, 67]], "missing_branches": [[64, 65]]}, "SafeDataFrameAccessor.safe_loc_set": {"executed_lines": [91, 92, 98, 99, 102, 103], "summary": {"covered_lines": 6, "num_statements": 10, "percent_covered": 64.28571428571429, "percent_covered_display": "64.3", "missing_lines": 4, "excluded_lines": 0, "num_branches": 4, "num_partial_branches": 1, "covered_branches": 3, "missing_branches": 1}, "missing_lines": [93, 105, 106, 109], "excluded_lines": [], "executed_branches": [[92, 98], [98, 99], [98, 102]], "missing_branches": [[92, 93]]}, "SafeDataFrameAccessor.safe_check_value": {"executed_lines": [127, 128, 130, 134, 135, 137], "summary": {"covered_lines": 6, "num_statements": 10, "percent_covered": 64.28571428571429, "percent_covered_display": "64.3", "missing_lines": 4, "excluded_lines": 0, "num_branches": 4, "num_partial_branches": 1, "covered_branches": 3, "missing_branches": 1}, "missing_lines": [131, 139, 140, 143], "excluded_lines": [], "executed_branches": [[130, 134], [134, 135], [134, 137]], "missing_branches": [[130, 131]]}, "SafeDataFrameAccessor.safe_fillna_row": {"executed_lines": [160, 161, 164, 171, 172, 173, 180, 183, 186, 187, 188, 189, 190, 192, 193, 194, 199, 203], "summary": {"covered_lines": 18, "num_statements": 29, "percent_covered": 66.66666666666667, "percent_covered_display": "66.7", "missing_lines": 11, "excluded_lines": 0, "num_branches": 10, "num_partial_branches": 2, "covered_branches": 8, "missing_branches": 2}, "missing_lines": [162, 165, 174, 176, 195, 197, 200, 202, 205, 206, 209], "excluded_lines": [], "executed_branches": [[161, 164], [164, 171], [187, 188], [187, 203], [190, 187], [190, 192], [192, 193], [192, 199]], "missing_branches": [[161, 162], [164, 165]]}, "SafeDataFrameAccessor.safe_read_excel": {"executed_lines": [], "summary": {"covered_lines": 0, "num_statements": 21, "percent_covered": 0.0, "percent_covered_display": "0.0", "missing_lines": 21, "excluded_lines": 0, "num_branches": 8, "num_partial_branches": 0, "covered_branches": 0, "missing_branches": 8}, "missing_lines": [223, 224, 225, 227, 228, 231, 233, 234, 235, 238, 246, 251, 252, 256, 258, 260, 261, 264, 265, 266, 270], "excluded_lines": [], "executed_branches": [], "missing_branches": [[224, 225], [224, 227], [227, 228], [227, 233], [233, 234], [233, 238], [251, 252], [251, 258]]}, "SafeDataFrameAccessor.safe_to_excel": {"executed_lines": [287, 288, 292, 296, 299, 308, 309], "summary": {"covered_lines": 7, "num_statements": 16, "percent_covered": 45.0, "percent_covered_display": "45.0", "missing_lines": 9, "excluded_lines": 0, "num_branches": 4, "num_partial_branches": 2, "covered_branches": 2, "missing_branches": 2}, "missing_lines": [289, 290, 293, 311, 312, 313, 314, 315, 316], "excluded_lines": [], "executed_branches": [[288, 292], [292, 296]], "missing_branches": [[288, 289], [292, 293]]}, "SafeDataFrameAccessor.safe_column_exists": {"executed_lines": [330, 331], "summary": {"covered_lines": 2, "num_statements": 4, "percent_covered": 50.0, "percent_covered_display": "50.0", "missing_lines": 2, "excluded_lines": 0, "num_branches": 0, "num_partial_branches": 0, "covered_branches": 0, "missing_branches": 0}, "missing_lines": [332, 333], "excluded_lines": [], "executed_branches": [], "missing_branches": []}, "SafeDataFrameAccessor.safe_index_exists": {"executed_lines": [347, 348], "summary": {"covered_lines": 2, "num_statements": 4, "percent_covered": 50.0, "percent_covered_display": "50.0", "missing_lines": 2, "excluded_lines": 0, "num_branches": 0, "num_partial_branches": 0, "covered_branches": 0, "missing_branches": 0}, "missing_lines": [349, 350], "excluded_lines": [], "executed_branches": [], "missing_branches": []}, "SafeDataFrameAccessor.create_safe_dataframe": {"executed_lines": [366, 367, 370, 372, 373, 375], "summary": {"covered_lines": 6, "num_statements": 10, "percent_covered": 57.142857142857146, "percent_covered_display": "57.1", "missing_lines": 4, "excluded_lines": 0, "num_branches": 4, "num_partial_branches": 2, "covered_branches": 2, "missing_branches": 2}, "missing_lines": [368, 377, 378, 379], "excluded_lines": [], "executed_branches": [[367, 370], [372, 373]], "missing_branches": [[367, 368], [372, 375]]}, "DataFrameValidator.validate_dataframe_structure": {"executed_lines": [410, 417, 419, 424, 425, 428, 429, 432, 433, 434, 439, 440, 446, 447, 450, 457, 463], "summary": {"covered_lines": 17, "num_statements": 23, "percent_covered": 72.72727272727273, "percent_covered_display": "72.7", "missing_lines": 6, "excluded_lines": 0, "num_branches": 10, "num_partial_branches": 3, "covered_branches": 7, "missing_branches": 3}, "missing_lines": [420, 421, 422, 459, 460, 461], "excluded_lines": [], "executed_branches": [[419, 424], [424, 425], [424, 428], [428, 429], [432, 433], [432, 439], [439, 440]], "missing_branches": [[419, 420], [428, 439], [439, 446]]}, "DataFrameValidator.suggest_dataframe_cleanup": {"executed_lines": [476, 478, 479, 483, 484, 487, 488, 489, 492, 493, 494, 495, 496, 501, 502, 510], "summary": {"covered_lines": 16, "num_statements": 20, "percent_covered": 82.3529411764706, "percent_covered_display": "82.4", "missing_lines": 4, "excluded_lines": 0, "num_branches": 14, "num_partial_branches": 2, "covered_branches": 12, "missing_branches": 2}, "missing_lines": [480, 503, 507, 508], "excluded_lines": [], "executed_branches": [[479, 483], [483, 484], [483, 487], [488, 489], [488, 492], [492, 493], [492, 501], [493, 492], [493, 494], [495, 492], [495, 496], [502, 510]], "missing_branches": [[479, 480], [502, 503]]}, "migrate_legacy_dataframe_operations": {"executed_lines": [], "summary": {"covered_lines": 0, "num_statements": 9, "percent_covered": 0.0, "percent_covered_display": "0.0", "missing_lines": 9, "excluded_lines": 0, "num_branches": 4, "num_partial_branches": 0, "covered_branches": 0, "missing_branches": 4}, "missing_lines": [517, 532, 533, 535, 536, 537, 538, 539, 541], "excluded_lines": [], "executed_branches": [], "missing_branches": [[535, 536], [535, 541], [537, 535], [537, 538]]}, "": {"executed_lines": [1, 11, 12, 13, 14, 16, 17, 20, 21, 27, 28, 35, 36, 75, 76, 111, 112, 145, 146, 211, 212, 272, 273, 318, 319, 335, 336, 352, 353, 382, 383, 387, 388, 389, 390, 391, 393, 394, 465, 466, 513, 544], "summary": {"covered_lines": 38, "num_statements": 41, "percent_covered": 92.6829268292683, "percent_covered_display": "92.7", "missing_lines": 3, "excluded_lines": 2, "num_branches": 0, "num_partial_branches": 0, "covered_branches": 0, "missing_branches": 0}, "missing_lines": [22, 23, 24], "excluded_lines": [544, 546], "executed_branches": [], "missing_branches": []}}, "classes": {"SafeDataFrameAccessor": {"executed_lines": [51, 52, 53, 55, 56, 58, 59, 61, 64, 67, 91, 92, 98, 99, 102, 103, 127, 128, 130, 134, 135, 137, 160, 161, 164, 171, 172, 173, 180, 183, 186, 187, 188, 189, 190, 192, 193, 194, 199, 203, 287, 288, 292, 296, 299, 308, 309, 330, 331, 347, 348, 366, 367, 370, 372, 373, 375], "summary": {"covered_lines": 57, "num_statements": 118, "percent_covered": 51.25, "percent_covered_display": "51.2", "missing_lines": 61, "excluded_lines": 0, "num_branches": 42, "num_partial_branches": 9, "covered_branches": 25, "missing_branches": 17}, "missing_lines": [65, 69, 70, 73, 93, 105, 106, 109, 131, 139, 140, 143, 162, 165, 174, 176, 195, 197, 200, 202, 205, 206, 209, 223, 224, 225, 227, 228, 231, 233, 234, 235, 238, 246, 251, 252, 256, 258, 260, 261, 264, 265, 266, 270, 289, 290, 293, 311, 312, 313, 314, 315, 316, 332, 333, 349, 350, 368, 377, 378, 379], "excluded_lines": [], "executed_branches": [[52, 53], [52, 55], [55, 56], [55, 58], [58, 59], [58, 61], [64, 67], [92, 98], [98, 99], [98, 102], [130, 134], [134, 135], [134, 137], [161, 164], [164, 171], [187, 188], [187, 203], [190, 187], [190, 192], [192, 193], [192, 199], [288, 292], [292, 296], [367, 370], [372, 373]], "missing_branches": [[64, 65], [92, 93], [130, 131], [161, 162], [164, 165], [224, 225], [224, 227], [227, 228], [227, 233], [233, 234], [233, 238], [251, 252], [251, 258], [288, 289], [292, 293], [367, 368], [372, 375]]}, "DataFrameValidator": {"executed_lines": [410, 417, 419, 424, 425, 428, 429, 432, 433, 434, 439, 440, 446, 447, 450, 457, 463, 476, 478, 479, 483, 484, 487, 488, 489, 492, 493, 494, 495, 496, 501, 502, 510], "summary": {"covered_lines": 33, "num_statements": 43, "percent_covered": 77.61194029850746, "percent_covered_display": "77.6", "missing_lines": 10, "excluded_lines": 0, "num_branches": 24, "num_partial_branches": 5, "covered_branches": 19, "missing_branches": 5}, "missing_lines": [420, 421, 422, 459, 460, 461, 480, 503, 507, 508], "excluded_lines": [], "executed_branches": [[419, 424], [424, 425], [424, 428], [428, 429], [432, 433], [432, 439], [439, 440], [479, 483], [483, 484], [483, 487], [488, 489], [488, 492], [492, 493], [492, 501], [493, 492], [493, 494], [495, 492], [495, 496], [502, 510]], "missing_branches": [[419, 420], [428, 439], [439, 446], [479, 480], [502, 503]]}, "DataFrameValidator.ValidationReport": {"executed_lines": [], "summary": {"covered_lines": 0, "num_statements": 0, "percent_covered": 100.0, "percent_covered_display": "100.0", "missing_lines": 0, "excluded_lines": 0, "num_branches": 0, "num_partial_branches": 0, "covered_branches": 0, "missing_branches": 0}, "missing_lines": [], "excluded_lines": [], "executed_branches": [], "missing_branches": []}, "": {"executed_lines": [1, 11, 12, 13, 14, 16, 17, 20, 21, 27, 28, 35, 36, 75, 76, 111, 112, 145, 146, 211, 212, 272, 273, 318, 319, 335, 336, 352, 353, 382, 383, 387, 388, 389, 390, 391, 393, 394, 465, 466, 513, 544], "summary": {"covered_lines": 38, "num_statements": 50, "percent_covered": 70.37037037037037, "percent_covered_display": "70.4", "missing_lines": 12, "excluded_lines": 2, "num_branches": 4, "num_partial_branches": 0, "covered_branches": 0, "missing_branches": 4}, "missing_lines": [22, 23, 24, 517, 532, 533, 535, 536, 537, 538, 539, 541], "excluded_lines": [544, 546], "executed_branches": [], "missing_branches": [[535, 536], [535, 541], [537, 535], [537, 538]]}}}, "src/data/__init__.py": {"executed_lines": [1, 9, 11, 13, 17, 19, 22, 24, 27], "summary": {"covered_lines": 8, "num_statements": 8, "percent_covered": 100.0, "percent_covered_display": "100.0", "missing_lines": 0, "excluded_lines": 0, "num_branches": 0, "num_partial_branches": 0, "covered_branches": 0, "missing_branches": 0}, "missing_lines": [], "excluded_lines": [], "executed_branches": [], "missing_branches": [], "functions": {"load_excel": {"executed_lines": [19], "summary": {"covered_lines": 1, "num_statements": 1, "percent_covered": 100.0, "percent_covered_display": "100.0", "missing_lines": 0, "excluded_lines": 0, "num_branches": 0, "num_partial_branches": 0, "covered_branches": 0, "missing_branches": 0}, "missing_lines": [], "excluded_lines": [], "executed_branches": [], "missing_branches": []}, "save_excel": {"executed_lines": [24], "summary": {"covered_lines": 1, "num_statements": 1, "percent_covered": 100.0, "percent_covered_display": "100.0", "missing_lines": 0, "excluded_lines": 0, "num_branches": 0, "num_partial_branches": 0, "covered_branches": 0, "missing_branches": 0}, "missing_lines": [], "excluded_lines": [], "executed_branches": [], "missing_branches": []}, "": {"executed_lines": [1, 9, 11, 13, 17, 22, 27], "summary": {"covered_lines": 6, "num_statements": 6, "percent_covered": 100.0, "percent_covered_display": "100.0", "missing_lines": 0, "excluded_lines": 0, "num_branches": 0, "num_partial_branches": 0, "covered_branches": 0, "missing_branches": 0}, "missing_lines": [], "excluded_lines": [], "executed_branches": [], "missing_branches": []}}, "classes": {"": {"executed_lines": [1, 9, 11, 13, 17, 19, 22, 24, 27], "summary": {"covered_lines": 8, "num_statements": 8, "percent_covered": 100.0, "percent_covered_display": "100.0", "missing_lines": 0, "excluded_lines": 0, "num_branches": 0, "num_partial_branches": 0, "covered_branches": 0, "missing_branches": 0}, "missing_lines": [], "excluded_lines": [], "executed_branches": [], "missing_branches": []}}}, "src/data/data_manager.py": {"executed_lines": [3, 4, 5, 6, 7, 9, 12, 13, 14, 17, 18, 19, 21, 22, 23, 24, 25, 26, 27, 30, 31, 33, 34, 38, 39, 43, 44, 48, 49, 54, 55, 57, 58, 59, 61, 62, 64, 66, 67, 68, 69, 70, 71, 72, 73, 76, 78, 84, 85, 87, 88, 89, 90, 91, 92, 93, 97, 103, 105, 106, 107, 108, 113, 115, 135, 136, 138, 139, 140, 142, 143, 145, 147, 148, 151, 153, 154, 155, 156, 160, 161, 163, 164, 165, 168, 169, 176, 178, 179, 180, 183, 187, 189, 190, 191, 194, 195, 196, 202, 205, 206, 207, 209, 212, 213, 215, 216, 217, 218, 221, 222, 223, 226, 227, 228, 230, 232, 233, 234, 246, 251, 253, 254, 255, 267, 272, 274, 275, 276, 288, 293, 302, 303, 305, 308, 311, 314, 315, 316, 318, 321, 322, 323, 325, 328, 331, 341, 350, 351, 352, 354, 355, 356, 357, 360, 362, 365, 375, 377, 378, 380, 381, 382, 384, 386, 388, 391, 401, 403, 404, 405, 408, 409, 410, 426, 428, 429, 431, 434, 435, 439, 441, 442, 443, 445, 447, 448, 449, 450, 452, 453, 454, 460, 461, 463, 465, 466, 467, 468, 469, 470, 471, 479, 480, 482, 484, 485, 486, 487, 488, 494, 495, 498, 499, 501, 502, 503, 506, 507, 510, 512, 516, 517, 520, 522, 524, 526, 554, 558, 559, 561, 563, 565, 567, 569, 571, 582, 584, 587, 599], "summary": {"covered_lines": 234, "num_statements": 340, "percent_covered": 63.63636363636363, "percent_covered_display": "63.6", "missing_lines": 106, "excluded_lines": 0, "num_branches": 78, "num_partial_branches": 28, "covered_branches": 32, "missing_branches": 46}, "missing_lines": [36, 41, 46, 51, 77, 79, 80, 94, 98, 99, 117, 118, 119, 120, 121, 126, 127, 128, 129, 130, 131, 132, 170, 171, 172, 184, 185, 197, 198, 199, 200, 235, 242, 243, 244, 247, 248, 249, 256, 263, 264, 265, 268, 269, 270, 277, 284, 285, 286, 289, 290, 291, 329, 332, 333, 339, 358, 363, 366, 367, 373, 389, 392, 393, 399, 413, 414, 415, 416, 418, 419, 420, 422, 423, 424, 432, 436, 437, 457, 458, 474, 475, 491, 492, 535, 542, 543, 544, 546, 592, 593, 595, 596, 597, 612, 613, 615, 616, 617, 618, 619, 621, 622, 623, 624, 625], "excluded_lines": [], "executed_branches": [[76, 78], [93, 97], [168, 169], [194, 195], [206, 207], [206, 209], [234, 246], [255, 267], [276, 288], [303, 305], [314, 315], [318, 321], [328, 331], [351, 352], [355, 356], [357, 360], [362, 365], [380, 381], [388, 391], [404, 405], [404, 408], [409, 410], [431, 434], [448, 449], [452, 453], [460, 461], [466, 467], [469, 470], [479, 480], [485, 486], [494, 495], [522, 524]], "missing_branches": [[76, 77], [93, 94], [126, 127], [126, 129], [168, 170], [194, 197], [234, 235], [242, 243], [242, 244], [255, 256], [263, 264], [263, 265], [276, 277], [284, 285], [284, 286], [303, 311], [314, 325], [318, 314], [328, 329], [351, 354], [355, 357], [357, 358], [362, 363], [380, 384], [388, 389], [409, 413], [414, 415], [414, 422], [416, 418], [416, 422], [419, 420], [419, 422], [431, 432], [448, 460], [452, 454], [460, -445], [466, 479], [469, 471], [479, -463], [485, 494], [494, -482], [522, 535], [616, 617], [616, 618], [618, 619], [618, 623]], "functions": {"BaseRepository.save": {"executed_lines": [], "summary": {"covered_lines": 0, "num_statements": 1, "percent_covered": 0.0, "percent_covered_display": "0.0", "missing_lines": 1, "excluded_lines": 0, "num_branches": 0, "num_partial_branches": 0, "covered_branches": 0, "missing_branches": 0}, "missing_lines": [36], "excluded_lines": [], "executed_branches": [], "missing_branches": []}, "BaseRepository.load": {"executed_lines": [], "summary": {"covered_lines": 0, "num_statements": 1, "percent_covered": 0.0, "percent_covered_display": "0.0", "missing_lines": 1, "excluded_lines": 0, "num_branches": 0, "num_partial_branches": 0, "covered_branches": 0, "missing_branches": 0}, "missing_lines": [41], "excluded_lines": [], "executed_branches": [], "missing_branches": []}, "BaseRepository.exists": {"executed_lines": [], "summary": {"covered_lines": 0, "num_statements": 1, "percent_covered": 0.0, "percent_covered_display": "0.0", "missing_lines": 1, "excluded_lines": 0, "num_branches": 0, "num_partial_branches": 0, "covered_branches": 0, "missing_branches": 0}, "missing_lines": [46], "excluded_lines": [], "executed_branches": [], "missing_branches": []}, "BaseRepository.delete": {"executed_lines": [], "summary": {"covered_lines": 0, "num_statements": 1, "percent_covered": 0.0, "percent_covered_display": "0.0", "missing_lines": 1, "excluded_lines": 0, "num_branches": 0, "num_partial_branches": 0, "covered_branches": 0, "missing_branches": 0}, "missing_lines": [51], "excluded_lines": [], "executed_branches": [], "missing_branches": []}, "ExcelRepository.__init__": {"executed_lines": [58, 59], "summary": {"covered_lines": 2, "num_statements": 2, "percent_covered": 100.0, "percent_covered_display": "100.0", "missing_lines": 0, "excluded_lines": 0, "num_branches": 0, "num_partial_branches": 0, "covered_branches": 0, "missing_branches": 0}, "missing_lines": [], "excluded_lines": [], "executed_branches": [], "missing_branches": []}, "ExcelRepository.save": {"executed_lines": [64, 66, 67, 68, 69, 70, 71, 72, 73, 76, 78], "summary": {"covered_lines": 11, "num_statements": 14, "percent_covered": 75.0, "percent_covered_display": "75.0", "missing_lines": 3, "excluded_lines": 0, "num_branches": 2, "num_partial_branches": 1, "covered_branches": 1, "missing_branches": 1}, "missing_lines": [77, 79, 80], "excluded_lines": [], "executed_branches": [[76, 78]], "missing_branches": [[76, 77]]}, "ExcelRepository.load": {"executed_lines": [87, 88, 89, 90, 91, 92, 93, 97], "summary": {"covered_lines": 8, "num_statements": 11, "percent_covered": 69.23076923076923, "percent_covered_display": "69.2", "missing_lines": 3, "excluded_lines": 0, "num_branches": 2, "num_partial_branches": 1, "covered_branches": 1, "missing_branches": 1}, "missing_lines": [94, 98, 99], "excluded_lines": [], "executed_branches": [[93, 97]], "missing_branches": [[93, 94]]}, "ExcelRepository.exists": {"executed_lines": [105, 106, 107, 108, 113], "summary": {"covered_lines": 5, "num_statements": 5, "percent_covered": 100.0, "percent_covered_display": "100.0", 
[...]
30, 639], [632, 637], [639, 670]], "missing_branches": [[632, 630], [639, 641]]}, "MLPerformanceMonitor.get_dashboard_data": {"executed_lines": [796, 799], "summary": {"covered_lines": 2, "num_statements": 3, "percent_covered": 60.0, "percent_covered_display": "60.0", "missing_lines": 1, "excluded_lines": 0, "num_branches": 2, "num_partial_branches": 1, "covered_branches": 1, "missing_branches": 1}, "missing_lines": [797], "excluded_lines": [], "executed_branches": [[796, 799]], "missing_branches": [[796, 797]]}, "MLPerformanceMonitor.get_recent_alerts": {"executed_lines": [805, 807, 810], "summary": {"covered_lines": 3, "num_statements": 4, "percent_covered": 66.66666666666667, "percent_covered_display": "66.7", "missing_lines": 1, "excluded_lines": 0, "num_branches": 2, "num_partial_branches": 1, "covered_branches": 1, "missing_branches": 1}, "missing_lines": [808], "excluded_lines": [], "executed_branches": [[807, 810]], "missing_branches": [[807, 808]]}, "MLPerformanceMonitor.acknowledge_alert": {"executed_lines": [814, 815, 816, 817, 819, 820], "summary": {"covered_lines": 6, "num_statements": 8, "percent_covered": 71.42857142857143, "percent_covered_display": "71.4", "missing_lines": 2, "excluded_lines": 0, "num_branches": 6, "num_partial_branches": 2, "covered_branches": 4, "missing_branches": 2}, "missing_lines": [818, 821], "excluded_lines": [], "executed_branches": [[814, 815], [815, 814], [815, 816], [817, 819]], "missing_branches": [[814, 821], [817, 818]]}, "MLPerformanceMonitor.resolve_alert": {"executed_lines": [825, 826, 827, 828, 829, 830], "summary": {"covered_lines": 6, "num_statements": 7, "percent_covered": 81.81818181818181, "percent_covered_display": "81.8", "missing_lines": 1, "excluded_lines": 0, "num_branches": 4, "num_partial_branches": 1, "covered_branches": 3, "missing_branches": 1}, "missing_lines": [831], "excluded_lines": [], "executed_branches": [[825, 826], [826, 825], [826, 827]], "missing_branches": [[825, 831]]}, "MLPerformanceMonitor.add_alert_handler": {"executed_lines": [], "summary": {"covered_lines": 0, "num_statements": 1, "percent_covered": 0.0, "percent_covered_display": "0.0", "missing_lines": 1, "excluded_lines": 0, "num_branches": 0, "num_partial_branches": 0, "covered_branches": 0, "missing_branches": 0}, "missing_lines": [835], "excluded_lines": [], "executed_branches": [], "missing_branches": []}, "MLPerformanceMonitor.save_performance_data": {"executed_lines": [839, 841, 842, 843, 844, 856, 857, 858, 859, 861, 862, 870, 871], "summary": {"covered_lines": 13, "num_statements": 19, "percent_covered": 70.37037037037037, "percent_covered_display": "70.4", "missing_lines": 6, "excluded_lines": 0, "num_branches": 8, "num_partial_branches": 2, "covered_branches": 6, "missing_branches": 2}, "missing_lines": [872, 873, 874, 876, 883, 884], "excluded_lines": [], "executed_branches": [[842, 843], [842, 856], [843, 842], [843, 844], [856, 857], [871, -837]], "missing_branches": [[856, 870], [871, 872]]}, "create_ml_performance_monitor": {"executed_lines": [], "summary": {"covered_lines": 0, "num_statements": 3, "percent_covered": 0.0, "percent_covered_display": "0.0", "missing_lines": 3, "excluded_lines": 0, "num_branches": 0, "num_partial_branches": 0, "covered_branches": 0, "missing_branches": 0}, "missing_lines": [890, 891, 892], "excluded_lines": [], "executed_branches": [], "missing_branches": []}, "": {"executed_lines": [2, 15, 16, 17, 18, 19, 20, 21, 22, 23, 24, 25, 26, 27, 29, 30, 33, 35, 40, 41, 42, 43, 44, 49, 50, 52, 53, 54, 55, 58, 59, 61, 62, 63, 64, 65, 66, 69, 70, 71, 73, 74, 75, 76, 77, 78, 81, 82, 83, 84, 87, 88, 89, 91, 96, 97, 98, 100, 101, 102, 103, 106, 107, 108, 111, 112, 113, 116, 117, 118, 120, 121, 122, 125, 126, 127, 130, 131, 132, 133, 134, 135, 138, 139, 140, 141, 142, 143, 144, 147, 148, 149, 152, 153, 154, 156, 187, 188, 190, 233, 243, 250, 261, 262, 308, 309, 373, 374, 402, 426, 464, 513, 532, 547, 556, 583, 616, 617, 793, 801, 812, 823, 833, 837, 888, 895], "summary": {"covered_lines": 118, "num_statements": 118, "percent_covered": 100.0, "percent_covered_display": "100.0", "missing_lines": 0, "excluded_lines": 15, "num_branches": 0, "num_partial_branches": 0, "covered_branches": 0, "missing_branches": 0}, "missing_lines": [], "excluded_lines": [895, 897, 898, 900, 901, 903, 904, 905, 906, 909, 910, 911, 913, 914, 915], "executed_branches": [], "missing_branches": []}}, "classes": {"AlertSeverity": {"executed_lines": [], "summary": {"covered_lines": 0, "num_statements": 0, "percent_covered": 100.0, "percent_covered_display": "100.0", "missing_lines": 0, "excluded_lines": 0, "num_branches": 0, "num_partial_branches": 0, "covered_branches": 0, "missing_branches": 0}, "missing_lines": [], "excluded_lines": [], "executed_branches": [], "missing_branches": []}, "MetricType": {"executed_lines": [], "summary": {"covered_lines": 0, "num_statements": 0, "percent_covered": 100.0, "percent_covered_display": "100.0", "missing_lines": 0, "excluded_lines": 0, "num_branches": 0, "num_partial_branches": 0, "covered_branches": 0, "missing_branches": 0}, "missing_lines": [], "excluded_lines": [], "executed_branches": [], "missing_branches": []}, "Alert": {"executed_lines": [93], "summary": {"covered_lines": 1, "num_statements": 1, "percent_covered": 100.0, "percent_covered_display": "100.0", "missing_lines": 0, "excluded_lines": 0, "num_branches": 0, "num_partial_branches": 0, "covered_branches": 0, "missing_branches": 0}, "missing_lines": [], "excluded_lines": [], "executed_branches": [], "missing_branches": []}, "PerformanceMetric": {"executed_lines": [], "summary": {"covered_lines": 0, "num_statements": 0, "percent_covered": 100.0, "percent_covered_display": "100.0", "missing_lines": 0, "excluded_lines": 0, "num_branches": 0, "num_partial_branches": 0, "covered_branches": 0, "missing_branches": 0}, "missing_lines": [], "excluded_lines": [], "executed_branches": [], "missing_branches": []}, "ModelPerformanceReport": {"executed_lines": [], "summary": {"covered_lines": 0, "num_statements": 1, "percent_covered": 0.0, "percent_covered_display": "0.0", "missing_lines": 1, "excluded_lines": 0, "num_branches": 0, "num_partial_branches": 0, "covered_branches": 0, "missing_branches": 0}, "missing_lines": [158], "excluded_lines": [], "executed_branches": [], "missing_branches": []}, "MLPerformanceMonitor": {"executed_lines": [191, 192, 193, 196, 197, 198, 201, 202, 205, 208, 211, 214, 217, 222, 223, 226, 227, 228, 231, 264, 265, 267, 277, 278, 279, 285, 286, 291, 292, 295, 303, 313, 314, 316, 317, 318, 323, 331, 338, 346, 356, 366, 370, 371, 376, 377, 378, 379, 380, 381, 384, 385, 387, 388, 397, 412, 423, 424, 435, 445, 448, 455, 466, 467, 470, 471, 472, 477, 478, 487, 490, 508, 515, 518, 519, 523, 524, 525, 527, 528, 530, 534, 536, 545, 549, 551, 554, 585, 586, 587, 590, 594, 595, 596, 601, 602, 603, 605, 606, 624, 625, 626, 629, 630, 631, 632, 637, 639, 670, 671, 680, 685, 687, 688, 690, 691, 692, 695, 701, 706, 711, 718, 719, 722, 730, 741, 746, 751, 754, 756, 796, 799, 805, 807, 810, 814, 815, 816, 817, 819, 820, 825, 826, 827, 828, 829, 830, 839, 841, 842, 843, 844, 856, 857, 858, 859, 861, 862, 870, 871], "summary": {"covered_lines": 160, "num_statements": 223, "percent_covered": 67.21311475409836, "percent_covered_display": "67.2", "missing_lines": 63, "excluded_lines": 0, "num_branches": 82, "num_partial_branches": 25, "covered_branches": 45, "missing_branches": 37}, "missing_lines": [235, 236, 238, 239, 240, 241, 245, 246, 247, 248, 252, 253, 254, 255, 256, 257, 258, 259, 305, 306, 347, 357, 399, 400, 449, 450, 451, 452, 510, 511, 526, 537, 538, 539, 552, 558, 559, 562, 563, 569, 570, 578, 580, 581, 588, 613, 614, 641, 789, 790, 791, 797, 808, 818, 821, 831, 835, 872, 873, 874, 876, 883, 884], "excluded_lines": [], "executed_branches": [[278, 279], [291, 292], [291, 295], [316, 317], [346, 356], [356, 366], [378, 379], [380, 381], [387, 388], [448, 455], [471, 472], [471, 487], [477, 478], [523, 524], [523, 525], [525, 527], [527, 528], [527, 530], [536, 545], [551, 554], [586, -583], [586, 587], [587, 590], [594, 595], [601, 602], [605, 606], [630, 631], [630, 639], [632, 637], [639, 670], [796, 799], [807, 810], [814, 815], [815, 814], [815, 816], [817, 819], [825, 826], [826, 825], [826, 827], [842, 843], [842, 856], [843, 842], [843, 844], [856, 857], [871, -837]], "missing_branches": [[235, 236], [235, 238], [246, 247], [246, 248], [252, -250], [252, 253], [278, 285], [316, 323], [346, 347], [356, 357], [378, 384], [380, 384], [387, 397], [448, 449], [477, 471], [525, 526], [536, 537], [537, 536], [537, 538], [551, 552], [562, 563], [562, 578], [569, 570], [569, 578], [587, 588], [594, 586], [601, 586], [605, 586], [632, 630], [639, 641], [796, 797], [807, 808], [814, 821], [817, 818], [825, 831], [856, 870], [871, 872]]}, "": {"executed_lines": [2, 15, 16, 17, 18, 19, 20, 21, 22, 23, 24, 25, 26, 27, 29, 30, 33, 35, 40, 41, 42, 43, 44, 49, 50, 52, 53, 54, 55, 58, 59, 61, 62, 63, 64, 65, 66, 69, 70, 71, 73, 74, 75, 76, 77, 78, 81, 82, 83, 84, 87, 88, 89, 91, 96, 97, 98, 100, 101, 102, 103, 106, 107, 108, 111, 112, 113, 116, 117, 118, 120, 121, 122, 125, 126, 127, 130, 131, 132, 133, 134, 135, 138, 139, 140, 141, 142, 143, 144, 147, 148, 149, 152, 153, 154, 156, 187, 188, 190, 233, 243, 250, 261, 262, 308, 309, 373, 374, 402, 426, 464, 513, 532, 547, 556, 583, 616, 617, 793, 801, 812, 823, 833, 837, 888, 895], "summary": {"covered_lines": 118, "num_statements": 121, "percent_covered": 97.52066115702479, "percent_covered_display": "97.5", "missing_lines": 3, "excluded_lines": 15, "num_branches": 0, "num_partial_branches": 0, "covered_branches": 0, "missing_branches": 0}, "missing_lines": [890, 891, 892], "excluded_lines": [895, 897, 898, 900, 901, 903, 904, 905, 906, 909, 910, 911, 913, 914, 915], "executed_branches": [], "missing_branches": []}}}, "src/risk/__init__.py": {"executed_lines": [1, 3, 5], "summary": {"covered_lines": 2, "num_statements": 2, "percent_covered": 100.0, "percent_covered_display": "100.0", "missing_lines": 0, "excluded_lines": 0, "num_branches": 0, "num_partial_branches": 0, "covered_branches": 0, "missing_branches": 0}, "missing_lines": [], "excluded_lines": [], "executed_branches": [], "missing_branches": [], "functions": {"": {"executed_lines": [1, 3, 5], "summary": {"covered_lines": 2, "num_statements": 2, "percent_covered": 100.0, "percent_covered_display": "100.0", "missing_lines": 0, "excluded_lines": 0, "num_branches": 0, "num_partial_branches": 0, "covered_branches": 0, "missing_branches": 0}, "missing_lines": [], "excluded_lines": [], "executed_branches": [], "missing_branches": []}}, "classes": {"": {"executed_lines": [1, 3, 5], "summary": {"covered_lines": 2, "num_statements": 2, "percent_covered": 100.0, "percent_covered_display": "100.0", "missing_lines": 0, "excluded_lines": 0, "num_branches": 0, "num_partial_branches": 0, "covered_branches": 0, "missing_branches": 0}, "missing_lines": [], "excluded_lines": [], "executed_branches": [], "missing_branches": []}}}, "src/services/ml_contracts/export_manifest_validator.py": {"executed_lines": [1, 34, 36, 37, 38, 40, 43, 45, 47, 48, 51, 52, 55, 57, 58, 59, 60, 61, 65, 66, 78, 81, 90, 91, 96, 98, 99, 100, 101, 107, 108, 109, 110, 111, 114, 115, 120, 121, 123, 124, 126, 127, 132, 133, 134, 137, 138, 141, 142, 145, 146, 149, 152, 153, 154, 157, 158, 159, 160, 163, 164, 165, 166, 167, 168, 169, 170, 171, 172, 173, 174, 175, 178, 184, 185, 188, 189, 190, 195, 200, 201, 202, 203, 204, 205, 206, 211, 212, 213, 215, 219, 222], "summary": {"covered_lines": 91, "num_statements": 123, "percent_covered": 73.91304347826087, "percent_covered_display": "73.9", "missing_lines": 32, "excluded_lines": 0, "num_branches": 38, "num_partial_branches": 6, "covered_branches": 28, "missing_branches": 10}, "missing_lines": [49, 50, 62, 63, 67, 68, 69, 70, 71, 74, 75, 76, 77, 92, 93, 102, 103, 104, 105, 116, 117, 125, 128, 129, 161, 162, 196, 197, 228, 229, 230, 231], "excluded_lines": [], "executed_branches": [[48, 51], [58, 59], [58, 65], [66, 78], [99, 100], [99, 107], [101, 107], [107, 108], [110, 111], [110, 114], [124, 126], [169, 170], [169, 171], [171, 172], [171, 173], [173, 174], [173, 175], [189, 190], [189, 195], [195, 200], [201, 202], [201, 203], [203, 204], [203, 211], [205, 206], [205, 211], [212, 213], [212, 215]], "missing_branches": [[48, 49], [66, 67], [68, 69], [68, 78], [101, 102], [107, 110], [124, 125], [195, 196], [196, 195], [196, 197]], "functions": {"_contracts_base": {"executed_lines": [45, 47, 48, 51, 52], "summary": {"covered_lines": 5, "num_statements": 7, "percent_covered": 66.66666666666667, "percent_covered_display": "66.7", "missing_lines": 2, "excluded_lines": 0, "num_branches": 2, "num_partial_branches": 1, "covered_branches": 1, "missing_branches": 1}, "missing_lines": [49, 50], "excluded_lines": [], "executed_branches": [[48, 51]], "missing_branches": [[48, 49]]}, "_load_promotion_rule": {"executed_lines": [57, 58, 59, 60, 61, 65, 66, 78], "summary": {"covered_lines": 8, "num_statements": 19, "percent_covered": 44.0, "percent_covered_display": "44.0", "missing_lines": 11, "excluded_lines": 0, "num_branches": 6, "num_partial_branches": 1, "covered_branches": 3, "missing_branches": 3}, "missing_lines": [62, 63, 67, 68, 69, 70, 71, 74, 75, 76, 77], "excluded_lines": [], "executed_branches": [[58, 59], [58, 65], [66, 78]], "missing_branches": [[66, 67], [68, 69], [68, 78]]}, "_validate_against_json_schema": {"executed_lines": [90, 91, 96, 98, 99, 100, 101, 107, 108, 109, 110, 111, 114, 115, 120, 121, 123, 124, 126, 127], "summary": {"covered_lines": 20, "num_statements": 31, "percent_covered": 65.85365853658537, "percent_covered_display": "65.9", "missing_lines": 11, "excluded_lines": 0, "num_branches": 10, "num_partial_branches": 3, "covered_branches": 7, "missing_branches": 3}, "missing_lines": [92, 93, 102, 103, 104, 105, 116, 117, 125, 128, 129], "excluded_lines": [], "executed_branches": [[99, 100], [99, 107], [101, 107], [107, 108], [110, 111], [110, 114], [124, 126]], "missing_branches": [[101, 102], [107, 110], [124, 125]]}, "_extract_alias": {"executed_lines": [133, 134, 137, 138, 141, 142, 145, 146], "summary": {"covered_lines": 8, "num_statements": 8, "percent_covered": 100.0, "percent_covered_display": "100.0", "missing_lines": 0, "excluded_lines": 0, "num_branches": 0, "num_partial_branches": 0, "covered_branches": 0, "missing_branches": 0}, "missing_lines": [], "excluded_lines": [], "executed_branches": [], "missing_branches": []}, "_apply_promotion_thresholds": {"executed_lines": [152, 153, 154, 157, 158, 159, 160, 163, 164, 165, 166, 167, 168, 169, 170, 171, 172, 173, 174, 175], "summary": {"covered_lines": 20, "num_statements": 22, "percent_covered": 92.85714285714286, "percent_covered_display": "92.9", "missing_lines": 2, "excluded_lines": 0, "num_branches": 6, "num_partial_branches": 0, "covered_branches": 6, "missing_branches": 0}, "missing_lines": [161, 162], "excluded_lines": [], "executed_branches": [[169, 170], [169, 171], [171, 172], [171, 173], [173, 174], [173, 175]], "missing_branches": []}, "validate_export_manifest": {"executed_lines": [184, 185, 188, 189, 190, 195, 200, 201, 202, 203, 204, 205, 206, 211, 212, 213, 215, 219], "summary": {"covered_lines": 18, "num_statements": 20, "percent_covered": 85.29411764705883, "percent_covered_display": "85.3", "missing_lines": 2, "excluded_lines": 0, "num_branches": 14, "num_partial_branches": 1, "covered_branches": 11, "missing_branches": 3}, "missing_lines": [196, 197], "excluded_lines": [], "executed_branches": [[189, 190], [189, 195], [195, 200], [201, 202], [201, 203], [203, 204], [203, 211], [205, 206], [205, 211], [212, 213], [212, 215]], "missing_branches": [[195, 196], [196, 195], [196, 197]]}, "validate_export_manifest_file": {"executed_lines": [], "summary": {"covered_lines": 0, "num_statements": 4, "percent_covered": 0.0, "percent_covered_display": "0.0", "missing_lines": 4, "excluded_lines": 0, "num_branches": 0, "num_partial_branches": 0, "covered_branches": 0, "missing_branches": 0}, "missing_lines": [228, 229, 230, 231], "excluded_lines": [], "executed_branches": [], "missing_branches": []}, "": {"executed_lines": [1, 34, 36, 37, 38, 40, 43, 55, 81, 132, 149, 178, 222], "summary": {"covered_lines": 12, "num_statements": 12, "percent_covered": 100.0, "percent_covered_display": "100.0", "missing_lines": 0, "excluded_lines": 0, "num_branches": 0, "num_partial_branches": 0, "covered_branches": 0, "missing_branches": 0}, "missing_lines": [], "excluded_lines": [], "executed_branches": [], "missing_branches": []}}, "classes": {"": {"executed_lines": [1, 34, 36, 37, 38, 40, 43, 45, 47, 48, 51, 52, 55, 57, 58, 59, 60, 61, 65, 66, 78, 81, 90, 91, 96, 98, 99, 100, 101, 107, 108, 109, 110, 111, 114, 115, 120, 121, 123, 124, 126, 127, 132, 133, 134, 137, 138, 141, 142, 145, 146, 149, 152, 153, 154, 157, 158, 159, 160, 163, 164, 165, 166, 167, 168, 169, 170, 171, 172, 173, 174, 175, 178, 184, 185, 188, 189, 190, 195, 200, 201, 202, 203, 204, 205, 206, 211, 212, 213, 215, 219, 222], "summary": {"covered_lines": 91, "num_statements": 123, "percent_covered": 73.91304347826087, "percent_covered_display": "73.9", "missing_lines": 32, "excluded_lines": 0, "num_branches": 38, "num_partial_branches": 6, "covered_branches": 28, "missing_branches": 10}, "missing_lines": [49, 50, 62, 63, 67, 68, 69, 70, 71, 74, 75, 76, 77, 92, 93, 102, 103, 104, 105, 116, 117, 125, 128, 129, 161, 162, 196, 197, 228, 229, 230, 231], "excluded_lines": [], "executed_branches": [[48, 51], [58, 59], [58, 65], [66, 78], [99, 100], [99, 107], [101, 107], [107, 108], [110, 111], [110, 114], [124, 126], [169, 170], [169, 171], [171, 172], [171, 173], [173, 174], [173, 175], [189, 190], [189, 195], [195, 200], [201, 202], [201, 203], [203, 204], [203, 211], [205, 206], [205, 211], [212, 213], [212, 215]], "missing_branches": [[48, 49], [66, 67], [68, 69], [68, 78], [101, 102], [107, 110], [124, 125], [195, 196], [196, 195], [196, 197]]}}}, "src/utils/timezones.py": {"executed_lines": [1, 3, 5, 7, 10, 17, 18, 19, 22, 25], "summary": {"covered_lines": 10, "num_statements": 10, "percent_covered": 100.0, "percent_covered_display": "100.0", "missing_lines": 0, "excluded_lines": 0, "num_branches": 0, "num_partial_branches": 0, "covered_branches": 0, "missing_branches": 0}, "missing_lines": [], "excluded_lines": [], "executed_branches": [], "missing_branches": [], "functions": {"et_session_window_utc": {"executed_lines": [17, 18, 19, 22, 25], "summary": {"covered_lines": 5, "num_statements": 5, "percent_covered": 100.0, "percent_covered_display": "100.0", "missing_lines": 0, "excluded_lines": 0, "num_branches": 0, "num_partial_branches": 0, "covered_branches": 0, "missing_branches": 0}, "missing_lines": [], "excluded_lines": [], "executed_branches": [], "missing_branches": []}, "": {"executed_lines": [1, 3, 5, 7, 10], "summary": {"covered_lines": 5, "num_statements": 5, "percent_covered": 100.0, "percent_covered_display": "100.0", "missing_lines": 0, "excluded_lines": 0, "num_branches": 0, "num_partial_branches": 0, "covered_branches": 0, "missing_branches": 0}, "missing_lines": [], "excluded_lines": [], "executed_branches": [], "missing_branches": []}}, "classes": {"": {"executed_lines": [1, 3, 5, 7, 10, 17, 18, 19, 22, 25], "summary": {"covered_lines": 10, "num_statements": 10, "percent_covered": 100.0, "percent_covered_display": "100.0", "missing_lines": 0, "excluded_lines": 0, "num_branches": 0, "num_partial_branches": 0, "covered_branches": 0, "missing_branches": 0}, "missing_lines": [], "excluded_lines": [], "executed_branches": [], "missing_branches": []}}}}, "totals": {"covered_lines": 1645, "num_statements": 2117, "percent_covered": 74.60194174757281, "percent_covered_display": "74.6", "missing_lines": 472, "excluded_lines": 60, "num_branches": 458, "num_partial_branches": 106, "covered_branches": 276, "missing_branches": 182}}