{"meta": {"format": 3, "version": "7.10.3", "timestamp": "2025-08-12T23:08:02.843725", "branch_coverage": true, "show_contexts": false}, "files": {"src/__init__.py": {"executed_lines": [1, 9, 10], "summary": {"covered_lines": 2, "num_statements": 2, "percent_covered": 100.0, "percent_covered_display": "100.0", "missing_lines": 0, "excluded_lines": 0, "num_branches": 0, "num_partial_branches": 0, "covered_branches": 0, "missing_branches": 0}, "missing_lines": [], "excluded_lines": [], "executed_branches": [], "missing_branches": [], "functions": {"": {"executed_lines": [1, 9, 10], "summary": {"covered_lines": 2, "num_statements": 2, "percent_covered": 100.0, "percent_covered_display": "100.0", "missing_lines": 0, "excluded_lines": 0, "num_branches": 0, "num_partial_branches": 0, "covered_branches": 0, "missing_branches": 0}, "missing_lines": [], "excluded_lines": [], "executed_branches": [], "missing_branches": []}}, "classes": {"": {"executed_lines": [1, 9, 10], "summary": {"covered_lines": 2, "num_statements": 2, "percent_covered": 100.0, "percent_covered_display": "100.0", "missing_lines": 0, "excluded_lines": 0, "num_branches": 0, "num_partial_branches": 0, "covered_branches": 0, "missing_branches": 0}, "missing_lines": [], "excluded_lines": [], "executed_branches": [], "missing_branches": []}}}, "src/api.py": {"executed_lines": [1, 8, 10, 11, 14, 17, 18, 19, 20, 22, 26, 29, 32, 35, 38, 39, 42, 43, 44, 45, 46, 47, 48, 49, 50, 51, 52, 53, 54, 55, 56, 57, 58, 59, 60, 61, 63, 64, 65, 66, 70, 71, 72, 75, 76, 77, 80, 81, 82, 85, 86, 87, 92, 93, 94, 97, 98, 99, 102, 103, 107, 108, 109, 112, 113, 117, 118, 122, 123, 127, 128, 132, 133, 134, 137, 138, 142, 143, 147, 148, 152, 153, 157, 158, 162, 163, 167, 168, 172, 173, 177, 178, 182, 183, 187, 188, 189, 191, 192, 193, 196], "summary": {"covered_lines": 100, "num_statements": 115, "percent_covered": 87.17948717948718, "percent_covered_display": "87.2", "missing_lines": 15, "excluded_lines": 0, "num_branches": 2, "num_partial_branches": 0, "covered_branches": 2, "missing_branches": 0}, "missing_lines": [104, 114, 119, 124, 129, 139, 144, 149, 154, 159, 164, 169, 174, 179, 184], "excluded_lines": [], "executed_branches": [[188, 189], [188, 193]], "missing_branches": [], "functions": {"_export": {"executed_lines": [18, 22], "summary": {"covered_lines": 2, "num_statements": 2, "percent_covered": 100.0, "percent_covered_display": "100.0", "missing_lines": 0, "excluded_lines": 0, "num_branches": 0, "num_partial_branches": 0, "covered_branches": 0, "missing_branches": 0}, "missing_lines": [], "excluded_lines": [], "executed_branches": [], "missing_branches": []}, "_export.dec": {"executed_lines": [19, 20], "summary": {"covered_lines": 2, "num_statements": 2, "percent_covered": 100.0, "percent_covered_display": "100.0", "missing_lines": 0, "excluded_lines": 0, "num_branches": 0, "num_partial_branches": 0, "covered_branches": 0, "missing_branches": 0}, "missing_lines": [], "excluded_lines": [], "executed_branches": [], "missing_branches": []}, "_load_ml_signal_executor": {"executed_lines": [72], "summary": {"covered_lines": 1, "num_statements": 1, "percent_covered": 100.0, "percent_covered_display": "100.0", "missing_lines": 0, "excluded_lines": 0, "num_branches": 0, "num_partial_branches": 0, "covered_branches": 0, "missing_branches": 0}, "missing_lines": [], "excluded_lines": [], "executed_branches": [], "missing_branches": []}, "_load_ml_risk_manager": {"executed_lines": [77], "summary": {"covered_lines": 1, "num_statements": 1, "percent_covered": 100.0, "percent_covered_display": "100.0", "missing_lines": 0, "excluded_lines": 0, "num_branches": 0, "num_partial_branches": 0, "covered_branches": 0, "missing_branches": 0}, "missing_lines": [], "excluded_lines": [], "executed_branches": [], "missing_branches": []}, "_load_ml_performance_monitor": {"executed_lines": [82], "summary": {"covered_lines": 1, "num_statements": 1, "percent_covered": 100.0, "percent_covered_display": "100.0", "missing_lines": 0, "excluded_lines": 0, "num_branches": 0, "num_partial_branches": 0, "covered_branches": 0, "missing_branches": 0}, "missing_lines": [], "excluded_lines": [], "executed_branches": [], "missing_branches": []}, "_load_ml_order_management_service": {"executed_lines": [87], "summary": {"covered_lines": 1, "num_statements": 1, "percent_covered": 100.0, "percent_covered_display": "100.0", "missing_lines": 0, "excluded_lines": 0, "num_branches": 0, "num_partial_branches": 0, "covered_branches": 0, "missing_branches": 0}, "missing_lines": [], "excluded_lines": [], "executed_branches": [], "missing_branches": []}, "_load_stock": {"executed_lines": [94], "summary": {"covered_lines": 1, "num_statements": 1, "percent_covered": 100.0, "percent_covered_display": "100.0", "missing_lines": 0, "excluded_lines": 0, "num_branches": 0, "num_partial_branches": 0, "covered_branches": 0, "missing_branches": 0}, "missing_lines": [], "excluded_lines": [], "executed_branches": [], "missing_branches": []}, "_load_forex": {"executed_lines": [99], "summary": {"covered_lines": 1, "num_statements": 1, "percent_covered": 100.0, "percent_covered_display": "100.0", "missing_lines": 0, "excluded_lines": 0, "num_branches": 0, "num_partial_branches": 0, "covered_branches": 0, "missing_branches": 0}, "missing_lines": [], "excluded_lines": [], "executed_branches": [], "missing_branches": []}, "_load_future": {"executed_lines": [], "summary": {"covered_lines": 0, "num_statements": 1, "percent_covered": 0.0, "percent_covered_display": "0.0", "missing_lines": 1, "excluded_lines": 0, "num_branches": 0, "num_partial_branches": 0, "covered_branches": 0, "missing_branches": 0}, "missing_lines": [104], "excluded_lines": [], "executed_branches": [], "missing_branches": []}, "_load_req_hist": {"executed_lines": [109], "summary": {"covered_lines": 1, "num_statements": 1, "percent_covered": 100.0, "percent_covered_display": "100.0", "missing_lines": 0, "excluded_lines": 0, "num_branches": 0, "num_partial_branches": 0, "covered_branches": 0, "missing_branches": 0}, "missing_lines": [], "excluded_lines": [], "executed_branches": [], "missing_branches": []}, "_load_req_mkt_depth": {"executed_lines": [], "summary": {"covered_lines": 0, "num_statements": 1, "percent_covered": 0.0, "percent_covered_display": "0.0", "missing_lines": 1, "excluded_lines": 0, "num_branches": 0, "num_partial_branches": 0, "covered_branches": 0, "missing_branches": 0}, "missing_lines": [114], "excluded_lines": [], "executed_branches": [], "missing_branches": []}, "_load_req_tbd": {"executed_lines": [], "summary": {"covered_lines": 0, "num_statements": 1, "percent_covered": 0.0, "percent_covered_display": "0.0", "missing_lines": 1, "excluded_lines": 0, "num_branches": 0, "num_partial_branches": 0, "covered_branches": 0, "missing_branches": 0}, "missing_lines": [119], "excluded_lines": [], "executed_branches": [], "missing_branches": []}, "_load_get_ib": {"executed_lines": [], "summary": {"covered_lines": 0, "num_statements": 1, "percent_covered": 0.0, "percent_covered_display": "0.0", "missing_lines": 1, "excluded_lines": 0, "num_branches": 0, "num_partial_branches": 0, "covered_branches": 0, "missing_branches": 0}, "missing_lines": [124], "excluded_lines": [], "executed_branches": [], "missing_branches": []}, "_load_close_ib": {"executed_lines": [], "summary": {"covered_lines": 0, "num_statements": 1, "percent_covered": 0.0, "percent_covered_display": "0.0", "missing_lines": 1, "excluded_lines": 0, "num_branches": 0, "num_partial_branches": 0, "covered_branches": 0, "missing_branches": 0}, "missing_lines": [129], "excluded_lines": [], "executed_branches": [], "missing_branches": []}, "_load_ib_client_available": {"executed_lines": [134], "summary": {"covered_lines": 1, "num_statements": 1, "percent_covered": 100.0, "percent_covered_display": "100.0", "missing_lines": 0, "excluded_lines": 0, "num_branches": 0, "num_partial_branches": 0, "covered_branches": 0, "missing_branches": 0}, "missing_lines": [], "excluded_lines": [], "executed_branches": [], "missing_branches": []}, "_load_ib_unavailable_error": {"executed_lines": [], "summary": {"covered_lines": 0, "num_statements": 1, "percent_covered": 0.0, "percent_covered_display": "0.0", "missing_lines": 1, "excluded_lines": 0, "num_branches": 0, "num_partial_branches": 0, "covered_branches": 0, "missing_branches": 0}, "missing_lines": [139], "excluded_lines": [], "executed_branches": [], "missing_branches": []}, "_load_rate_limiter": {"executed_lines": [], "summary": {"covered_lines": 0, "num_statements": 1, "percent_covered": 0.0, "percent_covered_display": "0.0", "missing_lines": 1, "excluded_lines": 0, "num_branches": 0, "num_partial_branches": 0, "covered_branches": 0, "missing_branches": 0}, "missing_lines": [144], "excluded_lines": [], "executed_branches": [], "missing_branches": []}, "_load_gather_bounded": {"executed_lines": [], "summary": {"covered_lines": 0, "num_statements": 1, "percent_covered": 0.0, "percent_covered_display": "0.0", "missing_lines": 1, "excluded_lines": 0, "num_branches": 0, "num_partial_branches": 0, "covered_branches": 0, "missing_branches": 0}, "missing_lines": [149], "excluded_lines": [], "executed_branches": [], "missing_branches": []}, "_load_with_retry": {"executed_lines": [], "summary": {"covered_lines": 0, "num_statements": 1, "percent_covered": 0.0, "percent_covered_display": "0.0", "missing_lines": 1, "excluded_lines": 0, "num_branches": 0, "num_partial_branches": 0, "covered_branches": 0, "missing_branches": 0}, "missing_lines": [154], "excluded_lines": [], "executed_branches": [], "missing_branches": []}, "_load_bar_row": {"executed_lines": [], "summary": {"covered_lines": 0, "num_statements": 1, "percent_covered": 0.0, "percent_covered_display": "0.0", "missing_lines": 1, "excluded_lines": 0, "num_branches": 0, "num_partial_branches": 0, "covered_branches": 0, "missing_branches": 0}, "missing_lines": [159], "excluded_lines": [], "executed_branches": [], "missing_branches": []}, "_load_bar_size": {"executed_lines": [], "summary": {"covered_lines": 0, "num_statements": 1, "percent_covered": 0.0, "percent_covered_display": "0.0", "missing_lines": 1, "excluded_lines": 0, "num_branches": 0, "num_partial_branches": 0, "covered_branches": 0, "missing_branches": 0}, "missing_lines": [164], "excluded_lines": [], "executed_branches": [], "missing_branches": []}, "_load_market_snapshot": {"executed_lines": [], "summary": {"covered_lines": 0, "num_statements": 1, "percent_covered": 0.0, "percent_covered_display": "0.0", "missing_lines": 1, "excluded_lines": 0, "num_branches": 0, "num_partial_branches": 0, "covered_branches": 0, "missing_branches": 0}, "missing_lines": [169], "excluded_lines": [], "executed_branches": [], "missing_branches": []}, "_load_tick_record": {"executed_lines": [], "summary": {"covered_lines": 0, "num_statements": 1, "percent_covered": 0.0, "percent_covered_display": "0.0", "missing_lines": 1, "excluded_lines": 0, "num_branches": 0, "num_partial_branches": 0, "covered_branches": 0, "missing_branches": 0}, "missing_lines": [174], "excluded_lines": [], "executed_branches": [], "missing_branches": []}, "_load_tick_type": {"executed_lines": [], "summary": {"covered_lines": 0, "num_statements": 1, "percent_covered": 0.0, "percent_covered_display": "0.0", "missing_lines": 1, "excluded_lines": 0, "num_branches": 0, "num_partial_branches": 0, "covered_branches": 0, "missing_branches": 0}, "missing_lines": [179], "excluded_lines": [], "executed_branches": [], "missing_branches": []}, "_load_what_to_show": {"executed_lines": [], "summary": {"covered_lines": 0, "num_statements": 1, "percent_covered": 0.0, "percent_covered_display": "0.0", "missing_lines": 1, "excluded_lines": 0, "num_branches": 0, "num_partial_branches": 0, "covered_branches": 0, "missing_branches": 0}, "missing_lines": [184], "excluded_lines": [], "executed_branches": [], "missing_branches": []}, "__getattr__": {"executed_lines": [188, 189, 191, 192, 193], "summary": {"covered_lines": 5, "num_statements": 5, "percent_covered": 100.0, "percent_covered_display": "100.0", "missing_lines": 0, "excluded_lines": 0, "num_branches": 2, "num_partial_branches": 0, "covered_branches": 2, "missing_branches": 0}, "missing_lines": [], "excluded_lines": [], "executed_branches": [[188, 189], [188, 193]], "missing_branches": []}, "": {"executed_lines": [1, 8, 10, 11, 14, 17, 26, 29, 32, 35, 38, 39, 42, 43, 44, 45, 46, 47, 48, 49, 50, 51, 52, 53, 54, 55, 56, 57, 58, 59, 60, 61, 63, 64, 65, 66, 70, 71, 75, 76, 80, 81, 85, 86, 92, 93, 97, 98, 102, 103, 107, 108, 112, 113, 117, 118, 122, 123, 127, 128, 132, 133, 137, 138, 142, 143, 147, 148, 152, 153, 157, 158, 162, 163, 167, 168, 172, 173, 177, 178, 182, 183, 187, 196], "summary": {"covered_lines": 83, "num_statements": 83, "percent_covered": 100.0, "percent_covered_display": "100.0", "missing_lines": 0, "excluded_lines": 0, "num_branches": 0, "num_partial_branches": 0, "covered_branches": 0, "missing_branches": 0}, "missing_lines": [], "excluded_lines": [], "executed_branches": [], "missing_branches": []}}, "classes": {"": {"executed_lines": [1, 8, 10, 11, 14, 17, 18, 19, 20, 22, 26, 29, 32, 35, 38, 39, 42, 43, 44, 45, 46, 47, 48, 49, 50, 51, 52, 53, 54, 55, 56, 57, 58, 59, 60, 61, 63, 64, 65, 66, 70, 71, 72, 75, 76, 77, 80, 81, 82, 85, 86, 87, 92, 93, 94, 97, 98, 99, 102, 103, 107, 108, 109, 112, 113, 117, 118, 122, 123, 127, 128, 132, 133, 134, 137, 138, 142, 143, 147, 148, 152, 153, 157, 158, 162, 163, 167, 168, 172, 173, 177, 178, 182, 183, 187, 188, 189, 191, 192, 193, 196], "summary": {"covered_lines": 100, "num_statements": 115, "percent_covered": 87.17948717948718, "percent_covered_display": "87.2", "missing_lines": 15, "excluded_lines": 0, "num_branches": 2, "num_partial_branches": 0, "covered_branches": 2, "missing_branches": 0}, "missing_lines": [104, 114, 119, 124, 129, 139, 144, 149, 154, 159, 164, 169, 174, 179, 184], "excluded_lines": [], "executed_branches": [[188, 189], [188, 193]], "missing_branches": []}}}, "src/core/__init__.py": {"executed_lines": [2, 13, 23, 36, 48, 79, 102, 104], "summary": {"covered_lines": 7, "num_statements": 11, "percent_covered": 53.84615384615385, "percent_covered_display": "53.8", "missing_lines": 4, "excluded_lines": 0, "num_branches": 2, "num_partial_branches": 0, "covered_branches": 0, "missing_branches": 2}, "missing_lines": [89, 90, 92, 99], "excluded_lines": [], "executed_branches": [], "missing_branches": [[89, 90], [89, 92]], "functions": {"setup_trading_system": {"executed_lines": [], "summary": {"covered_lines": 0, "num_statements": 4, "percent_covered": 0.0, "percent_covered_display": "0.0", "missing_lines": 4, "excluded_lines": 0, "num_branches": 2, "num_partial_branches": 0, "covered_branches": 0, "missing_branches": 2}, "missing_lines": [89, 90, 92, 99], "excluded_lines": [], "executed_branches": [], "missing_branches": [[89, 90], [89, 92]]}, "": {"executed_lines": [2, 13, 23, 36, 48, 79, 102, 104], "summary": {"covered_lines": 7, "num_statements": 7, "percent_covered": 100.0, "percent_covered_display": "100.0", "missing_lines": 0, "excluded_lines": 0, "num_branches": 0, "num_partial_branches": 0, "covered_branches": 0, "missing_branches": 0}, "missing_lines": [], "excluded_lines": [], "executed_branches": [], "missing_branches": []}}, "classes": {"": {"executed_lines": [2, 13, 23, 36, 48, 79, 102, 104], "summary": {"covered_lines": 7, "num_statements": 11, "percent_covered": 53.84615384615385, "percent_covered_display": "53.8", "missing_lines": 4, "excluded_lines": 0, "num_branches": 2, "num_partial_branches": 0, "covered_branches": 0, "missing_branches": 2}, "missing_lines": [89, 90, 92, 99], "excluded_lines": [], "executed_branches": [], "missing_branches": [[89, 90], [89, 92]]}}}, "src/core/config.py": {"executed_lines": [4, 5, 6, 7, 8, 9, 12, 13, 14, 15, 18, 19, 20, 22, 23, 24, 25, 26, 28, 30, 31, 32, 33, 36, 37, 38, 40, 41, 42, 43, 44, 46, 48, 49, 50, 51, 52, 54, 56, 57, 60, 61, 62, 64, 65, 66, 67, 68, 70, 71, 72, 75, 76, 77, 79, 80, 81, 82, 83, 84, 85, 88, 89, 91, 92, 94, 95, 98, 100, 101, 102, 103, 106, 107, 110, 112, 114, 120, 122, 123, 126, 130, 132, 133, 134, 135, 136, 141, 143, 145, 171, 173, 177, 178, 180, 188, 190, 196, 197, 198, 200, 207, 208, 209, 211, 224, 225, 226, 227, 228, 229, 230, 231, 232, 234, 235, 236, 238, 243, 247, 256, 259, 262, 263, 264, 267, 275, 281, 287], "summary": {"covered_lines": 122, "num_statements": 142, "percent_covered": 85.29411764705883, "percent_covered_display": "85.3", "missing_lines": 20, "excluded_lines": 3, "num_branches": 28, "num_partial_branches": 3, "covered_branches": 23, "missing_branches": 5}, "missing_lines": [128, 137, 138, 174, 175, 233, 240, 241, 245, 249, 250, 252, 270, 271, 277, 278, 283, 284, 289, 290], "excluded_lines": [110, 111, 112], "executed_branches": [[30, 31], [30, 32], [32, -28], [32, 33], [56, -54], [56, 57], [71, -70], [71, 72], [120, 122], [120, 126], [126, -114], [132, 133], [132, 141], [173, 177], [224, 225], [224, 228], [228, 229], [228, 232], [232, 234], [234, 235], [234, 236], [262, 263], [262, 264]], "missing_branches": [[126, 128], [173, 174], [232, 233], [249, 250], [249, 252]], "functions": {"IBConnectionConfig.validate": {"executed_lines": [30, 31, 32, 33], "summary": {"covered_lines": 4, "num_statements": 4, "percent_covered": 100.0, "percent_covered_display": "100.0", "missing_lines": 0, "excluded_lines": 0, "num_branches": 4, "num_partial_branches": 0, "covered_branches": 4, "missing_branches": 0}, "missing_lines": [], "excluded_lines": [], "executed_branches": [[30, 31], [30, 32], [32, -28], [32, 33]], "missing_branches": []}, "DataPathConfig.__post_init__": {"executed_lines": [48, 49, 50, 51, 52], "summary": {"covered_lines": 5, "num_statements": 5, "percent_covered": 100.0, "percent_covered_display": "100.0", "missing_lines": 0, "excluded_lines": 0, "num_branches": 0, "num_partial_branches": 0, "covered_branches": 0, "missing_branches": 0}, "missing_lines": [], "excluded_lines": [], "executed_branches": [], "missing_branches": []}, "DataPathConfig.create_directories": {"executed_lines": [56, 57], "summary": {"covered_lines": 2, "num_statements": 2, "percent_covered": 100.0, "percent_covered_display": "100.0", "missing_lines": 0, "excluded_lines": 0, "num_branches": 2, "num_partial_branches": 0, "covered_branches": 2, "missing_branches": 0}, "missing_lines": [], "excluded_lines": [], "executed_branches": [[56, -54], [56, 57]], "missing_branches": []}, "DataUpdateConfig.__post_init__": {"executed_lines": [71, 72], "summary": {"covered_lines": 2, "num_statements": 2, "percent_covered": 100.0, "percent_covered_display": "100.0", "missing_lines": 0, "excluded_lines": 0, "num_branches": 2, "num_partial_branches": 0, "covered_branches": 2, "missing_branches": 0}, "missing_lines": [], "excluded_lines": [], "executed_branches": [[71, -70], [71, 72]], "missing_branches": []}, "ConfigManager.__init__": {"executed_lines": [92, 94, 95, 98, 100, 101, 102, 103, 106, 107], "summary": {"covered_lines": 10, "num_statements": 10, "percent_covered": 100.0, "percent_covered_display": "100.0", "missing_lines": 0, "excluded_lines": 0, "num_branches": 0, "num_partial_branches": 0, "covered_branches": 0, "missing_branches": 0}, "missing_lines": [], "excluded_lines": [], "executed_branches": [], "missing_branches": []}, "ConfigManager._get_config_file_path": {"executed_lines": [112], "summary": {"covered_lines": 0, "num_statements": 0, "percent_covered": 100.0, "percent_covered_display": "100.0", "missing_lines": 0, "excluded_lines": 2, "num_branches": 0, "num_partial_branches": 0, "covered_branches": 0, "missing_branches": 0}, "missing_lines": [], "excluded_lines": [111, 112], "executed_branches": [], "missing_branches": []}, "ConfigManager._apply_environment_overrides": {"executed_lines": [120, 122, 123, 126], "summary": {"covered_lines": 4, "num_statements": 5, "percent_covered": 77.77777777777777, "percent_covered_display": "77.8", "missing_lines": 1, "excluded_lines": 0, "num_branches": 4, "num_partial_branches": 1, "covered_branches": 3, "missing_branches": 1}, "missing_lines": [128], "excluded_lines": [], "executed_branches": [[120, 122], [120, 126], [126, -114]], "missing_branches": [[126, 128]]}, "ConfigManager._load_config": {"executed_lines": [132, 133, 134, 135, 136, 141], "summary": {"covered_lines": 6, "num_statements": 8, "percent_covered": 80.0, "percent_covered_display": "80.0", "missing_lines": 2, "excluded_lines": 0, "num_branches": 2, "num_partial_branches": 0, "covered_branches": 2, "missing_branches": 0}, "missing_lines": [137, 138], "excluded_lines": [], "executed_branches": [[132, 133], [132, 141]], "missing_branches": []}, "ConfigManager._get_default_config": {"executed_lines": [145], "summary": {"covered_lines": 1, "num_statements": 1, "percent_covered": 100.0, "percent_covered_display": "100.0", "missing_lines": 0, "excluded_lines": 0, "num_branches": 0, "num_partial_branches": 0, "covered_branches": 0, "missing_branches": 0}, "missing_lines": [], "excluded_lines": [], "executed_branches": [], "missing_branches": []}, "ConfigManager._get_platform_paths": {"executed_lines": [173, 177, 178, 180], "summary": {"covered_lines": 4, "num_statements": 6, "percent_covered": 62.5, "percent_covered_display": "62.5", "missing_lines": 2, "excluded_lines": 0, "num_branches": 2, "num_partial_branches": 1, "covered_branches": 1, "missing_branches": 1}, "missing_lines": [174, 175], "excluded_lines": [], "executed_branches": [[173, 177]], "missing_branches": [[173, 174]]}, "ConfigManager.save_config": {"executed_lines": [190, 196, 197, 198], "summary": {"covered_lines": 4, "num_statements": 4, "percent_covered": 100.0, "percent_covered_display": "100.0", "missing_lines": 0, "excluded_lines": 0, "num_branches": 0, "num_partial_branches": 0, "covered_branches": 0, "missing_branches": 0}, "missing_lines": [], "excluded_lines": [], "executed_branches": [], "missing_branches": []}, "ConfigManager.get_data_file_path": {"executed_lines": [207, 208, 209, 211, 224, 225, 226, 227, 228, 229, 230, 231, 232, 234, 235, 236], "summary": {"covered_lines": 16, "num_statements": 17, "percent_covered": 92.0, "percent_covered_display": "92.0", "missing_lines": 1, "excluded_lines": 0, "num_branches": 8, "num_partial_branches": 1, "covered_branches": 7, "missing_branches": 1}, "missing_lines": [233], "excluded_lines": [], "executed_branches": [[224, 225], [224, 228], [228, 229], [228, 232], [232, 234], [234, 235], [234, 236]], "missing_branches": [[232, 233]]}, "ConfigManager.get_backup_path": {"executed_lines": [], "summary": {"covered_lines": 0, "num_statements": 2, "percent_covered": 0.0, "percent_covered_display": "0.0", "missing_lines": 2, "excluded_lines": 0, "num_branches": 0, "num_partial_branches": 0, "covered_branches": 0, "missing_branches": 0}, "missing_lines": [240, 241], "excluded_lines": [], "executed_branches": [], "missing_branches": []}, "ConfigManager.is_paper_trading": {"executed_lines": [], "summary": {"covered_lines": 0, "num_statements": 1, "percent_covered": 0.0, "percent_covered_display": "0.0", "missing_lines": 1, "excluded_lines": 0, "num_branches": 0, "num_partial_branches": 0, "covered_branches": 0, "missing_branches": 0}, "missing_lines": [245], "excluded_lines": [], "executed_branches": [], "missing_branches": []}, "ConfigManager.get_ib_port": {"executed_lines": [], "summary": {"covered_lines": 0, "num_statements": 3, "percent_covered": 0.0, "percent_covered_display": "0.0", "missing_lines": 3, "excluded_lines": 0, "num_branches": 2, "num_partial_branches": 0, "covered_branches": 0, "missing_branches": 2}, "missing_lines": [249, 250, 252], "excluded_lines": [], "executed_branches": [], "missing_branches": [[249, 250], [249, 252]]}, "get_config": {"executed_lines": [262, 263, 264], "summary": {"covered_lines": 3, "num_statements": 3, "percent_covered": 100.0, "percent_covered_display": "100.0", "missing_lines": 0, "excluded_lines": 0, "num_branches": 2, "num_partial_branches": 0, "covered_branches": 2, "missing_branches": 0}, "missing_lines": [], "excluded_lines": [], "executed_branches": [[262, 263], [262, 264]], "missing_branches": []}, "reload_config": {"executed_lines": [], "summary": {"covered_lines": 0, "num_statements": 2, "percent_covered": 0.0, "percent_covered_display": "0.0", "missing_lines": 2, "excluded_lines": 0, "num_branches": 0, "num_partial_branches": 0, "covered_branches": 0, "missing_branches": 0}, "missing_lines": [270, 271], "excluded_lines": [], "executed_branches": [], "missing_branches": []}, "get_data_path": {"executed_lines": [], "summary": {"covered_lines": 0, "num_statements": 2, "percent_covered": 0.0, "percent_covered_display": "0.0", "missing_lines": 2, "excluded_lines": 0, "num_branches": 0, "num_partial_branches": 0, "covered_branches": 0, "missing_branches": 0}, "missing_lines": [277, 278], "excluded_lines": [], "executed_branches": [], "missing_branches": []}, "is_paper_trading": {"executed_lines": [], "summary": {"covered_lines": 0, "num_statements": 2, "percent_covered": 0.0, "percent_covered_display": "0.0", "missing_lines": 2, "excluded_lines": 0, "num_branches": 0, "num_partial_branches": 0, "covered_branches": 0, "missing_branches": 0}, "missing_lines": [283, 284], "excluded_lines": [], "executed_branches": [], "missing_branches": []}, "get_ib_connection_config": {"executed_lines": [], "summary": {"covered_lines": 0, "num_statements": 2, "percent_covered": 0.0, "percent_covered_display": "0.0", "missing_lines": 2, "excluded_lines": 0, "num_branches": 0, "num_partial_branches": 0, "covered_branches": 0, "missing_branches": 0}, "missing_lines": [289, 290], "excluded_lines": [], "executed_branches": [], "missing_branches": []}, "": {"executed_lines": [4, 5, 6, 7, 8, 9, 12, 13, 14, 15, 18, 19, 20, 22, 23, 24, 25, 26, 28, 36, 37, 38, 40, 41, 42, 43, 44, 46, 54, 60, 61, 62, 64, 65, 66, 67, 68, 70, 75, 76, 77, 79, 80, 81, 82, 83, 84, 85, 88, 89, 91, 110, 114, 130, 143, 171, 188, 200, 238, 243, 247, 256, 259, 267, 275, 281, 287], "summary": {"covered_lines": 61, "num_statements": 61, "percent_covered": 100.0, "percent_covered_display": "100.0", "missing_lines": 0, "excluded_lines": 1, "num_branches": 0, "num_partial_branches": 0, "covered_branches": 0, "missing_branches": 0}, "missing_lines": [], "excluded_lines": [110], "executed_branches": [], "missing_branches": []}}, "classes": {"Environment": {"executed_lines": [], "summary": {"covered_lines": 0, "num_statements": 0, "percent_covered": 100.0, "percent_covered_display": "100.0", "missing_lines": 0, "excluded_lines": 0, "num_branches": 0, "num_partial_branches": 0, "covered_branches": 0, "missing_branches": 0}, "missing_lines": [], "excluded_lines": [], "executed_branches": [], "missing_branches": []}, "IBConnectionConfig": {"executed_lines": [30, 31, 32, 33], "summary": {"covered_lines": 4, "num_statements": 4, "percent_covered": 100.0, "percent_covered_display": "100.0", "missing_lines": 0, "excluded_lines": 0, "num_branches": 4, "num_partial_branches": 0, "covered_branches": 4, "missing_branches": 0}, "missing_lines": [], "excluded_lines": [], "executed_branches": [[30, 31], [30, 32], [32, -28], [32, 33]], "missing_branches": []}, "DataPathConfig": {"executed_lines": [48, 49, 50, 51, 52, 56, 57], "summary": {"covered_lines": 7, "num_statements": 7, "percent_covered": 100.0, "percent_covered_display": "100.0", "missing_lines": 0, "excluded_lines": 0, "num_branches": 2, "num_partial_branches": 0, "covered_branches": 2, "missing_branches": 0}, "missing_lines": [], "excluded_lines": [], "executed_branches": [[56, -54], [56, 57]], "missing_branches": []}, "DataUpdateConfig": {"executed_lines": [71, 72], "summary": {"covered_lines": 2, "num_statements": 2, "percent_covered": 100.0, "percent_covered_display": "100.0", "missing_lines": 0, "excluded_lines": 0, "num_branches": 2, "num_partial_branches": 0, "covered_branches": 2, "missing_branches": 0}, "missing_lines": [], "excluded_lines": [], "executed_branches": [[71, -70], [71, 72]], "missing_branches": []}, "LoggingConfig": {"executed_lines": [], "summary": {"covered_lines": 0, "num_statements": 0, "percent_covered": 100.0, "percent_covered_display": "100.0", "missing_lines": 0, "excluded_lines": 0, "num_branches": 0, "num_partial_branches": 0, "covered_branches": 0, "missing_branches": 0}, "missing_lines": [], "excluded_lines": [], "executed_branches": [], "missing_branches": []}, "ConfigManager": {"executed_lines": [92, 94, 95, 98, 100, 101, 102, 103, 106, 107, 112, 120, 122, 123, 126, 132, 133, 134, 135, 136, 141, 145, 173, 177, 178, 180, 190, 196, 197, 198, 207, 208, 209, 211, 224, 225, 226, 227, 228, 229, 230, 231, 232, 234, 235, 236], "summary": {"covered_lines": 45, "num_statements": 57, "percent_covered": 77.33333333333333, "percent_covered_display": "77.3", "missing_lines": 12, "excluded_lines": 2, "num_branches": 18, "num_partial_branches": 3, "covered_branches": 13, "missing_branches": 5}, "missing_lines": [128, 137, 138, 174, 175, 233, 240, 241, 245, 249, 250, 252], "excluded_lines": [111, 112], "executed_branches": [[120, 122], [120, 126], [126, -114], [132, 133], [132, 141], [173, 177], [224, 225], [224, 228], [228, 229], [228, 232], [232, 234], [234, 235], [234, 236]], "missing_branches": [[126, 128], [173, 174], [232, 233], [249, 250], [249, 252]]}, "": {"executed_lines": [4, 5, 6, 7, 8, 9, 12, 13, 14, 15, 18, 19, 20, 22, 23, 24, 25, 26, 28, 36, 37, 38, 40, 41, 42, 43, 44, 46, 54, 60, 61, 62, 64, 65, 66, 67, 68, 70, 75, 76, 77, 79, 80, 81, 82, 83, 84, 85, 88, 89, 91, 110, 114, 130, 143, 171, 188, 200, 238, 243, 247, 256, 259, 262, 263, 264, 267, 275, 281, 287], "summary": {"covered_lines": 64, "num_statements": 72, "percent_covered": 89.1891891891892, "percent_covered_display": "89.2", "missing_lines": 8, "excluded_lines": 1, "num_branches": 2, "num_partial_branches": 0, "covered_branches": 2, "missing_branches": 0}, "missing_lines": [270, 271, 277, 278, 283, 284, 289, 290], "excluded_lines": [110], "executed_branches": [[262, 263], [262, 264]], "missing_branches": []}}}, "src/core/dataframe_safety.py": {"executed_lines": [1, 11, 12, 13, 14, 16, 17, 20, 21, 27, 28, 35, 36, 51, 52, 53, 55, 56, 58, 59, 61, 64, 67, 75, 76, 91, 92, 98, 99, 102, 103, 111, 112, 127, 128, 130, 134, 135, 137, 145, 146, 160, 161, 164, 171, 172, 173, 180, 183, 186, 187, 188, 189, 190, 192, 193, 194, 199, 203, 209, 210, 221, 222, 225, 229, 234, 242, 247, 251, 253, 254, 255, 260, 261, 275, 276, 280, 284, 287, 296, 297, 306, 307, 318, 319, 323, 324, 335, 336, 340, 341, 354, 355, 358, 360, 361, 363, 370, 371, 375, 376, 377, 378, 379, 381, 382, 398, 405, 407, 412, 413, 416, 417, 420, 421, 422, 427, 428, 434, 435, 438, 445, 451, 453, 454, 464, 466, 467, 471, 472, 475, 476, 477, 480, 481, 482, 483, 484, 489, 490, 498, 501, 532], "summary": {"covered_lines": 139, "num_statements": 211, "percent_covered": 66.54804270462634, "percent_covered_display": "66.5", "missing_lines": 72, "excluded_lines": 2, "num_branches": 70, "num_partial_branches": 18, "covered_branches": 48, "missing_branches": 22}, "missing_lines": [22, 23, 24, 65, 69, 70, 73, 93, 105, 106, 109, 131, 139, 140, 143, 162, 165, 174, 176, 195, 197, 200, 202, 205, 206, 207, 223, 226, 227, 230, 231, 248, 249, 256, 257, 258, 277, 278, 281, 299, 300, 301, 302, 303, 304, 320, 321, 337, 338, 356, 365, 366, 367, 408, 409, 410, 447, 448, 449, 468, 491, 495, 496, 505, 520, 521, 523, 524, 525, 526, 527, 529], "excluded_lines": [532, 534], "executed_branches": [[52, 53], [52, 55], [55, 56], [55, 58], [58, 59], [58, 61], [64, 67], [92, 98], [98, 99], [98, 102], [130, 134], [134, 135], [134, 137], [161, 164], [164, 171], [187, 188], [187, 203], [190, 187], [190, 192], [192, 193], [192, 199], [222, 225], [225, 229], [229, 234], [247, 251], [276, 280], [280, 284], [355, 358], [360, 361], [407, 412], [412, 413], [412, 416], [416, 417], [420, 421], [420, 427], [427, 428], [467, 471], [471, 472], [471, 475], [476, 477], [476, 480], [480, 481], [480, 489], [481, 480], [481, 482], [483, 480], [483, 484], [490, 498]], "missing_branches": [[64, 65], [92, 93], [130, 131], [161, 162], [164, 165], [222, 223], [225, 226], [229, 230], [247, 248], [276, 277], [280, 281], [355, 356], [360, 363], [407, 408], [416, 427], [427, 434], [467, 468], [490, 491], [523, 524], [523, 529], [525, 523], [525, 526]], "functions": {"SafeDataFrameAccessor.safe_loc_get": {"executed_lines": [51, 52, 53, 55, 56, 58, 59, 61, 64, 67], "summary": {"covered_lines": 10, "num_statements": 14, "percent_covered": 77.27272727272727, "percent_covered_display": "77.3", "missing_lines": 4, "excluded_lines": 0, "num_branches": 8, "num_partial_branches": 1, "covered_branches": 7, "missing_branches": 1}, "missing_lines": [65, 69, 70, 73], "excluded_lines": [], "executed_branches": [[52, 53], [52, 55], [55, 56], [55, 58], [58, 59], [58, 61], [64, 67]], "missing_branches": [[64, 65]]}, "SafeDataFrameAccessor.safe_loc_set": {"executed_lines": [91, 92, 98, 99, 102, 103], "summary": {"covered_lines": 6, "num_statements": 10, "percent_covered": 64.28571428571429, "percent_covered_display": "64.3", "missing_lines": 4, "excluded_lines": 0, "num_branches": 4, "num_partial_branches": 1, "covered_branches": 3, "missing_branches": 1}, "missing_lines": [93, 105, 106, 109], "excluded_lines": [], "executed_branches": [[92, 98], [98, 99], [98, 102]], "missing_branches": [[92, 93]]}, "SafeDataFrameAccessor.safe_check_value": {"executed_lines": [127, 128, 130, 134, 135, 137], "summary": {"covered_lines": 6, "num_statements": 10, "percent_covered": 64.28571428571429, "percent_covered_display": "64.3", "missing_lines": 4, "excluded_lines": 0, "num_branches": 4, "num_partial_branches": 1, "covered_branches": 3, "missing_branches": 1}, "missing_lines": [131, 139, 140, 143], "excluded_lines": [], "executed_branches": [[130, 134], [134, 135], [134, 137]], "missing_branches": [[130, 131]]}, "SafeDataFrameAccessor.safe_fillna_row": {"executed_lines": [160, 161, 164, 171, 172, 173, 180, 183, 186, 187, 188, 189, 190, 192, 193, 194, 199, 203], "summary": {"covered_lines": 18, "num_statements": 29, "percent_covered": 66.66666666666667, "percent_covered_display": "66.7", "missing_lines": 11, "excluded_lines": 0, "num_branches": 10, "num_partial_branches": 2, "covered_branches": 8, "missing_branches": 2}, "missing_lines": [162, 165, 174, 176, 195, 197, 200, 202, 205, 206, 207], "excluded_lines": [], "executed_branches": [[161, 164], [164, 171], [187, 188], [187, 203], [190, 187], [190, 192], [192, 193], [192, 199]], "missing_branches": [[161, 162], [164, 165]]}, "SafeDataFrameAccessor.safe_read_excel": {"executed_lines": [221, 222, 225, 229, 234, 242, 247, 251, 253, 254, 255], "summary": {"covered_lines": 11, "num_statements": 21, "percent_covered": 51.724137931034484, "percent_covered_display": "51.7", "missing_lines": 10, "excluded_lines": 0, "num_branches": 8, "num_partial_branches": 4, "covered_branches": 4, "missing_branches": 4}, "missing_lines": [223, 226, 227, 230, 231, 248, 249, 256, 257, 258], "excluded_lines": [], "executed_branches": [[222, 225], [225, 229], [229, 234], [247, 251]], "missing_branches": [[222, 223], [225, 226], [229, 230], [247, 248]]}, "SafeDataFrameAccessor.safe_to_excel": {"executed_lines": [275, 276, 280, 284, 287, 296, 297], "summary": {"covered_lines": 7, "num_statements": 16, "percent_covered": 45.0, "percent_covered_display": "45.0", "missing_lines": 9, "excluded_lines": 0, "num_branches": 4, "num_partial_branches": 2, "covered_branches": 2, "missing_branches": 2}, "missing_lines": [277, 278, 281, 299, 300, 301, 302, 303, 304], "excluded_lines": [], "executed_branches": [[276, 280], [280, 284]], "missing_branches": [[276, 277], [280, 281]]}, "SafeDataFrameAccessor.safe_column_exists": {"executed_lines": [318, 319], "summary": {"covered_lines": 2, "num_statements": 4, "percent_covered": 50.0, "percent_covered_display": "50.0", "missing_lines": 2, "excluded_lines": 0, "num_branches": 0, "num_partial_branches": 0, "covered_branches": 0, "missing_branches": 0}, "missing_lines": [320, 321], "excluded_lines": [], "executed_branches": [], "missing_branches": []}, "SafeDataFrameAccessor.safe_index_exists": {"executed_lines": [335, 336], "summary": {"covered_lines": 2, "num_statements": 4, "percent_covered": 50.0, "percent_covered_display": "50.0", "missing_lines": 2, "excluded_lines": 0, "num_branches": 0, "num_partial_branches": 0, "covered_branches": 0, "missing_branches": 0}, "missing_lines": [337, 338], "excluded_lines": [], "executed_branches": [], "missing_branches": []}, "SafeDataFrameAccessor.create_safe_dataframe": {"executed_lines": [354, 355, 358, 360, 361, 363], "summary": {"covered_lines": 6, "num_statements": 10, "percent_covered": 57.142857142857146, "percent_covered_display": "57.1", "missing_lines": 4, "excluded_lines": 0, "num_branches": 4, "num_partial_branches": 2, "covered_branches": 2, "missing_branches": 2}, "missing_lines": [356, 365, 366, 367], "excluded_lines": [], "executed_branches": [[355, 358], [360, 361]], "missing_branches": [[355, 356], [360, 363]]}, "DataFrameValidator.validate_dataframe_structure": {"executed_lines": [398, 405, 407, 412, 413, 416, 417, 420, 421, 422, 427, 428, 434, 435, 438, 445, 451], "summary": {"covered_lines": 17, "num_statements": 23, "percent_covered": 72.72727272727273, "percent_covered_display": "72.7", "missing_lines": 6, "excluded_lines": 0, "num_branches": 10, "num_partial_branches": 3, "covered_branches": 7, "missing_branches": 3}, "missing_lines": [408, 409, 410, 447, 448, 449], "excluded_lines": [], "executed_branches": [[407, 412], [412, 413], [412, 416], [416, 417], [420, 421], [420, 427], [427, 428]], "missing_branches": [[407, 408], [416, 427], [427, 434]]}, "DataFrameValidator.suggest_dataframe_cleanup": {"executed_lines": [464, 466, 467, 471, 472, 475, 476, 477, 480, 481, 482, 483, 484, 489, 490, 498], "summary": {"covered_lines": 16, "num_statements": 20, "percent_covered": 82.3529411764706, "percent_covered_display": "82.4", "missing_lines": 4, "excluded_lines": 0, "num_branches": 14, "num_partial_branches": 2, "covered_branches": 12, "missing_branches": 2}, "missing_lines": [468, 491, 495, 496], "excluded_lines": [], "executed_branches": [[467, 471], [471, 472], [471, 475], [476, 477], [476, 480], [480, 481], [480, 489], [481, 480], [481, 482], [483, 480], [483, 484], [490, 498]], "missing_branches": [[467, 468], [490, 491]]}, "migrate_legacy_dataframe_operations": {"executed_lines": [], "summary": {"covered_lines": 0, "num_statements": 9, "percent_covered": 0.0, "percent_covered_display": "0.0", "missing_lines": 9, "excluded_lines": 0, "num_branches": 4, "num_partial_branches": 0, "covered_branches": 0, "missing_branches": 4}, "missing_lines": [505, 520, 521, 523, 524, 525, 526, 527, 529], "excluded_lines": [], "executed_branches": [], "missing_branches": [[523, 524], [523, 529], [525, 523], [525, 526]]}, "": {"executed_lines": [1, 11, 12, 13, 14, 16, 17, 20, 21, 27, 28, 35, 36, 75, 76, 111, 112, 145, 146, 209, 210, 260, 261, 306, 307, 323, 324, 340, 341, 370, 371, 375, 376, 377, 378, 379, 381, 382, 453, 454, 501, 532], "summary": {"covered_lines": 38, "num_statements": 41, "percent_covered": 92.6829268292683, "percent_covered_display": "92.7", "missing_lines": 3, "excluded_lines": 2, "num_branches": 0, "num_partial_branches": 0, "covered_branches": 0, "missing_branches": 0}, "missing_lines": [22, 23, 24], "excluded_lines": [532, 534], "executed_branches": [], "missing_branches": []}}, "classes": {"SafeDataFrameAccessor": {"executed_lines": [51, 52, 53, 55, 56, 58, 59, 61, 64, 67, 91, 92, 98, 99, 102, 103, 127, 128, 130, 134, 135, 137, 160, 161, 164, 171, 172, 173, 180, 183, 186, 187, 188, 189, 190, 192, 193, 194, 199, 203, 221, 222, 225, 229, 234, 242, 247, 251, 253, 254, 255, 275, 276, 280, 284, 287, 296, 297, 318, 319, 335, 336, 354, 355, 358, 360, 361, 363], "summary": {"covered_lines": 68, "num_statements": 118, "percent_covered": 60.625, "percent_covered_display": "60.6", "missing_lines": 50, "excluded_lines": 0, "num_branches": 42, "num_partial_branches": 13, "covered_branches": 29, "missing_branches": 13}, "missing_lines": [65, 69, 70, 73, 93, 105, 106, 109, 131, 139, 140, 143, 162, 165, 174, 176, 195, 197, 200, 202, 205, 206, 207, 223, 226, 227, 230, 231, 248, 249, 256, 257, 258, 277, 278, 281, 299, 300, 301, 302, 303, 304, 320, 321, 337, 338, 356, 365, 366, 367], "excluded_lines": [], "executed_branches": [[52, 53], [52, 55], [55, 56], [55, 58], [58, 59], [58, 61], [64, 67], [92, 98], [98, 99], [98, 102], [130, 134], [134, 135], [134, 137], [161, 164], [164, 171], [187, 188], [187, 203], [190, 187], [190, 192], [192, 193], [192, 199], [222, 225], [225, 229], [229, 234], [247, 251], [276, 280], [280, 284], [355, 358], [360, 361]], "missing_branches": [[64, 65], [92, 93], [130, 131], [161, 162], [164, 165], [222, 223], [225, 226], [229, 230], [247, 248], [276, 277], [280, 281], [355, 356], [360, 363]]}, "DataFrameValidator": {"executed_lines": [398, 405, 407, 412, 413, 416, 417, 420, 421, 422, 427, 428, 434, 435, 438, 445, 451, 464, 466, 467, 471, 472, 475, 476, 477, 480, 481, 482, 483, 484, 489, 490, 498], "summary": {"covered_lines": 33, "num_statements": 43, "percent_covered": 77.61194029850746, "percent_covered_display": "77.6", "missing_lines": 10, "excluded_lines": 0, "num_branches": 24, "num_partial_branches": 5, "covered_branches": 19, "missing_branches": 5}, "missing_lines": [408, 409, 410, 447, 448, 449, 468, 491, 495, 496], "excluded_lines": [], "executed_branches": [[407, 412], [412, 413], [412, 416], [416, 417], [420, 421], [420, 427], [427, 428], [467, 471], [471, 472], [471, 475], [476, 477], [476, 480], [480, 481], [480, 489], [481, 480], [481, 482], [483, 480], [483, 484], [490, 498]], "missing_branches": [[407, 408], [416, 427], [427, 434], [467, 468], [490, 491]]}, "DataFrameValidator.ValidationReport": {"executed_lines": [], "summary": {"covered_lines": 0, "num_statements": 0, "percent_covered": 100.0, "percent_covered_display": "100.0", "missing_lines": 0, "excluded_lines": 0, "num_branches": 0, "num_partial_branches": 0, "covered_branches": 0, "missing_branches": 0}, "missing_lines": [], "excluded_lines": [], "executed_branches": [], "missing_branches": []}, "": {"executed_lines": [1, 11, 12, 13, 14, 16, 17, 20, 21, 27, 28, 35, 36, 75, 76, 111, 112, 145, 146, 209, 210, 260, 261, 306, 307, 323, 324, 340, 341, 370, 371, 375, 376, 377, 378, 379, 381, 382, 453, 454, 501, 532], "summary": {"covered_lines": 38, "num_statements": 50, "percent_covered": 70.37037037037037, "percent_covered_display": "70.4", "missing_lines": 12, "excluded_lines": 2, "num_branches": 4, "num_partial_branches": 0, "covered_branches": 0, "missing_branches": 4}, "missing_lines": [22, 23, 24, 505, 520, 521, 523, 524, 525, 526, 527, 529], "excluded_lines": [532, 534], "executed_branches": [], "missing_branches": [[523, 524], [523, 529], [525, 523], [525, 526]]}}}, "src/data/__init__.py": {"executed_lines": [1, 9, 11, 13, 16, 18, 20, 22, 24], "summary": {"covered_lines": 8, "num_statements": 8, "percent_covered": 100.0, "percent_covered_display": "100.0", "missing_lines": 0, "excluded_lines": 0, "num_branches": 0, "num_partial_branches": 0, "covered_branches": 0, "missing_branches": 0}, "missing_lines": [], "excluded_lines": [], "executed_branches": [], "missing_branches": [], "functions": {"load_excel": {"executed_lines": [18], "summary": {"covered_lines": 1, "num_statements": 1, "percent_covered": 100.0, "percent_covered_display": "100.0", "missing_lines": 0, "excluded_lines": 0, "num_branches": 0, "num_partial_branches": 0, "covered_branches": 0, "missing_branches": 0}, "missing_lines": [], "excluded_lines": [], "executed_branches": [], "missing_branches": []}, "save_excel": {"executed_lines": [22], "summary": {"covered_lines": 1, "num_statements": 1, "percent_covered": 100.0, "percent_covered_display": "100.0", "missing_lines": 0, "excluded_lines": 0, "num_branches": 0, "num_partial_branches": 0, "covered_branches": 0, "missing_branches": 0}, "missing_lines": [], "excluded_lines": [], "executed_branches": [], "missing_branches": []}, "": {"executed_lines": [1, 9, 11, 13, 16, 20, 24], "summary": {"covered_lines": 6, "num_statements": 6, "percent_covered": 100.0, "percent_covered_display": "100.0", "missing_lines": 0, "excluded_lines": 0, "num_branches": 0, "num_partial_branches": 0, "covered_branches": 0, "missing_branches": 0}, "missing_lines": [], "excluded_lines": [], "executed_branches": [], "missing_branches": []}}, "classes": {"": {"executed_lines": [1, 9, 11, 13, 16, 18, 20, 22, 24], "summary": {"covered_lines": 8, "num_statements": 8, "percent_covered": 100.0, "percent_covered_display": "100.0", "missing_lines": 0, "excluded_lines": 0, "num_branches": 0, "num_partial_branches": 0, "covered_branches": 0, "missing_branches": 0}, "missing_lines": [], "excluded_lines": [], "executed_branches": [], "missing_branches": []}}}, "src/data/data_manager.py": {"executed_lines": [3, 4, 5, 6, 7, 9, 12, 13, 14, 17, 18, 19, 21, 22, 23, 24, 25, 26, 27, 30, 31, 33, 34, 38, 39, 43, 44, 48, 49, 54, 55, 57, 58, 59, 61, 62, 64, 66, 67, 68, 69, 70, 71, 72, 73, 76, 78, 84, 85, 87, 88, 89, 90, 91, 92, 93, 97, 103, 105, 106, 107, 108, 113, 115, 135, 136, 138, 139, 140, 142, 143, 145, 147, 148, 151, 153, 154, 155, 156, 160, 161, 163, 164, 165, 168, 169, 176, 178, 179, 180, 183, 187, 189, 190, 191, 194, 195, 196, 202, 205, 206, 207, 209, 212, 213, 215, 216, 217, 218, 221, 222, 223, 226, 227, 228, 230, 232, 233, 234, 235, 242, 244, 246, 251, 253, 254, 255, 256, 263, 264, 267, 272, 274, 275, 276, 277, 284, 285, 288, 293, 302, 303, 305, 308, 311, 314, 315, 316, 318, 321, 322, 323, 325, 328, 331, 341, 350, 351, 352, 354, 355, 356, 357, 360, 362, 365, 375, 377, 378, 380, 381, 382, 384, 386, 388, 391, 401, 403, 404, 405, 408, 409, 410, 426, 428, 429, 431, 434, 435, 439, 441, 442, 443, 445, 447, 448, 449, 450, 452, 453, 454, 460, 461, 463, 465, 466, 467, 468, 469, 470, 471, 479, 480, 482, 484, 485, 486, 487, 488, 494, 495, 498, 499, 501, 502, 503, 506, 507, 510, 512, 516, 517, 520, 522, 524, 526, 554, 558, 559, 561, 563, 565, 567, 569, 571, 582, 584], "summary": {"covered_lines": 241, "num_statements": 321, "percent_covered": 70.63291139240506, "percent_covered_display": "70.6", "missing_lines": 80, "excluded_lines": 0, "num_branches": 74, "num_partial_branches": 28, "covered_branches": 38, "missing_branches": 36}, "missing_lines": [36, 41, 46, 51, 77, 79, 80, 94, 98, 99, 117, 118, 119, 120, 121, 126, 127, 128, 129, 130, 131, 132, 170, 171, 172, 184, 185, 197, 198, 199, 200, 243, 247, 248, 249, 265, 268, 269, 270, 286, 289, 290, 291, 329, 332, 333, 339, 358, 363, 366, 367, 373, 389, 392, 393, 399, 413, 414, 415, 416, 418, 419, 420, 422, 423, 424, 432, 436, 437, 457, 458, 474, 475, 491, 492, 535, 542, 543, 544, 546], "excluded_lines": [], "executed_branches": [[76, 78], [93, 97], [168, 169], [194, 195], [206, 207], [206, 209], [234, 235], [234, 246], [242, 244], [255, 256], [255, 267], [263, 264], [276, 277], [276, 288], [284, 285], [303, 305], [314, 315], [318, 321], [328, 331], [351, 352], [355, 356], [357, 360], [362, 365], [380, 381], [388, 391], [404, 405], [404, 408], [409, 410], [431, 434], [448, 449], [452, 453], [460, 461], [466, 467], [469, 470], [479, 480], [485, 486], [494, 495], [522, 524]], "missing_branches": [[76, 77], [93, 94], [126, 127], [126, 129], [168, 170], [194, 197], [242, 243], [263, 265], [284, 286], [303, 311], [314, 325], [318, 314], [328, 329], [351, 354], [355, 357], [357, 358], [362, 363], [380, 384], [388, 389], [409, 413], [414, 415], [414, 422], [416, 418], [416, 422], [419, 420], [419, 422], [431, 432], [448, 460], [452, 454], [460, -445], [466, 479], [469, 471], [479, -463], [485, 494], [494, -482], [522, 535]], "functions": {"BaseRepository.save": {"executed_lines": [], "summary": {"covered_lines": 0, "num_statements": 1, "percent_covered": 0.0, "percent_covered_display": "0.0", "missing_lines": 1, "excluded_lines": 0, "num_branches": 0, "num_partial_branches": 0, "covered_branches": 0, "missing_branches": 0}, "missing_lines": [36], "excluded_lines": [], "executed_branches": [], "missing_branches": []}, "BaseRepository.load": {"executed_lines": [], "summary": {"covered_lines": 0, "num_statements": 1, "percent_covered": 0.0, "percent_covered_display": "0.0", "missing_lines": 1, "excluded_lines": 0, "num_branches": 0, "num_partial_branches": 0, "covered_branches": 0, "missing_branches": 0}, "missing_lines": [41], "excluded_lines": [], "executed_branches": [], "missing_branches": []}, "BaseRepository.exists": {"executed_lines": [], "summary": {"covered_lines": 0, "num_statements": 1, "percent_covered": 0.0, "percent_covered_display": "0.0", "missing_lines": 1, "excluded_lines": 0, "num_branches": 0, "num_partial_branches": 0, "covered_branches": 0, "missing_branches": 0}, "missing_lines": [46], "excluded_lines": [], "executed_branches": [], "missing_branches": []}, "BaseRepository.delete": {"executed_lines": [], "summary": {"covered_lines": 0, "num_statements": 1, "percent_covered": 0.0, "percent_covered_display": "0.0", "missing_lines": 1, "excluded_lines": 0, "num_branches": 0, "num_partial_branches": 0, "covered_branches": 0, "missing_branches": 0}, "missing_lines": [51], "excluded_lines": [], "executed_branches": [], "missing_branches": []}, "ExcelRepository.__init__": {"executed_lines": [58, 59], "summary": {"covered_lines": 2, "num_statements": 2, "percent_covered": 100.0, "percent_covered_display": "100.0", "missing_lines": 0, "excluded_lines": 0, "num_branches": 0, "num_partial_branches": 0, "covered_branches": 0, "missing_branches": 0}, "missing_lines": [], "excluded_lines": [], "executed_branches": [], "missing_branches": []}, "ExcelRepository.save": {"executed_lines": [64, 66, 67, 68, 69, 70, 71, 72, 73, 76, 78], "summary": {"covered_lines": 11, "num_statements": 14, "percent_covered": 75.0, "percent_covered_display": "75.0", "missing_lines": 3, "excluded_lines": 0, "num_branches": 2, "num_partial_branches": 1, "covered_branches": 1, "missing_branches": 1}, "missing_lines": [77, 79, 80], "excluded_lines": [], "executed_branches": [[76, 78]], "missing_branches": [[76, 77]]}, "ExcelRepository.load": {"executed_lines": [87, 88, 89, 90, 91, 92, 93, 97], "summary": {"covered_lines": 8, "num_statements": 11, "percent_covered": 69.23076923076923, "percent_covered_display": "69.2", "missing_lines": 3, "excluded_lines": 0, "num_branches": 2, "num_partial_branches": 1, "covered_branches": 1, "missing_branches": 1}, "missing_lines": [94, 98, 99], "excluded_lines": [], "executed_branches": [[93, 97]], "missing_branches": [[93, 94]]}, "ExcelRepository.exists": {"executed_lines": [105, 106, 107, 108, 113], "summary": {"covered_lines": 5, "num_statements": 5, "percent_covered": 100.0, "percent_covered_display": "100.0", "missing_lines": 0, "excluded_lines": 0, "num_branches": 0, "num_partial_branches": 0, "covered_branches": 0, "missing_branches": 0}, "missing_lines": [], "excluded_lines": [], "executed_branches": [], "missing_branches": []}, "ExcelRepository.delete": {"executed_lines": [], "summary": {"covered_lines": 0, "num_statements": 12, "percent_covered": 0.0, "percent_covered_display": "0.0", "missing_lines": 12, "excluded_lines": 0, "num_branches": 2, "num_partial_branches": 0, "covered_branches": 0, "missing_branches": 2}, "missing_lines": [117, 118, 119, 120, 121, 126, 127, 128, 129, 130, 131, 132], "excluded_lines": [], "executed_branches": [], "missing_branches": [[126, 127], [126, 129]]}, "FeatherRepository.__init__": {"executed_lines": [139, 140], "summary": {"covered_lines": 2, "num_statements": 2, "percent_covered": 100.0, "percent_covered_display": "100.0", "missing_lines": 0, "excluded_lines": 0, "num_branches": 0, "num_partial_branches": 0, "covered_branches": 0, "missing_branches": 0}, "missing_lines": [], "excluded_lines": [], "executed_branches": [], "missing_branches": []}, "FeatherRepository.save": {"executed_lines": [145, 147, 148, 151, 153, 154, 155, 156], "summary": {"covered_lines": 8, "num_statements": 8, "percent_covered": 100.0, "percent_covered_display": "100.0", "missing_lines": 0, "excluded_lines": 0, "num_branches": 0, "num_partial_branches": 0, "covered_branches": 0, "missing_branches": 0}, "missing_lines": [], "excluded_lines": [], "executed_branches": [], "missing_branches": []}, "FeatherRepository.load": {"executed_lines": [163, 164, 165, 168, 169], "summary": {"covered_lines": 5, "num_statements": 8, "percent_covered": 60.0, "percent_covered_display": "60.0", "missing_lines": 3, "excluded_lines": 0, "num_branches": 2, "num_partial_branches": 1, "covered_branches": 1, "missing_branches": 1}, "missing_lines": [170, 171, 172], "excluded_lines": [], "executed_branches": [[168, 169]], "missing_branches": [[168, 170]]}, "FeatherRepository.exists": {"executed_lines": [178, 179, 180, 183], "summary": {"covered_lines": 4, "num_statements": 6, "percent_covered": 66.66666666666667, "percent_covered_display": "66.7", "missing_lines": 2, "excluded_lines": 0, "num_branches": 0, "num_partial_branches": 0, "covered_branches": 0, "missing_branches": 0}, "missing_lines": [184, 185], "excluded_lines": [], "executed_branches": [], "missing_branches": []}, "FeatherRepository.delete": {"executed_lines": [189, 190, 191, 194, 195, 196], "summary": {"covered_lines": 6, "num_statements": 10, "percent_covered": 58.333333333333336, "percent_covered_display": "58.3", "missing_lines": 4, "excluded_lines": 0, "num_branches": 2, "num_partial_branches": 1, "covered_branches": 1, "missing_branches": 1}, "missing_lines": [197, 198, 199, 200], "excluded_lines": [], "executed_branches": [[194, 195]], "missing_branches": [[194, 197]]}, "FeatherRepository._parse_identifier": {"executed_lines": [205, 206, 207, 209], "summary": {"covered_lines": 4, "num_statements": 4, "percent_covered": 100.0, "percent_covered_display": "100.0", "missing_lines": 0, "excluded_lines": 0, "num_branches": 2, "num_partial_branches": 0, "covered_branches": 2, "missing_branches": 0}, "missing_lines": [], "excluded_lines": [], "executed_branches": [[206, 207], [206, 209]], "missing_branches": []}, "DownloadTracker.__init__": {"executed_lines": [216, 217, 218, 221, 222, 223, 226, 227, 228], "summary": {"covered_lines": 9, "num_statements": 9, "percent_covered": 100.0, "percent_covered_display": "100.0", "missing_lines": 0, "excluded_lines": 0, "num_branches": 0, "num_partial_branches": 0, "covered_branches": 0, "missing_branches": 0}, "missing_lines": [], "excluded_lines": [], "executed_branches": [], "missing_branches": []}, "DownloadTracker._load_failed_downloads": {"executed_lines": [232, 233, 234, 235, 242, 244, 246], "summary": {"covered_lines": 7, "num_statements": 11, "percent_covered": 66.66666666666667, "percent_covered_display": "66.7", "missing_lines": 4, "excluded_lines": 0, "num_branches": 4, "num_partial_branches": 1, "covered_branches": 3, "missing_branches": 1}, "missing_lines": [243, 247, 248, 249], "excluded_lines": [], "executed_branches": [[234, 235], [234, 246], [242, 244]], "missing_branches": [[242, 243]]}, "DownloadTracker._load_downloadable_stocks": {"executed_lines": [253, 254, 255, 256, 263, 264, 267], "summary": {"covered_lines": 7, "num_statements": 11, "percent_covered": 66.66666666666667, "percent_covered_display": "66.7", "missing_lines": 4, "excluded_lines": 0, "num_branches": 4, "num_partial_branches": 1, "covered_branches": 3, "missing_branches": 1}, "missing_lines": [265, 268, 269, 270], "excluded_lines": [], "executed_branches": [[255, 256], [255, 267], [263, 264]], "missing_branches": [[263, 265]]}, "DownloadTracker._load_downloaded_stocks": {"executed_lines": [274, 275, 276, 277, 284, 285, 288], "summary": {"covered_lines": 7, "num_statements": 11, "percent_covered": 66.66666666666667, "percent_covered_display": "66.7", "missing_lines": 4, "excluded_lines": 0, "num_branches": 4, "num_partial_branches": 1, "covered_branches": 3, "missing_branches": 1}, "missing_lines": [286, 289, 290, 291], "excluded_lines": [], "executed_branches": [[276, 277], [276, 288], [284, 285]], "missing_branches": [[284, 286]]}, "DownloadTracker.mark_failed": {"executed_lines": [302, 303, 305, 308, 311, 314, 315, 316, 318, 321, 322, 323, 325, 328, 331], "summary": {"covered_lines": 15, "num_statements": 19, "percent_covered": 70.37037037037037, "percent_covered_display": "70.4", "missing_lines": 4, "excluded_lines": 0, "num_branches": 8, "num_partial_branches": 4, "covered_branches": 4, "missing_branches": 4}, "missing_lines": [329, 332, 333, 339], "excluded_lines": [], "executed_branches": [[303, 305], [314, 315], [318, 321], [328, 331]], "missing_branches": [[303, 311], [314, 325], [318, 314], [328, 329]]}, "DownloadTracker.mark_downloadable": {"executed_lines": [350, 351, 352, 354, 355, 356, 357, 360, 362, 365], "summary": {"covered_lines": 10, "num_statements": 15, "percent_covered": 60.869565217391305, "percent_covered_display": "60.9", "missing_lines": 5, "excluded_lines": 0, "num_branches": 8, "num_partial_branches": 4, "covered_branches": 4, "missing_branches": 4}, "missing_lines": [358, 363, 366, 367, 373], "excluded_lines": [], "executed_branches": [[351, 352], [355, 356], [357, 360], [362, 365]], "missing_branches": [[351, 354], [355, 357], [357, 358], [362, 363]]}, "DownloadTracker.mark_downloaded": {"executed_lines": [377, 378, 380, 381, 382, 384, 386, 388, 391], "summary": {"covered_lines": 9, "num_statements": 13, "percent_covered": 64.70588235294117, "percent_covered_display": "64.7", "missing_lines": 4, "excluded_lines": 0, "num_branches": 4, "num_partial_branches": 2, "covered_branches": 2, "missing_branches": 2}, "missing_lines": [389, 392, 393, 399], "excluded_lines": [], "executed_branches": [[380, 381], [388, 391]], "missing_branches": [[380, 384], [388, 389]]}, "DownloadTracker.is_failed": {"executed_lines": [403, 404, 405, 408, 409, 410], "summary": {"covered_lines": 6, "num_statements": 16, "percent_covered": 34.61538461538461, "percent_covered_display": "34.6", "missing_lines": 10, "excluded_lines": 0, "num_branches": 10, "num_partial_branches": 1, "covered_branches": 3, "missing_branches": 7}, "missing_lines": [413, 414, 415, 416, 418, 419, 420, 422, 423, 424], "excluded_lines": [], "executed_branches": [[404, 405], [404, 408], [409, 410]], "missing_branches": [[409, 413], [414, 415], [414, 422], [416, 418], [416, 422], [419, 420], [419, 422]]}, "DownloadTracker.is_downloaded": {"executed_lines": [428, 429, 431, 434, 435], "summary": {"covered_lines": 5, "num_statements": 8, "percent_covered": 60.0, "percent_covered_display": "60.0", "missing_lines": 3, "excluded_lines": 0, "num_branches": 2, "num_partial_branches": 1, "covered_branches": 1, "missing_branches": 1}, "missing_lines": [432, 436, 437], "excluded_lines": [], "executed_branches": [[431, 434]], "missing_branches": [[431, 432]]}, "DownloadTracker.save_all": {"executed_lines": [441, 442, 443], "summary": {"covered_lines": 3, "num_statements": 3, "percent_covered": 100.0, "percent_covered_display": "100.0", "missing_lines": 0, "excluded_lines": 0, "num_branches": 0, "num_partial_branches": 0, "covered_branches": 0, "missing_branches": 0}, "missing_lines": [], "excluded_lines": [], "executed_branches": [], "missing_branches": []}, "DownloadTracker.save_failed_downloads": {"executed_lines": [447, 448, 449, 450, 452, 453, 454, 460, 461], "summary": {"covered_lines": 9, "num_statements": 11, "percent_covered": 70.58823529411765, "percent_covered_display": "70.6", "missing_lines": 2, "excluded_lines": 0, "num_branches": 6, "num_partial_branches": 3, "covered_branches": 3, "missing_branches": 3}, "missing_lines": [457, 458], "excluded_lines": [], "executed_branches": [[448, 449], [452, 453], [460, 461]], "missing_branches": [[448, 460], [452, 454], [460, -445]]}, "DownloadTracker.save_downloadable_stocks": {"executed_lines": [465, 466, 467, 468, 469, 470, 471, 479, 480], "summary": {"covered_lines": 9, "num_statements": 11, "percent_covered": 70.58823529411765, "percent_covered_display": "70.6", "missing_lines": 2, "excluded_lines": 0, "num_branches": 6, "num_partial_branches": 3, "covered_branches": 3, "missing_branches": 3}, "missing_lines": [474, 475], "excluded_lines": [], "executed_branches": [[466, 467], [469, 470], [479, 480]], "missing_branches": [[466, 479], [469, 471], [479, -463]]}, "DownloadTracker.save_downloaded_stocks": {"executed_lines": [484, 485, 486, 487, 488, 494, 495], "summary": {"covered_lines": 7, "num_statements": 9, "percent_covered": 69.23076923076923, "percent_covered_display": "69.2", "missing_lines": 2, "excluded_lines": 0, "num_branches": 4, "num_partial_branches": 2, "covered_branches": 2, "missing_branches": 2}, "missing_lines": [491, 492], "excluded_lines": [], "executed_branches": [[485, 486], [494, 495]], "missing_branches": [[485, 494], [494, -482]]}, "DataManager.__init__": {"executed_lines": [502, 503, 506, 507, 510], "summary": {"covered_lines": 5, "num_statements": 5, "percent_covered": 100.0, "percent_covered_display": "100.0", "missing_lines": 0, "excluded_lines": 0, "num_branches": 0, "num_partial_branches": 0, "covered_branches": 0, "missing_branches": 0}, "missing_lines": [], "excluded_lines": [], "executed_branches": [], "missing_branches": []}, "DataManager.save_historical_data": {"executed_lines": [516, 517, 520, 522, 524, 526], "summary": {"covered_lines": 6, "num_statements": 11, "percent_covered": 53.84615384615385, "percent_covered_display": "53.8", "missing_lines": 5, "excluded_lines": 0, "num_branches": 2, "num_partial_branches": 1, "covered_branches": 1, "missing_branches": 1}, "missing_lines": [535, 542, 543, 544, 546], "excluded_lines": [], "executed_branches": [[522, 524]], "missing_branches": [[522, 535]]}, "DataManager.load_historical_data": {"executed_lines": [558, 559], "summary": {"covered_lines": 2, "num_statements": 2, "percent_covered": 100.0, "percent_covered_display": "100.0", "missing_lines": 0, "excluded_lines": 0, "num_branches": 0, "num_partial_branches": 0, "covered_branches": 0, "missing_branches": 0}, "missing_lines": [], "excluded_lines": [], "executed_branches": [], "missing_branches": []}, "DataManager.data_exists": {"executed_lines": [563], "summary": {"covered_lines": 1, "num_statements": 1, "percent_covered": 100.0, "percent_covered_display": "100.0", "missing_lines": 0, "excluded_lines": 0, "num_branches": 0, "num_partial_branches": 0, "covered_branches": 0, "missing_branches": 0}, "missing_lines": [], "excluded_lines": [], "executed_branches": [], "missing_branches": []}, "DataManager.is_download_failed": {"executed_lines": [567], "summary": {"covered_lines": 1, "num_statements": 1, "percent_covered": 100.0, "percent_covered_display": "100.0", "missing_lines": 0, "excluded_lines": 0, "num_branches": 0, "num_partial_branches": 0, "covered_branches": 0, "missing_branches": 0}, "missing_lines": [], "excluded_lines": [], "executed_branches": [], "missing_branches": []}, "DataManager.get_download_summary": {"executed_lines": [571], "summary": {"covered_lines": 1, "num_statements": 1, "percent_covered": 100.0, "percent_covered_display": "100.0", "missing_lines": 0, "excluded_lines": 0, "num_branches": 0, "num_partial_branches": 0, "covered_branches": 0, "missing_branches": 0}, "missing_lines": [], "excluded_lines": [], "executed_branches": [], "missing_branches": []}, "DataManager.cleanup": {"executed_lines": [584], "summary": {"covered_lines": 1, "num_statements": 1, "percent_covered": 100.0, "percent_covered_display": "100.0", "missing_lines": 0, "excluded_lines": 0, "num_branches": 0, "num_partial_branches": 0, "covered_branches": 0, "missing_branches": 0}, "missing_lines": [], "excluded_lines": [], "executed_branches": [], "missing_branches": []}, "": {"executed_lines": [3, 4, 5, 6, 7, 9, 12, 13, 14, 17, 18, 19, 21, 22, 23, 24, 25, 26, 27, 30, 31, 33, 34, 38, 39, 43, 44, 48, 49, 54, 55, 57, 61, 62, 84, 85, 103, 115, 135, 136, 138, 142, 143, 160, 161, 176, 187, 202, 212, 213, 215, 230, 251, 272, 293, 341, 375, 401, 426, 439, 445, 463, 482, 498, 499, 501, 512, 554, 561, 565, 569, 582], "summary": {"covered_lines": 66, "num_statements": 66, "percent_covered": 100.0, "percent_covered_display": "100.0", "missing_lines": 0, "excluded_lines": 0, "num_branches": 0, "num_partial_branches": 0, "covered_branches": 0, "missing_branches": 0}, "missing_lines": [], "excluded_lines": [], "executed_branches": [], "missing_branches": []}}, "classes": {"DownloadStatus": {"executed_lines": [], "summary": {"covered_lines": 0, "num_statements": 0, "percent_covered": 100.0, "percent_covered_display": "100.0", "missing_lines": 0, "excluded_lines": 0, "num_branches": 0, "num_partial_branches": 0, "covered_branches": 0, "missing_branches": 0}, "missing_lines": [], "excluded_lines": [], "executed_branches": [], "missing_branches": []}, "BaseRepository": {"executed_lines": [], "summary": {"covered_lines": 0, "num_statements": 4, "percent_covered": 0.0, "percent_covered_display": "0.0", "missing_lines": 4, "excluded_lines": 0, "num_branches": 0, "num_partial_branches": 0, "covered_branches": 0, "missing_branches": 0}, "missing_lines": [36, 41, 46, 51], "excluded_lines": [], "executed_branches": [], "missing_branches": []}, "ExcelRepository": {"executed_lines": [58, 59, 64, 66, 67, 68, 69, 70, 71, 72, 73, 76, 78, 87, 88, 89, 90, 91, 92, 93, 97, 105, 106, 107, 108, 113], "summary": {"covered_lines": 26, "num_statements": 44, "percent_covered": 56.0, "percent_covered_display": "56.0", "missing_lines": 18, "excluded_lines": 0, "num_branches": 6, "num_partial_branches": 2, "covered_branches": 2, "missing_branches": 4}, "missing_lines": [77, 79, 80, 94, 98, 99, 117, 118, 119, 120, 121, 126, 127, 128, 129, 130, 131, 132], "excluded_lines": [], "executed_branches": [[76, 78], [93, 97]], "missing_branches": [[76, 77], [93, 94], [126, 127], [126, 129]]}, "FeatherRepository": {"executed_lines": [139, 140, 145, 147, 148, 151, 153, 154, 155, 156, 163, 164, 165, 168, 169, 178, 179, 180, 183, 189, 190, 191, 194, 195, 196, 205, 206, 207, 209], "summary": {"covered_lines": 29, "num_statements": 38, "percent_covered": 75.0, "percent_covered_display": "75.0", "missing_lines": 9, "excluded_lines": 0, "num_branches": 6, "num_partial_branches": 2, "covered_branches": 4, "missing_branches": 2}, "missing_lines": [170, 171, 172, 184, 185, 197, 198, 199, 200], "excluded_lines": [], "executed_branches": [[168, 169], [194, 195], [206, 207], [206, 209]], "missing_branches": [[168, 170], [194, 197]]}, "DownloadTracker": {"executed_lines": [216, 217, 218, 221, 222, 223, 226, 227, 228, 232, 233, 234, 235, 242, 244, 246, 253, 254, 255, 256, 263, 264, 267, 274, 275, 276, 277, 284, 285, 288, 302, 303, 305, 308, 311, 314, 315, 316, 318, 321, 322, 323, 325, 328, 331, 350, 351, 352, 354, 355, 356, 357, 360, 362, 365, 377, 378, 380, 381, 382, 384, 386, 388, 391, 403, 404, 405, 408, 409, 410, 428, 429, 431, 434, 435, 441, 442, 443, 447, 448, 449, 450, 452, 453, 454, 460, 461, 465, 466, 467, 468, 469, 470, 471, 479, 480, 484, 485, 486, 487, 488, 494, 495], "summary": {"covered_lines": 103, "num_statements": 147, "percent_covered": 64.73429951690821, "percent_covered_display": "64.7", "missing_lines": 44, "excluded_lines": 0, "num_branches": 60, "num_partial_branches": 23, "covered_branches": 31, "missing_branches": 29}, "missing_lines": [243, 247, 248, 249, 265, 268, 269, 270, 286, 289, 290, 291, 329, 332, 333, 339, 358, 363, 366, 367, 373, 389, 392, 393, 399, 413, 414, 415, 416, 418, 419, 420, 422, 423, 424, 432, 436, 437, 457, 458, 474, 475, 491, 492], "excluded_lines": [], "executed_branches": [[234, 235], [234, 246], [242, 244], [255, 256], [255, 267], [263, 264], [276, 277], [276, 288], [284, 285], [303, 305], [314, 315], [318, 321], [328, 331], [351, 352], [355, 356], [357, 360], [362, 365], [380, 381], [388, 391], [404, 405], [404, 408], [409, 410], [431, 434], [448, 449], [452, 453], [460, 461], [466, 467], [469, 470], [479, 480], [485, 486], [494, 495]], "missing_branches": [[242, 243], [263, 265], [284, 286], [303, 311], [314, 325], [318, 314], [328, 329], [351, 354], [355, 357], [357, 358], [362, 363], [380, 384], [388, 389], [409, 413], [414, 415], [414, 422], [416, 418], [416, 422], [419, 420], [419, 422], [431, 432], [448, 460], [452, 454], [460, -445], [466, 479], [469, 471], [479, -463], [485, 494], [494, -482]]}, "DataManager": {"executed_lines": [502, 503, 506, 507, 510, 516, 517, 520, 522, 524, 526, 558, 559, 563, 567, 571, 584], "summary": {"covered_lines": 17, "num_statements": 22, "percent_covered": 75.0, "percent_covered_display": "75.0", "missing_lines": 5, "excluded_lines": 0, "num_branches": 2, "num_partial_branches": 1, "covered_branches": 1, "missing_branches": 1}, "missing_lines": [535, 542, 543, 544, 546], "excluded_lines": [], "executed_branches": [[522, 524]], "missing_branches": [[522, 535]]}, "": {"executed_lines": [3, 4, 5, 6, 7, 9, 12, 13, 14, 17, 18, 19, 21, 22, 23, 24, 25, 26, 27, 30, 31, 33, 34, 38, 39, 43, 44, 48, 49, 54, 55, 57, 61, 62, 84, 85, 103, 115, 135, 136, 138, 142, 143, 160, 161, 176, 187, 202, 212, 213, 215, 230, 251, 272, 293, 341, 375, 401, 426, 439, 445, 463, 482, 498, 499, 501, 512, 554, 561, 565, 569, 582], "summary": {"covered_lines": 66, "num_statements": 66, "percent_covered": 100.0, "percent_covered_display": "100.0", "missing_lines": 0, "excluded_lines": 0, "num_branches": 0, "num_partial_branches": 0, "covered_branches": 0, "missing_branches": 0}, "missing_lines": [], "excluded_lines": [], "executed_branches": [], "missing_branches": []}}}, "src/data/record_depth.py": {"executed_lines": [], "summary": {"covered_lines": 0, "num_statements": 0, "percent_covered": 100.0, "percent_covered_display": "100.0", "missing_lines": 0, "excluded_lines": 0, "num_branches": 0, "num_partial_branches": 0, "covered_branches": 0, "missing_branches": 0}, "missing_lines": [], "excluded_lines": [], "executed_branches": [], "missing_branches": [], "functions": {"": {"executed_lines": [], "summary": {"covered_lines": 0, "num_statements": 0, "percent_covered": 100.0, "percent_covered_display": "100.0", "missing_lines": 0, "excluded_lines": 0, "num_branches": 0, "num_partial_branches": 0, "covered_branches": 0, "missing_branches": 0}, "missing_lines": [], "excluded_lines": [], "executed_branches": [], "missing_branches": []}}, "classes": {"": {"executed_lines": [], "summary": {"covered_lines": 0, "num_statements": 0, "percent_covered": 100.0, "percent_covered_display": "100.0", "missing_lines": 0, "excluded_lines": 0, "num_branches": 0, "num_partial_branches": 0, "covered_branches": 0, "missing_branches": 0}, "missing_lines": [], "excluded_lines": [], "executed_branches": [], "missing_branches": []}}}, "src/domain/__init__.py": {"executed_lines": [1, 3, 26], "summary": {"covered_lines": 2, "num_statements": 2, "percent_covered": 100.0, "percent_covered_display": "100.0", "missing_lines": 0, "excluded_lines": 0, "num_branches": 0, "num_partial_branches": 0, "covered_branches": 0, "missing_branches": 0}, "missing_lines": [], "excluded_lines": [], "executed_branches": [], "missing_branches": [], "functions": {"": {"executed_lines": [1, 3, 26], "summary": {"covered_lines": 2, "num_statements": 2, "percent_covered": 100.0, "percent_covered_display": "100.0", "missing_lines": 0, "excluded_lines": 0, "num_branches": 0, "num_partial_branches": 0, "covered_branches": 0, "missing_branches": 0}, "missing_lines": [], "excluded_lines": [], "executed_branches": [], "missing_branches": []}}, "classes": {"": {"executed_lines": [1, 3, 26], "summary": {"covered_lines": 2, "num_statements": 2, "percent_covered": 100.0, "percent_covered_display": "100.0", "missing_lines": 0, "excluded_lines": 0, "num_branches": 0, "num_partial_branches": 0, "covered_branches": 0, "missing_branches": 0}, "missing_lines": [], "excluded_lines": [], "executed_branches": [], "missing_branches": []}}}, "src/domain/ml_types.py": {"executed_lines": [1, 8, 10, 11, 12, 13, 17, 18, 20, 21, 22, 25, 26, 28, 29, 30, 31, 35, 36, 38, 39, 40, 41, 44, 45, 47, 48, 49, 50, 54, 55, 56, 58, 59, 60, 61, 62, 63, 66, 67, 68, 69, 70, 72, 73, 74, 80, 81, 82, 84, 85, 86, 87, 88, 89, 92, 93, 95, 96, 97, 98, 99, 100, 104, 105, 107, 108, 109, 110, 113, 114, 115, 117, 118, 119, 120, 121, 125, 126, 128, 129, 130, 131, 132, 135, 136, 138, 139, 140, 141, 144, 145, 146, 148, 149, 150, 151, 154, 155, 156, 158, 159, 160, 161, 164, 165, 167, 168, 169, 170, 171, 172, 173, 174, 178, 179, 181, 182, 185, 186, 188, 189, 190, 191, 194, 195, 197, 198, 199, 200, 201, 204, 205, 206, 208, 209, 210, 211, 212, 213, 216, 217, 219, 220, 221, 222, 225, 226, 228, 229, 230, 231, 235], "summary": {"covered_lines": 129, "num_statements": 129, "percent_covered": 100.0, "percent_covered_display": "100.0", "missing_lines": 0, "excluded_lines": 5, "num_branches": 0, "num_partial_branches": 0, "covered_branches": 0, "missing_branches": 0}, "missing_lines": [], "excluded_lines": [72, 73, 74, 75, 76], "executed_branches": [], "missing_branches": [], "functions": {"MLTradingSignal.__post_init__": {"executed_lines": [73, 74], "summary": {"covered_lines": 0, "num_statements": 0, "percent_covered": 100.0, "percent_covered_display": "100.0", "missing_lines": 0, "excluded_lines": 4, "num_branches": 0, "num_partial_branches": 0, "covered_branches": 0, "missing_branches": 0}, "missing_lines": [], "excluded_lines": [73, 74, 75, 76], "executed_branches": [], "missing_branches": []}, "": {"executed_lines": [1, 8, 10, 11, 12, 13, 17, 18, 20, 21, 22, 25, 26, 28, 29, 30, 31, 35, 36, 38, 39, 40, 41, 44, 45, 47, 48, 49, 50, 54, 55, 56, 58, 59, 60, 61, 62, 63, 66, 67, 68, 69, 70, 72, 80, 81, 82, 84, 85, 86, 87, 88, 89, 92, 93, 95, 96, 97, 98, 99, 100, 104, 105, 107, 108, 109, 110, 113, 114, 115, 117, 118, 119, 120, 121, 125, 126, 128, 129, 130, 131, 132, 135, 136, 138, 139, 140, 141, 144, 145, 146, 148, 149, 150, 151, 154, 155, 156, 158, 159, 160, 161, 164, 165, 167, 168, 169, 170, 171, 172, 173, 174, 178, 179, 181, 182, 185, 186, 188, 189, 190, 191, 194, 195, 197, 198, 199, 200, 201, 204, 205, 206, 208, 209, 210, 211, 212, 213, 216, 217, 219, 220, 221, 222, 225, 226, 228, 229, 230, 231, 235], "summary": {"covered_lines": 129, "num_statements": 129, "percent_covered": 100.0, "percent_covered_display": "100.0", "missing_lines": 0, "excluded_lines": 1, "num_branches": 0, "num_partial_branches": 0, "covered_branches": 0, "missing_branches": 0}, "missing_lines": [], "excluded_lines": [72], "executed_branches": [], "missing_branches": []}}, "classes": {"SignalType": {"executed_lines": [], "summary": {"covered_lines": 0, "num_statements": 0, "percent_covered": 100.0, "percent_covered_display": "100.0", "missing_lines": 0, "excluded_lines": 0, "num_branches": 0, "num_partial_branches": 0, "covered_branches": 0, "missing_branches": 0}, "missing_lines": [], "excluded_lines": [], "executed_branches": [], "missing_branches": []}, "SignalStatus": {"executed_lines": [], "summary": {"covered_lines": 0, "num_statements": 0, "percent_covered": 100.0, "percent_covered_display": "100.0", "missing_lines": 0, "excluded_lines": 0, "num_branches": 0, "num_partial_branches": 0, "covered_branches": 0, "missing_branches": 0}, "missing_lines": [], "excluded_lines": [], "executed_branches": [], "missing_branches": []}, "SizingMode": {"executed_lines": [], "summary": {"covered_lines": 0, "num_statements": 0, "percent_covered": 100.0, "percent_covered_display": "100.0", "missing_lines": 0, "excluded_lines": 0, "num_branches": 0, "num_partial_branches": 0, "covered_branches": 0, "missing_branches": 0}, "missing_lines": [], "excluded_lines": [], "executed_branches": [], "missing_branches": []}, "RiskLevel": {"executed_lines": [], "summary": {"covered_lines": 0, "num_statements": 0, "percent_covered": 100.0, "percent_covered_display": "100.0", "missing_lines": 0, "excluded_lines": 0, "num_branches": 0, "num_partial_branches": 0, "covered_branches": 0, "missing_branches": 0}, "missing_lines": [], "excluded_lines": [], "executed_branches": [], "missing_branches": []}, "MLTradingSignal": {"executed_lines": [73, 74], "summary": {"covered_lines": 0, "num_statements": 0, "percent_covered": 100.0, "percent_covered_display": "100.0", "missing_lines": 0, "excluded_lines": 4, "num_branches": 0, "num_partial_branches": 0, "covered_branches": 0, "missing_branches": 0}, "missing_lines": [], "excluded_lines": [73, 74, 75, 76], "executed_branches": [], "missing_branches": []}, "SignalExecution": {"executed_lines": [], "summary": {"covered_lines": 0, "num_statements": 0, "percent_covered": 100.0, "percent_covered_display": "100.0", "missing_lines": 0, "excluded_lines": 0, "num_branches": 0, "num_partial_branches": 0, "covered_branches": 0, "missing_branches": 0}, "missing_lines": [], "excluded_lines": [], "executed_branches": [], "missing_branches": []}, "ExecutionReport": {"executed_lines": [], "summary": {"covered_lines": 0, "num_statements": 0, "percent_covered": 100.0, "percent_covered_display": "100.0", "missing_lines": 0, "excluded_lines": 0, "num_branches": 0, "num_partial_branches": 0, "covered_branches": 0, "missing_branches": 0}, "missing_lines": [], "excluded_lines": [], "executed_branches": [], "missing_branches": []}, "RiskAssessment": {"executed_lines": [], "summary": {"covered_lines": 0, "num_statements": 0, "percent_covered": 100.0, "percent_covered_display": "100.0", "missing_lines": 0, "excluded_lines": 0, "num_branches": 0, "num_partial_branches": 0, "covered_branches": 0, "missing_branches": 0}, "missing_lines": [], "excluded_lines": [], "executed_branches": [], "missing_branches": []}, "PositionSizeResult": {"executed_lines": [], "summary": {"covered_lines": 0, "num_statements": 0, "percent_covered": 100.0, "percent_covered_display": "100.0", "missing_lines": 0, "excluded_lines": 0, "num_branches": 0, "num_partial_branches": 0, "covered_branches": 0, "missing_branches": 0}, "missing_lines": [], "excluded_lines": [], "executed_branches": [], "missing_branches": []}, "MetricType": {"executed_lines": [], "summary": {"covered_lines": 0, "num_statements": 0, "percent_covered": 100.0, "percent_covered_display": "100.0", "missing_lines": 0, "excluded_lines": 0, "num_branches": 0, "num_partial_branches": 0, "covered_branches": 0, "missing_branches": 0}, "missing_lines": [], "excluded_lines": [], "executed_branches": [], "missing_branches": []}, "AlertSeverity": {"executed_lines": [], "summary": {"covered_lines": 0, "num_statements": 0, "percent_covered": 100.0, "percent_covered_display": "100.0", "missing_lines": 0, "excluded_lines": 0, "num_branches": 0, "num_partial_branches": 0, "covered_branches": 0, "missing_branches": 0}, "missing_lines": [], "excluded_lines": [], "executed_branches": [], "missing_branches": []}, "PerformanceMetric": {"executed_lines": [], "summary": {"covered_lines": 0, "num_statements": 0, "percent_covered": 100.0, "percent_covered_display": "100.0", "missing_lines": 0, "excluded_lines": 0, "num_branches": 0, "num_partial_branches": 0, "covered_branches": 0, "missing_branches": 0}, "missing_lines": [], "excluded_lines": [], "executed_branches": [], "missing_branches": []}, "Alert": {"executed_lines": [], "summary": {"covered_lines": 0, "num_statements": 0, "percent_covered": 100.0, "percent_covered_display": "100.0", "missing_lines": 0, "excluded_lines": 0, "num_branches": 0, "num_partial_branches": 0, "covered_branches": 0, "missing_branches": 0}, "missing_lines": [], "excluded_lines": [], "executed_branches": [], "missing_branches": []}, "ModelPerformanceReport": {"executed_lines": [], "summary": {"covered_lines": 0, "num_statements": 0, "percent_covered": 100.0, "percent_covered_display": "100.0", "missing_lines": 0, "excluded_lines": 0, "num_branches": 0, "num_partial_branches": 0, "covered_branches": 0, "missing_branches": 0}, "missing_lines": [], "excluded_lines": [], "executed_branches": [], "missing_branches": []}, "OrderAction": {"executed_lines": [], "summary": {"covered_
[...]
t_covered_display": "100.0", "missing_lines": 0, "excluded_lines": 0, "num_branches": 0, "num_partial_branches": 0, "covered_branches": 0, "missing_branches": 0}, "missing_lines": [], "excluded_lines": [], "executed_branches": [], "missing_branches": []}, "ModelPerformanceReport.generate_summary": {"executed_lines": [], "summary": {"covered_lines": 0, "num_statements": 1, "percent_covered": 0.0, "percent_covered_display": "0.0", "missing_lines": 1, "excluded_lines": 0, "num_branches": 0, "num_partial_branches": 0, "covered_branches": 0, "missing_branches": 0}, "missing_lines": [154], "excluded_lines": [], "executed_branches": [], "missing_branches": []}, "MLPerformanceMonitor.__init__": {"executed_lines": [187, 188, 189, 192, 193, 194, 197, 198, 201, 204, 207, 210, 213, 216, 217, 220, 221, 222, 225], "summary": {"covered_lines": 19, "num_statements": 19, "percent_covered": 100.0, "percent_covered_display": "100.0", "missing_lines": 0, "excluded_lines": 0, "num_branches": 0, "num_partial_branches": 0, "covered_branches": 0, "missing_branches": 0}, "missing_lines": [], "excluded_lines": [], "executed_branches": [], "missing_branches": []}, "MLPerformanceMonitor.start_monitoring": {"executed_lines": [], "summary": {"covered_lines": 0, "num_statements": 6, "percent_covered": 0.0, "percent_covered_display": "0.0", "missing_lines": 6, "excluded_lines": 0, "num_branches": 2, "num_partial_branches": 0, "covered_branches": 0, "missing_branches": 2}, "missing_lines": [229, 230, 232, 233, 234, 235], "excluded_lines": [], "executed_branches": [], "missing_branches": [[229, 230], [229, 232]]}, "MLPerformanceMonitor.stop_monitoring": {"executed_lines": [], "summary": {"covered_lines": 0, "num_statements": 4, "percent_covered": 0.0, "percent_covered_display": "0.0", "missing_lines": 4, "excluded_lines": 0, "num_branches": 2, "num_partial_branches": 0, "covered_branches": 0, "missing_branches": 2}, "missing_lines": [239, 240, 241, 242], "excluded_lines": [], "executed_branches": [], "missing_branches": [[240, 241], [240, 242]]}, "MLPerformanceMonitor._monitor_loop": {"executed_lines": [], "summary": {"covered_lines": 0, "num_statements": 8, "percent_covered": 0.0, "percent_covered_display": "0.0", "missing_lines": 8, "excluded_lines": 0, "num_branches": 2, "num_partial_branches": 0, "covered_branches": 0, "missing_branches": 2}, "missing_lines": [246, 247, 248, 249, 250, 251, 252, 253], "excluded_lines": [], "executed_branches": [], "missing_branches": [[246, -244], [246, 247]]}, "MLPerformanceMonitor.record_signal_generated": {"executed_lines": [258, 259, 261, 271, 272, 273, 279, 280, 285, 286, 289, 297], "summary": {"covered_lines": 12, "num_statements": 14, "percent_covered": 83.33333333333333, "percent_covered_display": "83.3", "missing_lines": 2, "excluded_lines": 0, "num_branches": 4, "num_partial_branches": 1, "covered_branches": 3, "missing_branches": 1}, "missing_lines": [299, 300], "excluded_lines": [], "executed_branches": [[272, 273], [285, 286], [285, 289]], "missing_branches": [[272, 279]]}, "MLPerformanceMonitor.record_execution_quality": {"executed_lines": [307, 308, 310, 311, 312, 317, 325, 332, 340, 350, 360, 364, 365], "summary": {"covered_lines": 13, "num_statements": 15, "percent_covered": 76.19047619047619, "percent_covered_display": "76.2", "missing_lines": 2, "excluded_lines": 0, "num_branches": 6, "num_partial_branches": 3, "covered_branches": 3, "missing_branches": 3}, "missing_lines": [341, 351], "excluded_lines": [], "executed_branches": [[310, 311], [340, 350], [350, 360]], "missing_branches": [[310, 317], [340, 341], [350, 351]]}, "MLPerformanceMonitor.record_position_pnl": {"executed_lines": [370, 371, 372, 373, 374, 375, 378, 379, 381, 382, 391], "summary": {"covered_lines": 11, "num_statements": 13, "percent_covered": 73.6842105263158, "percent_covered_display": "73.7", "missing_lines": 2, "excluded_lines": 0, "num_branches": 6, "num_partial_branches": 3, "covered_branches": 3, "missing_branches": 3}, "missing_lines": [393, 394], "excluded_lines": [], "executed_branches": [[372, 373], [374, 375], [381, 382]], "missing_branches": [[372, 378], [374, 378], [381, 391]]}, "MLPerformanceMonitor._record_metric": {"executed_lines": [406, 417, 418], "summary": {"covered_lines": 3, "num_statements": 3, "percent_covered": 100.0, "percent_covered_display": "100.0", "missing_lines": 0, "excluded_lines": 0, "num_branches": 0, "num_partial_branches": 0, "covered_branches": 0, "missing_branches": 0}, "missing_lines": [], "excluded_lines": [], "executed_branches": [], "missing_branches": []}, "MLPerformanceMonitor._create_alert": {"executed_lines": [429, 439, 442, 449], "summary": {"covered_lines": 4, "num_statements": 8, "percent_covered": 50.0, "percent_covered_display": "50.0", "missing_lines": 4, "excluded_lines": 0, "num_branches": 2, "num_partial_branches": 1, "covered_branches": 1, "missing_branches": 1}, "missing_lines": [443, 444, 445, 446], "excluded_lines": [], "executed_branches": [[442, 449]], "missing_branches": [[442, 443]]}, "MLPerformanceMonitor._update_dashboard": {"executed_lines": [460, 461, 464, 465, 466, 471, 472, 481, 484, 502], "summary": {"covered_lines": 10, "num_statements": 12, "percent_covered": 81.25, "percent_covered_display": "81.2", "missing_lines": 2, "excluded_lines": 0, "num_branches": 4, "num_partial_branches": 1, "covered_branches": 3, "missing_branches": 1}, "missing_lines": [504, 505], "excluded_lines": [], "executed_branches": [[465, 466], [465, 481], [471, 472]], "missing_branches": [[471, 465]]}, "MLPerformanceMonitor._determine_system_status": {"executed_lines": [509, 512, 513, 517, 518, 519, 521, 522, 524], "summary": {"covered_lines": 9, "num_statements": 10, "percent_covered": 87.5, "percent_covered_display": "87.5", "missing_lines": 1, "excluded_lines": 0, "num_branches": 6, "num_partial_branches": 1, "covered_branches": 5, "missing_branches": 1}, "missing_lines": [520], "excluded_lines": [], "executed_branches": [[517, 518], [517, 519], [519, 521], [521, 522], [521, 524]], "missing_branches": [[519, 520]]}, "MLPerformanceMonitor._get_strategy_summary": {"executed_lines": [528, 530, 539], "summary": {"covered_lines": 3, "num_statements": 6, "percent_covered": 40.0, "percent_covered_display": "40.0", "missing_lines": 3, "excluded_lines": 0, "num_branches": 4, "num_partial_branches": 1, "covered_branches": 1, "missing_branches": 3}, "missing_lines": [531, 532, 533], "excluded_lines": [], "executed_branches": [[530, 539]], "missing_branches": [[530, 531], [531, 530], [531, 532]]}, "MLPerformanceMonitor._get_model_summary": {"executed_lines": [543, 545, 548], "summary": {"covered_lines": 3, "num_statements": 4, "percent_covered": 66.66666666666667, "percent_covered_display": "66.7", "missing_lines": 1, "excluded_lines": 0, "num_branches": 2, "num_partial_branches": 1, "covered_branches": 1, "missing_branches": 1}, "missing_lines": [546], "excluded_lines": [], "executed_branches": [[545, 548]], "missing_branches": [[545, 546]]}, "MLPerformanceMonitor._check_alert_conditions": {"executed_lines": [], "summary": {"covered_lines": 0, "num_statements": 9, "percent_covered": 0.0, "percent_covered_display": "0.0", "missing_lines": 9, "excluded_lines": 0, "num_branches": 4, "num_partial_branches": 0, "covered_branches": 0, "missing_branches": 4}, "missing_lines": [552, 553, 556, 557, 563, 564, 572, 574, 575], "excluded_lines": [], "executed_branches": [], "missing_branches": [[556, 557], [556, 572], [563, 564], [563, 572]]}, "MLPerformanceMonitor._check_metric_anomalies": {"executed_lines": [579, 580, 581, 584, 588, 589, 590, 595, 596, 597, 599, 600], "summary": {"covered_lines": 12, "num_statements": 15, "percent_covered": 72.0, "percent_covered_display": "72.0", "missing_lines": 3, "excluded_lines": 0, "num_branches": 10, "num_partial_branches": 4, "covered_branches": 6, "missing_branches": 4}, "missing_lines": [582, 607, 608], "excluded_lines": [], "executed_branches": [[580, -577], [580, 581], [581, 584], [588, 589], [595, 596], [599, 600]], "missing_branches": [[581, 582], [588, 580], [595, 580], [599, 580]]}, "MLPerformanceMonitor.generate_model_report": {"executed_lines": [618, 619, 620, 623, 624, 625, 626, 631, 633, 664, 665, 674, 679, 681, 682, 684, 685, 686, 689, 695, 700, 705, 712, 713, 716, 721, 724, 727, 729], "summary": {"covered_lines": 29, "num_statements": 33, "percent_covered": 84.61538461538461, "percent_covered_display": "84.6", "missing_lines": 4, "excluded_lines": 0, "num_branches": 6, "num_partial_branches": 2, "covered_branches": 4, "missing_branches": 2}, "missing_lines": [635, 762, 763, 764], "excluded_lines": [], "executed_branches": [[624, 625], [624, 633], [626, 631], [633, 664]], "missing_branches": [[626, 624], [633, 635]]}, "MLPerformanceMonitor.get_dashboard_data": {"executed_lines": [769, 772], "summary": {"covered_lines": 2, "num_statements": 3, "percent_covered": 60.0, "percent_covered_display": "60.0", "missing_lines": 1, "excluded_lines": 0, "num_branches": 2, "num_partial_branches": 1, "covered_branches": 1, "missing_branches": 1}, "missing_lines": [770], "excluded_lines": [], "executed_branches": [[769, 772]], "missing_branches": [[769, 770]]}, "MLPerformanceMonitor.get_recent_alerts": {"executed_lines": [778, 780, 783], "summary": {"covered_lines": 3, "num_statements": 4, "percent_covered": 66.66666666666667, "percent_covered_display": "66.7", "missing_lines": 1, "excluded_lines": 0, "num_branches": 2, "num_partial_branches": 1, "covered_branches": 1, "missing_branches": 1}, "missing_lines": [781], "excluded_lines": [], "executed_branches": [[780, 783]], "missing_branches": [[780, 781]]}, "MLPerformanceMonitor.acknowledge_alert": {"executed_lines": [787, 788, 789, 790, 792, 793], "summary": {"covered_lines": 6, "num_statements": 8, "percent_covered": 71.42857142857143, "percent_covered_display": "71.4", "missing_lines": 2, "excluded_lines": 0, "num_branches": 6, "num_partial_branches": 2, "covered_branches": 4, "missing_branches": 2}, "missing_lines": [791, 794], "excluded_lines": [], "executed_branches": [[787, 788], [788, 787], [788, 789], [790, 792]], "missing_branches": [[787, 794], [790, 791]]}, "MLPerformanceMonitor.resolve_alert": {"executed_lines": [798, 799, 800, 801, 802, 803], "summary": {"covered_lines": 6, "num_statements": 7, "percent_covered": 81.81818181818181, "percent_covered_display": "81.8", "missing_lines": 1, "excluded_lines": 0, "num_branches": 4, "num_partial_branches": 1, "covered_branches": 3, "missing_branches": 1}, "missing_lines": [804], "excluded_lines": [], "executed_branches": [[798, 799], [799, 798], [799, 800]], "missing_branches": [[798, 804]]}, "MLPerformanceMonitor.add_alert_handler": {"executed_lines": [], "summary": {"covered_lines": 0, "num_statements": 1, "percent_covered": 0.0, "percent_covered_display": "0.0", "missing_lines": 1, "excluded_lines": 0, "num_branches": 0, "num_partial_branches": 0, "covered_branches": 0, "missing_branches": 0}, "missing_lines": [808], "excluded_lines": [], "executed_branches": [], "missing_branches": []}, "MLPerformanceMonitor.save_performance_data": {"executed_lines": [812, 814, 815, 816, 817, 829, 830, 831, 832, 834, 835, 843, 844], "summary": {"covered_lines": 13, "num_statements": 19, "percent_covered": 70.37037037037037, "percent_covered_display": "70.4", "missing_lines": 6, "excluded_lines": 0, "num_branches": 8, "num_partial_branches": 2, "covered_branches": 6, "missing_branches": 2}, "missing_lines": [845, 846, 847, 849, 856, 857], "excluded_lines": [], "executed_branches": [[815, 816], [815, 829], [816, 815], [816, 817], [829, 830], [844, -810]], "missing_branches": [[829, 843], [844, 845]]}, "create_ml_performance_monitor": {"executed_lines": [], "summary": {"covered_lines": 0, "num_statements": 3, "percent_covered": 0.0, "percent_covered_display": "0.0", "missing_lines": 3, "excluded_lines": 0, "num_branches": 0, "num_partial_branches": 0, "covered_branches": 0, "missing_branches": 0}, "missing_lines": [863, 864, 865], "excluded_lines": [], "executed_branches": [], "missing_branches": []}, "": {"executed_lines": [2, 15, 16, 17, 18, 19, 20, 21, 22, 23, 24, 25, 26, 27, 28, 30, 31, 34, 36, 37, 38, 39, 40, 45, 46, 48, 49, 50, 51, 54, 55, 57, 58, 59, 60, 61, 62, 65, 66, 67, 69, 70, 71, 72, 73, 74, 77, 78, 79, 80, 83, 84, 85, 87, 92, 93, 94, 96, 97, 98, 99, 102, 103, 104, 107, 108, 109, 112, 113, 114, 116, 117, 118, 121, 122, 123, 126, 127, 128, 129, 130, 131, 134, 135, 136, 137, 138, 139, 140, 143, 144, 145, 148, 149, 150, 152, 183, 184, 186, 227, 237, 244, 255, 256, 302, 303, 367, 368, 396, 420, 458, 507, 526, 541, 550, 577, 610, 611, 766, 774, 785, 796, 806, 810, 861, 868], "summary": {"covered_lines": 118, "num_statements": 118, "percent_covered": 100.0, "percent_covered_display": "100.0", "missing_lines": 0, "excluded_lines": 15, "num_branches": 0, "num_partial_branches": 0, "covered_branches": 0, "missing_branches": 0}, "missing_lines": [], "excluded_lines": [868, 870, 871, 873, 874, 876, 877, 878, 879, 882, 883, 884, 886, 887, 888], "executed_branches": [], "missing_branches": []}}, "classes": {"AlertSeverity": {"executed_lines": [], "summary": {"covered_lines": 0, "num_statements": 0, "percent_covered": 100.0, "percent_covered_display": "100.0", "missing_lines": 0, "excluded_lines": 0, "num_branches": 0, "num_partial_branches": 0, "covered_branches": 0, "missing_branches": 0}, "missing_lines": [], "excluded_lines": [], "executed_branches": [], "missing_branches": []}, "MetricType": {"executed_lines": [], "summary": {"covered_lines": 0, "num_statements": 0, "percent_covered": 100.0, "percent_covered_display": "100.0", "missing_lines": 0, "excluded_lines": 0, "num_branches": 0, "num_partial_branches": 0, "covered_branches": 0, "missing_branches": 0}, "missing_lines": [], "excluded_lines": [], "executed_branches": [], "missing_branches": []}, "Alert": {"executed_lines": [89], "summary": {"covered_lines": 1, "num_statements": 1, "percent_covered": 100.0, "percent_covered_display": "100.0", "missing_lines": 0, "excluded_lines": 0, "num_branches": 0, "num_partial_branches": 0, "covered_branches": 0, "missing_branches": 0}, "missing_lines": [], "excluded_lines": [], "executed_branches": [], "missing_branches": []}, "PerformanceMetric": {"executed_lines": [], "summary": {"covered_lines": 0, "num_statements": 0, "percent_covered": 100.0, "percent_covered_display": "100.0", "missing_lines": 0, "excluded_lines": 0, "num_branches": 0, "num_partial_branches": 0, "covered_branches": 0, "missing_branches": 0}, "missing_lines": [], "excluded_lines": [], "executed_branches": [], "missing_branches": []}, "ModelPerformanceReport": {"executed_lines": [], "summary": {"covered_lines": 0, "num_statements": 1, "percent_covered": 0.0, "percent_covered_display": "0.0", "missing_lines": 1, "excluded_lines": 0, "num_branches": 0, "num_partial_branches": 0, "covered_branches": 0, "missing_branches": 0}, "missing_lines": [154], "excluded_lines": [], "executed_branches": [], "missing_branches": []}, "MLPerformanceMonitor": {"executed_lines": [187, 188, 189, 192, 193, 194, 197, 198, 201, 204, 207, 210, 213, 216, 217, 220, 221, 222, 225, 258, 259, 261, 271, 272, 273, 279, 280, 285, 286, 289, 297, 307, 308, 310, 311, 312, 317, 325, 332, 340, 350, 360, 364, 365, 370, 371, 372, 373, 374, 375, 378, 379, 381, 382, 391, 406, 417, 418, 429, 439, 442, 449, 460, 461, 464, 465, 466, 471, 472, 481, 484, 502, 509, 512, 513, 517, 518, 519, 521, 522, 524, 528, 530, 539, 543, 545, 548, 579, 580, 581, 584, 588, 589, 590, 595, 596, 597, 599, 600, 618, 619, 620, 623, 624, 625, 626, 631, 633, 664, 665, 674, 679, 681, 682, 684, 685, 686, 689, 695, 700, 705, 712, 713, 716, 721, 724, 727, 729, 769, 772, 778, 780, 783, 787, 788, 789, 790, 792, 793, 798, 799, 800, 801, 802, 803, 812, 814, 815, 816, 817, 829, 830, 831, 832, 834, 835, 843, 844], "summary": {"covered_lines": 158, "num_statements": 221, "percent_covered": 66.996699669967, "percent_covered_display": "67.0", "missing_lines": 63, "excluded_lines": 0, "num_branches": 82, "num_partial_branches": 25, "covered_branches": 45, "missing_branches": 37}, "missing_lines": [229, 230, 232, 233, 234, 235, 239, 240, 241, 242, 246, 247, 248, 249, 250, 251, 252, 253, 299, 300, 341, 351, 393, 394, 443, 444, 445, 446, 504, 505, 520, 531, 532, 533, 546, 552, 553, 556, 557, 563, 564, 572, 574, 575, 582, 607, 608, 635, 762, 763, 764, 770, 781, 791, 794, 804, 808, 845, 846, 847, 849, 856, 857], "excluded_lines": [], "executed_branches": [[272, 273], [285, 286], [285, 289], [310, 311], [340, 350], [350, 360], [372, 373], [374, 375], [381, 382], [442, 449], [465, 466], [465, 481], [471, 472], [517, 518], [517, 519], [519, 521], [521, 522], [521, 524], [530, 539], [545, 548], [580, -577], [580, 581], [581, 584], [588, 589], [595, 596], [599, 600], [624, 625], [624, 633], [626, 631], [633, 664], [769, 772], [780, 783], [787, 788], [788, 787], [788, 789], [790, 792], [798, 799], [799, 798], [799, 800], [815, 816], [815, 829], [816, 815], [816, 817], [829, 830], [844, -810]], "missing_branches": [[229, 230], [229, 232], [240, 241], [240, 242], [246, -244], [246, 247], [272, 279], [310, 317], [340, 341], [350, 351], [372, 378], [374, 378], [381, 391], [442, 443], [471, 465], [519, 520], [530, 531], [531, 530], [531, 532], [545, 546], [556, 557], [556, 572], [563, 564], [563, 572], [581, 582], [588, 580], [595, 580], [599, 580], [626, 624], [633, 635], [769, 770], [780, 781], [787, 794], [790, 791], [798, 804], [829, 843], [844, 845]]}, "": {"executed_lines": [2, 15, 16, 17, 18, 19, 20, 21, 22, 23, 24, 25, 26, 27, 28, 30, 31, 34, 36, 37, 38, 39, 40, 45, 46, 48, 49, 50, 51, 54, 55, 57, 58, 59, 60, 61, 62, 65, 66, 67, 69, 70, 71, 72, 73, 74, 77, 78, 79, 80, 83, 84, 85, 87, 92, 93, 94, 96, 97, 98, 99, 102, 103, 104, 107, 108, 109, 112, 113, 114, 116, 117, 118, 121, 122, 123, 126, 127, 128, 129, 130, 131, 134, 135, 136, 137, 138, 139, 140, 143, 144, 145, 148, 149, 150, 152, 183, 184, 186, 227, 237, 244, 255, 256, 302, 303, 367, 368, 396, 420, 458, 507, 526, 541, 550, 577, 610, 611, 766, 774, 785, 796, 806, 810, 861, 868], "summary": {"covered_lines": 118, "num_statements": 121, "percent_covered": 97.52066115702479, "percent_covered_display": "97.5", "missing_lines": 3, "excluded_lines": 15, "num_branches": 0, "num_partial_branches": 0, "covered_branches": 0, "missing_branches": 0}, "missing_lines": [863, 864, 865], "excluded_lines": [868, 870, 871, 873, 874, 876, 877, 878, 879, 882, 883, 884, 886, 887, 888], "executed_branches": [], "missing_branches": []}}}, "src/risk/__init__.py": {"executed_lines": [1, 3, 5], "summary": {"covered_lines": 2, "num_statements": 2, "percent_covered": 100.0, "percent_covered_display": "100.0", "missing_lines": 0, "excluded_lines": 0, "num_branches": 0, "num_partial_branches": 0, "covered_branches": 0, "missing_branches": 0}, "missing_lines": [], "excluded_lines": [], "executed_branches": [], "missing_branches": [], "functions": {"": {"executed_lines": [1, 3, 5], "summary": {"covered_lines": 2, "num_statements": 2, "percent_covered": 100.0, "percent_covered_display": "100.0", "missing_lines": 0, "excluded_lines": 0, "num_branches": 0, "num_partial_branches": 0, "covered_branches": 0, "missing_branches": 0}, "missing_lines": [], "excluded_lines": [], "executed_branches": [], "missing_branches": []}}, "classes": {"": {"executed_lines": [1, 3, 5], "summary": {"covered_lines": 2, "num_statements": 2, "percent_covered": 100.0, "percent_covered_display": "100.0", "missing_lines": 0, "excluded_lines": 0, "num_branches": 0, "num_partial_branches": 0, "covered_branches": 0, "missing_branches": 0}, "missing_lines": [], "excluded_lines": [], "executed_branches": [], "missing_branches": []}}}}, "totals": {"covered_lines": 1330, "num_statements": 1655, "percent_covered": 77.53369945082376, "percent_covered_display": "77.5", "missing_lines": 325, "excluded_lines": 40, "num_branches": 348, "num_partial_branches": 93, "covered_branches": 223, "missing_branches": 125}}